[0mGET /users/profile [36m304[0m 17.485 ms - -[0m
[0mGET /css/layout.css [36m304[0m 9.982 ms - -[0m
[0mGET /css/profile.css [36m304[0m 9.511 ms - -[0m
[0mGET /css/_header.css [36m304[0m 5.093 ms - -[0m
[0mGET /css/_footer.css [36m304[0m 2.152 ms - -[0m
[0mGET /js/profile.js [36m304[0m 2.149 ms - -[0m
[0mGET /js/layout.js [36m304[0m 1.688 ms - -[0m
[0mGET /images/favicon.ico [36m304[0m 1.356 ms - -[0m
[0mGET /users/profile [32m200[0m 136.987 ms - 2097[0m
[0mGET /css/_header.css [36m304[0m 5.960 ms - -[0m
[0mGET /css/layout.css [32m200[0m 69.179 ms - -[0m
[0mGET /js/profile.js [36m304[0m 13.161 ms - -[0m
[0mGET /js/layout.js [36m304[0m 11.663 ms - -[0m
[0mGET /images/favicon.ico [36m304[0m 14.592 ms - -[0m
[0mGET /css/_footer.css [36m304[0m 45.445 ms - -[0m
[0mGET /css/profile.css [32m200[0m 185.841 ms - -[0m
[0mGET /images/favicon.ico [36m304[0m 2.202 ms - -[0m
[0mGET /users/profile [36m304[0m 48.496 ms - -[0m
[0mGET /css/_header.css [36m304[0m 5.716 ms - -[0m
[0mGET /css/layout.css [32m200[0m 27.541 ms - -[0m
[0mGET /css/profile.css [32m200[0m 35.965 ms - 30[0m
[0mGET /css/_footer.css [36m304[0m 2.688 ms - -[0m
[0mGET /js/profile.js [36m304[0m 1.671 ms - -[0m
[0mGET /js/layout.js [36m304[0m 12.900 ms - -[0m
[0mGET /images/favicon.ico [36m304[0m 12.920 ms - -[0m
[0mGET /images/favicon.ico [36m304[0m 2.454 ms - -[0m
[0mGET /users/signin [32m200[0m 534.949 ms - 2681[0m
[0mGET /css/signin.css [32m200[0m 22.248 ms - 1896[0m
[0mGET /css/_header.css [32m200[0m 119.059 ms - 1831[0m
[0mGET /js/layout.js [32m200[0m 6.638 ms - 190[0m
[0mGET /css/_footer.css [32m200[0m 12.504 ms - -[0m
[0mGET /images/favicon.ico [32m200[0m 104.419 ms - 15406[0m
[0mGET /images/google.png [32m200[0m 72.870 ms - 3225[0m
[0mGET /css/layout.css [32m200[0m 792.539 ms - -[0m
[0mGET / [32m200[0m 50.551 ms - 4241[0m
[0mGET /css/layout.css [32m200[0m 7.136 ms - -[0m
[0mGET /images/favicon.ico [36m304[0m 7.248 ms - -[0m
[0mGET /css/_header.css [36m304[0m 19.841 ms - -[0m
[0mGET /css/_footer.css [36m304[0m 3.319 ms - -[0m
[0mGET /images/asset%202.png [32m200[0m 34.497 ms - 310119[0m
[0mGET /js/layout.js [36m304[0m 12.343 ms - -[0m
[0mGET /css/home.css [32m200[0m 64.324 ms - 4864[0m
[0mGET /images/asset%2018.png [32m200[0m 39.602 ms - 246209[0m
[0mGET /images/asset%2021.png [32m200[0m 24.900 ms - 313249[0m
[0mGET /images/asset%2024.png [32m200[0m 13.559 ms - 263399[0m
[0mGET /users/profile [32m200[0m 35.081 ms - 2055[0m
[0mGET /css/layout.css [36m304[0m 3.369 ms - -[0m
[0mGET /css/_header.css [36m304[0m 2.349 ms - -[0m
[0mGET /css/_footer.css [36m304[0m 8.374 ms - -[0m
[0mGET /js/layout.js [36m304[0m 7.510 ms - -[0m
[0mGET /images/favicon.ico [36m304[0m 17.200 ms - -[0m
[0mGET /js/profile.js [32m200[0m 21.421 ms - 1717[0m
[0mGET /css/profile.css [32m200[0m 102.942 ms - -[0m
[0mGET /users/show_all_notes [32m200[0m 82.351 ms - 1646[0m
[0mGET /users/show_single_notes/Soumyadeep%20Paul_April%2022_B_Creating%20user%20APIs%20(aki-tvpm-rhh%20%C3%A2%C2%80%C2%93%2024%20Nov%202022).pdf_1675265874560 [32m200[0m 86.264 ms - 2418[0m
[0mGET /css/layout.css [36m304[0m 10.214 ms - -[0m
[0mGET /css/notes.css [32m200[0m 10.389 ms - -[0m
[0mGET /css/_header.css [36m304[0m 6.463 ms - -[0m
[0mGET /css/_footer.css [36m304[0m 2.442 ms - -[0m
[0mGET /js/notes.js [32m200[0m 5.641 ms - 2660[0m
[0mGET /js/layout.js [36m304[0m 1.335 ms - -[0m
[0mGET /images/favicon.ico [36m304[0m 2.447 ms - -[0m
[0mGET /uploads/notes/Soumyadeep%20Paul_April%2022_B_Creating%20user%20APIs%20(aki-tvpm-rhh%20%C3%A2%C2%80%C2%93%2024%20Nov%202022).pdf_1675265874560 [33m404[0m 14.295 ms - 280[0m
[0mGET /users/get_number_of_likes/Soumyadeep%20Paul_April%2022_B_Creating%20user%20APIs%20(aki-tvpm-rhh%20%C3%A2%C2%80%C2%93%2024%20Nov%202022).pdf_1675265874560 [32m200[0m 49.154 ms - 21[0m
[0mGET /users/get_all_comments/Soumyadeep%20Paul_April%2022_B_Creating%20user%20APIs%20(aki-tvpm-rhh%20%C3%A2%C2%80%C2%93%2024%20Nov%202022).pdf_1675265874560 [36m304[0m 23.780 ms - -[0m
[0mGET /users/profile [36m304[0m 28.066 ms - -[0m
[0mGET /css/_header.css [36m304[0m 3.335 ms - -[0m
[0mGET /css/layout.css [36m304[0m 9.716 ms - -[0m
[0mGET /css/profile.css [32m200[0m 12.023 ms - 30[0m
[0mGET /css/_footer.css [36m304[0m 5.354 ms - -[0m
[0mGET /js/profile.js [36m304[0m 2.036 ms - -[0m
[0mGET /js/layout.js [36m304[0m 1.668 ms - -[0m
[0mGET /images/favicon.ico [36m304[0m 1.809 ms - -[0m
[0mGET /images/favicon.ico [36m304[0m 7.501 ms - -[0m
[0mGET /users/show_all_notes [36m304[0m 243.939 ms - -[0m
[0mGET /users/show_single_notes/Soumyadeep%20Paul_April%2022_B_Creating%20user%20APIs%20(aki-tvpm-rhh%20%C3%A2%C2%80%C2%93%2024%20Nov%202022).pdf_1675265874560 [36m304[0m 51.511 ms - -[0m
[0mGET /css/_header.css [36m304[0m 17.025 ms - -[0m
[0mGET /css/notes.css [36m304[0m 21.233 ms - -[0m
[0mGET /css/layout.css [36m304[0m 27.580 ms - -[0m
[0mGET /js/notes.js [36m304[0m 1.906 ms - -[0m
[0mGET /js/layout.js [36m304[0m 3.107 ms - -[0m
[0mGET /images/favicon.ico [36m304[0m 3.229 ms - -[0m
[0mGET /css/_footer.css [36m304[0m 2.936 ms - -[0m
[0mGET /users/get_number_of_likes/Soumyadeep%20Paul_April%2022_B_Creating%20user%20APIs%20(aki-tvpm-rhh%20%C3%A2%C2%80%C2%93%2024%20Nov%202022).pdf_1675265874560 [36m304[0m 55.524 ms - -[0m
[0mGET /users/get_all_comments/Soumyadeep%20Paul_April%2022_B_Creating%20user%20APIs%20(aki-tvpm-rhh%20%C3%A2%C2%80%C2%93%2024%20Nov%202022).pdf_1675265874560 [36m304[0m 180.361 ms - -[0m
[0mGET /uploads/notes/Soumyadeep%20Paul_April%2022_B_Creating%20user%20APIs%20(aki-tvpm-rhh%20%C3%A2%C2%80%C2%93%2024%20Nov%202022).pdf_1675265874560 [33m404[0m 164.354 ms - 280[0m
[0mGET /users/profile [36m304[0m 25.709 ms - -[0m
[0mGET /css/layout.css [36m304[0m 1.838 ms - -[0m
[0mGET /css/_header.css [36m304[0m 2.577 ms - -[0m
[0mGET /css/profile.css [36m304[0m 7.476 ms - -[0m
[0mGET /css/_footer.css [36m304[0m 1.983 ms - -[0m
[0mGET /js/profile.js [36m304[0m 1.175 ms - -[0m
[0mGET /js/layout.js [36m304[0m 1.834 ms - -[0m
[0mGET /images/favicon.ico [36m304[0m 3.031 ms - -[0m
[0mGET /images/favicon.ico [36m304[0m 1.033 ms - -[0m
[0mGET /users/upload_notes_page [32m200[0m 38.420 ms - 2671[0m
[0mGET /css/_header.css [36m304[0m 3.004 ms - -[0m
[0mGET /css/layout.css [36m304[0m 8.273 ms - -[0m
[0mGET /js/layout.js [36m304[0m 5.259 ms - -[0m
[0mGET /css/_footer.css [36m304[0m 15.873 ms - -[0m
[0mGET /images/favicon.ico [36m304[0m 2.300 ms - -[0m
[0mGET /css/upload_notes.css [32m200[0m 20.735 ms - 1965[0m
[0mGET /users/verify_mobile [36m304[0m 17.761 ms - -[0m
[0mGET /css/layout.css [36m304[0m 2.571 ms - -[0m
[0mGET /css/_header.css [36m304[0m 2.224 ms - -[0m
[0mGET /css/_footer.css [36m304[0m 3.233 ms - -[0m
[0mGET /css/verify_mobile.css [32m200[0m 26.861 ms - 1488[0m
[0mGET /js/layout.js [36m304[0m 5.755 ms - -[0m
[0mGET /js/verify_mobile.js [32m200[0m 16.376 ms - 805[0m
[0mGET /images/favicon.ico [36m304[0m 4.881 ms - -[0m
[0mGET /users/upload_notes_page [36m304[0m 17.206 ms - -[0m
[0mGET /css/layout.css [36m304[0m 9.240 ms - -[0m
[0mGET /css/upload_notes.css [36m304[0m 1.944 ms - -[0m
[0mGET /css/_header.css [36m304[0m 13.486 ms - -[0m
[0mGET /css/_footer.css [36m304[0m 2.065 ms - -[0m
[0mGET /images/favicon.ico [36m304[0m 1.725 ms - -[0m
[0mGET /js/layout.js [36m304[0m 4.978 ms - -[0m
[0mGET /users/profile [36m304[0m 22.275 ms - -[0m
[0mGET /css/layout.css [36m304[0m 4.072 ms - -[0m
[0mGET /css/_header.css [36m304[0m 3.438 ms - -[0m
[0mGET /css/profile.css [36m304[0m 13.095 ms - -[0m
[0mGET /css/_footer.css [36m304[0m 1.800 ms - -[0m
[0mGET /js/profile.js [36m304[0m 2.890 ms - -[0m
[0mGET /js/layout.js [36m304[0m 3.645 ms - -[0m
[0mGET /images/favicon.ico [36m304[0m 2.774 ms - -[0m
[0mGET /users/show_all_notes [36m304[0m 59.202 ms - -[0m
[0mGET /users/show_single_notes/Soumyadeep%20Paul_April%2022_B_Creating%20user%20APIs%20(aki-tvpm-rhh%20%C3%A2%C2%80%C2%93%2024%20Nov%202022).pdf_1675265874560 [36m304[0m 77.682 ms - -[0m
[0mGET /css/notes.css [36m304[0m 2.350 ms - -[0m
[0mGET /css/layout.css [36m304[0m 11.231 ms - -[0m
[0mGET /css/_header.css [36m304[0m 4.780 ms - -[0m
[0mGET /css/_footer.css [36m304[0m 2.697 ms - -[0m
[0mGET /js/notes.js [36m304[0m 3.092 ms - -[0m
[0mGET /images/favicon.ico [36m304[0m 9.242 ms - -[0m
[0mGET /js/layout.js [36m304[0m 12.123 ms - -[0m
[0mGET /users/get_number_of_likes/Soumyadeep%20Paul_April%2022_B_Creating%20user%20APIs%20(aki-tvpm-rhh%20%C3%A2%C2%80%C2%93%2024%20Nov%202022).pdf_1675265874560 [36m304[0m 88.455 ms - -[0m
[0mGET /uploads/notes/Soumyadeep%20Paul_April%2022_B_Creating%20user%20APIs%20(aki-tvpm-rhh%20%C3%A2%C2%80%C2%93%2024%20Nov%202022).pdf_1675265874560 [33m404[0m 100.720 ms - 280[0m
[0mGET /users/get_all_comments/Soumyadeep%20Paul_April%2022_B_Creating%20user%20APIs%20(aki-tvpm-rhh%20%C3%A2%C2%80%C2%93%2024%20Nov%202022).pdf_1675265874560 [36m304[0m 348.164 ms - -[0m
[0mGET /users/signin [36m304[0m 209.509 ms - -[0m
[0mGET /css/signin.css [36m304[0m 18.488 ms - -[0m
[0mGET /css/_header.css [36m304[0m 11.307 ms - -[0m
[0mGET /css/layout.css [32m200[0m 35.426 ms - -[0m
[0mGET /users/logout [36m302[0m 50.210 ms - 70[0m
[0mGET /js/layout.js [36m304[0m 4.202 ms - -[0m
[0mGET /css/_footer.css [36m304[0m 10.321 ms - -[0m
[0mGET /images/favicon.ico [36m304[0m 11.882 ms - -[0m
[0mGET /images/google.png [36m304[0m 5.233 ms - -[0m
[0mGET /images/favicon.ico [36m304[0m 2.063 ms - -[0m
[0mPOST /users/create_session [36m302[0m 240.731 ms - 70[0m
[0mGET /users/signin [32m200[0m 21.657 ms - 2930[0m
[0mGET /css/layout.css [32m200[0m 7.909 ms - -[0m
[0mGET /css/signin.css [36m304[0m 2.233 ms - -[0m
[0mGET /css/_header.css [36m304[0m 11.420 ms - -[0m
[0mGET /js/layout.js [36m304[0m 5.688 ms - -[0m
[0mGET /images/favicon.ico [36m304[0m 5.754 ms - -[0m
[0mGET /css/_footer.css [36m304[0m 12.295 ms - -[0m
[0mGET /images/google.png [36m304[0m 2.146 ms - -[0m
[0mGET /users/signup [32m200[0m 31.989 ms - 2933[0m
[0mGET /css/signin.css [36m304[0m 3.611 ms - -[0m
[0mGET /css/_header.css [36m304[0m 3.913 ms - -[0m
[0mGET /css/layout.css [36m304[0m 11.483 ms - -[0m
[0mGET /css/_footer.css [36m304[0m 2.891 ms - -[0m
[0mGET /js/layout.js [36m304[0m 1.432 ms - -[0m
[0mGET /images/favicon.ico [36m304[0m 4.445 ms - -[0m
[0mGET /images/google.png [36m304[0m 5.404 ms - -[0m
[0mGET /users/auth/google [36m302[0m 11.406 ms - 0[0m
[0mGET /users/auth/google/callback?code=4%2F0AWtgzh4arm72X2IKK722dQCqlrQ0B71wsvT91XpNIsD6JqRYOZdTbOq4jND9ehfEAySmGA&scope=email+profile+https%3A%2F%2Fwww.googleapis.com%2Fauth%2Fuserinfo.email+openid+https%3A%2F%2Fwww.googleapis.com%2Fauth%2Fuserinfo.profile&authuser=0&prompt=none [36m302[0m 1812.451 ms - 72[0m
[0mGET /users/profile [32m200[0m 26.295 ms - 2269[0m
[0mGET /css/_header.css [36m304[0m 2.426 ms - -[0m
[0mGET /css/layout.css [36m304[0m 7.172 ms - -[0m
[0mGET /css/profile.css [32m200[0m 11.079 ms - -[0m
[0mGET /js/profile.js [36m304[0m 2.652 ms - -[0m
[0mGET /js/layout.js [36m304[0m 2.970 ms - -[0m
[0mGET /css/_footer.css [36m304[0m 7.732 ms - -[0m
[0mGET /images/favicon.ico [36m304[0m 2.434 ms - -[0m
[0mGET /users/show_all_notes [32m200[0m 33.281 ms - 2[0m
[0mGET /users/verify_mobile [36m304[0m 20.732 ms - -[0m
[0mGET /css/verify_mobile.css [36m304[0m 3.067 ms - -[0m
[0mGET /css/_header.css [36m304[0m 3.318 ms - -[0m
[0mGET /css/layout.css [36m304[0m 7.665 ms - -[0m
[0mGET /js/verify_mobile.js [36m304[0m 1.496 ms - -[0m
[0mGET /css/_footer.css [36m304[0m 4.186 ms - -[0m
[0mGET /js/layout.js [36m304[0m 8.854 ms - -[0m
[0mGET /images/favicon.ico [36m304[0m 1.210 ms - -[0m
[0mGET /users/upload_notes_page [36m304[0m 38.575 ms - -[0m
[0mGET /css/upload_notes.css [36m304[0m 1.889 ms - -[0m
[0mGET /css/layout.css [36m304[0m 7.944 ms - -[0m
[0mGET /css/_header.css [36m304[0m 12.340 ms - -[0m
[0mGET /js/layout.js [36m304[0m 3.614 ms - -[0m
[0mGET /images/favicon.ico [36m304[0m 5.840 ms - -[0m
[0mGET /css/_footer.css [36m304[0m 11.902 ms - -[0m
[0mPOST /users/upload_notes [36m302[0m 24.798 ms - 58[0m
[0mGET /users/profile [32m200[0m 28.804 ms - 2276[0m
[0mGET /css/layout.css [36m304[0m 3.680 ms - -[0m
[0mGET /css/_header.css [36m304[0m 5.726 ms - -[0m
[0mGET /css/profile.css [32m200[0m 9.517 ms - 30[0m
[0mGET /js/profile.js [36m304[0m 8.376 ms - -[0m
[0mGET /js/layout.js [36m304[0m 7.364 ms - -[0m
[0mGET /css/_footer.css [36m304[0m 13.528 ms - -[0m
[0mGET /images/favicon.ico [36m304[0m 1.239 ms - -[0m
[0mGET /users/show_all_notes [32m200[0m 45.425 ms - 264[0m
[0mGET /users/show_single_notes/react1.pdf_1675269360030 [32m200[0m 43.047 ms - 2272[0m
[0mGET /css/layout.css [36m304[0m 2.020 ms - -[0m
[0mGET /css/notes.css [36m304[0m 2.509 ms - -[0m
[0mGET /css/_header.css [36m304[0m 1.919 ms - -[0m
[0mGET /css/_footer.css [36m304[0m 5.919 ms - -[0m
[0mGET /js/notes.js [36m304[0m 4.971 ms - -[0m
[0mGET /js/layout.js [36m304[0m 8.356 ms - -[0m
[0mGET /images/favicon.ico [36m304[0m 1.482 ms - -[0m
[0mGET /uploads/notes/react1.pdf_1675269360030 [33m404[0m 18.945 ms - 177[0m
[0mGET /users/get_number_of_likes/react1.pdf_1675269360030 [32m200[0m 115.731 ms - 21[0m
[0mGET /users/get_all_comments/react1.pdf_1675269360030 [32m200[0m 195.979 ms - 2[0m
[0mGET /users/profile [32m200[0m 23.232 ms - 2055[0m
[0mGET /css/layout.css [36m304[0m 5.939 ms - -[0m
[0mGET /css/profile.css [36m304[0m 9.777 ms - -[0m
[0mGET /css/_header.css [36m304[0m 9.723 ms - -[0m
[0mGET /js/profile.js [36m304[0m 3.208 ms - -[0m
[0mGET /css/_footer.css [36m304[0m 9.782 ms - -[0m
[0mGET /js/layout.js [36m304[0m 8.856 ms - -[0m
[0mGET /images/favicon.ico [36m304[0m 2.075 ms - -[0m
[0mGET /images/favicon.ico [36m304[0m 0.968 ms - -[0m
[0mGET /users/upload_notes_page [36m304[0m 23.664 ms - -[0m
[0mGET /css/upload_notes.css [36m304[0m 3.030 ms - -[0m
[0mGET /css/_header.css [36m304[0m 3.479 ms - -[0m
[0mGET /css/layout.css [36m304[0m 10.531 ms - -[0m
[0mGET /css/_footer.css [36m304[0m 3.223 ms - -[0m
[0mGET /js/layout.js [36m304[0m 5.497 ms - -[0m
[0mGET /images/favicon.ico [36m304[0m 1.527 ms - -[0m
[0mPOST /users/upload_notes [36m302[0m 20.352 ms - 58[0m
[0mGET /users/profile [32m200[0m 22.268 ms - 2276[0m
[0mGET /css/layout.css [36m304[0m 2.142 ms - -[0m
[0mGET /css/profile.css [36m304[0m 2.493 ms - -[0m
[0mGET /css/_header.css [36m304[0m 3.365 ms - -[0m
[0mGET /js/profile.js [36m304[0m 2.606 ms - -[0m
[0mGET /css/_footer.css [36m304[0m 4.888 ms - -[0m
[0mGET /js/layout.js [36m304[0m 4.954 ms - -[0m
[0mGET /images/favicon.ico [36m304[0m 2.453 ms - -[0m
[0mGET /users/upload_notes_page [36m304[0m 19.786 ms - -[0m
[0mGET /css/upload_notes.css [36m304[0m 2.383 ms - -[0m
[0mGET /css/layout.css [36m304[0m 15.350 ms - -[0m
[0mGET /css/_header.css [36m304[0m 4.258 ms - -[0m
[0mGET /css/_footer.css [36m304[0m 3.895 ms - -[0m
[0mGET /js/layout.js [36m304[0m 3.346 ms - -[0m
[0mGET /images/favicon.ico [36m304[0m 1.657 ms - -[0m
[0mPOST /users/upload_notes [36m302[0m 16.894 ms - 58[0m
[0mGET /users/profile [36m304[0m 16.588 ms - -[0m
[0mGET /css/layout.css [36m304[0m 1.588 ms - -[0m
[0mGET /css/profile.css [36m304[0m 5.087 ms - -[0m
[0mGET /css/_header.css [36m304[0m 3.625 ms - -[0m
[0mGET /css/_footer.css [36m304[0m 1.601 ms - -[0m
[0mGET /js/profile.js [36m304[0m 1.638 ms - -[0m
[0mGET /js/layout.js [36m304[0m 2.721 ms - -[0m
[0mGET /images/favicon.ico [36m304[0m 2.113 ms - -[0m
[0mGET /users/show_all_notes [32m200[0m 34.262 ms - 290[0m
[0mGET /users/show_all_notes [36m304[0m 32.276 ms - -[0m
[0mGET /users/show_all_notes [36m304[0m 24.499 ms - -[0m
[0mGET /users/show_all_notes [36m304[0m 23.428 ms - -[0m
[0mGET /users/show_all_notes [36m304[0m 47.405 ms - -[0m
[0mGET /users/profile [32m200[0m 16.784 ms - 2055[0m
[0mGET /css/layout.css [36m304[0m 1.697 ms - -[0m
[0mGET /css/profile.css [36m304[0m 1.817 ms - -[0m
[0mGET /css/_header.css [36m304[0m 1.310 ms - -[0m
[0mGET /css/_footer.css [36m304[0m 1.894 ms - -[0m
[0mGET /js/profile.js [36m304[0m 1.611 ms - -[0m
[0mGET /js/layout.js [36m304[0m 2.020 ms - -[0m
[0mGET /images/favicon.ico [36m304[0m 2.058 ms - -[0m
[0mGET /images/favicon.ico [36m304[0m 3.210 ms - -[0m
[0mGET /users/upload_notes_page [36m304[0m 26.872 ms - -[0m
[0mGET /css/layout.css [36m304[0m 2.914 ms - -[0m
[0mGET /css/upload_notes.css [36m304[0m 4.146 ms - -[0m
[0mGET /css/_header.css [36m304[0m 4.763 ms - -[0m
[0mGET /css/_footer.css [36m304[0m 3.868 ms - -[0m
[0mGET /js/layout.js [36m304[0m 1.928 ms - -[0m
[0mGET /images/favicon.ico [36m304[0m 2.069 ms - -[0m
[0mPOST /users/upload_notes [36m302[0m 16.262 ms - 58[0m
[0mGET /users/profile [32m200[0m 14.854 ms - 2276[0m
[0mGET /css/layout.css [36m304[0m 2.533 ms - -[0m
[0mGET /css/profile.css [36m304[0m 4.487 ms - -[0m
[0mGET /css/_header.css [36m304[0m 5.114 ms - -[0m
[0mGET /js/profile.js [36m304[0m 4.570 ms - -[0m
[0mGET /css/_footer.css [36m304[0m 7.898 ms - -[0m
[0mGET /js/layout.js [36m304[0m 4.138 ms - -[0m
[0mGET /images/favicon.ico [36m304[0m 1.382 ms - -[0m
[0mGET /users/show_all_notes [32m200[0m 64.973 ms - 552[0m
[0mGET /users/show_single_notes/Java2.pdf_1675269534415 [32m200[0m 38.698 ms - 2270[0m
[0mGET /css/notes.css [36m304[0m 1.461 ms - -[0m
[0mGET /css/layout.css [36m304[0m 10.514 ms - -[0m
[0mGET /css/_header.css [36m304[0m 9.093 ms - -[0m
[0mGET /js/notes.js [36m304[0m 3.733 ms - -[0m
[0mGET /css/_footer.css [36m304[0m 6.175 ms - -[0m
[0mGET /js/layout.js [36m304[0m 1.702 ms - -[0m
[0mGET /images/favicon.ico [36m304[0m 1.217 ms - -[0m
[0mGET /uploads/notes/Java2.pdf_1675269534415 [33m404[0m 21.179 ms - 176[0m
[0mGET /users/get_number_of_likes/Java2.pdf_1675269534415 [32m200[0m 80.084 ms - 21[0m
[0mGET /users/get_all_comments/Java2.pdf_1675269534415 [32m200[0m 227.882 ms - 2[0m
[0mGET /users/profile [32m200[0m 16.636 ms - 2055[0m
[0mGET /css/layout.css [36m304[0m 10.753 ms - -[0m
[0mGET /css/profile.css [36m304[0m 14.066 ms - -[0m
[0mGET /css/_header.css [36m304[0m 10.800 ms - -[0m
[0mGET /js/profile.js [36m304[0m 36.151 ms - -[0m
[0mGET /css/_footer.css [36m304[0m 39.885 ms - -[0m
[0mGET /js/layout.js [36m304[0m 1.220 ms - -[0m
[0mGET /images/favicon.ico [36m304[0m 2.069 ms - -[0m
[0mGET /images/favicon.ico [36m304[0m 1.163 ms - -[0m
[0mGET /users/upload_notes_page [36m304[0m 16.000 ms - -[0m
[0mGET /css/layout.css [36m304[0m 9.747 ms - -[0m
[0mGET /css/upload_notes.css [36m304[0m 9.259 ms - -[0m
[0mGET /css/_header.css [36m304[0m 9.851 ms - -[0m
[0mGET /css/_footer.css [36m304[0m 11.612 ms - -[0m
[0mGET /js/layout.js [36m304[0m 1.563 ms - -[0m
[0mGET /images/favicon.ico [36m304[0m 1.410 ms - -[0m
[0mPOST /users/upload_notes [36m302[0m 15.621 ms - 58[0m
[0mGET /users/profile [32m200[0m 17.650 ms - 2276[0m
[0mGET /css/layout.css [36m304[0m 1.624 ms - -[0m
[0mGET /css/profile.css [36m304[0m 5.328 ms - -[0m
[0mGET /css/_header.css [36m304[0m 1.372 ms - -[0m
[0mGET /css/_footer.css [36m304[0m 1.664 ms - -[0m
[0mGET /js/profile.js [36m304[0m 2.104 ms - -[0m
[0mGET /js/layout.js [36m304[0m 1.376 ms - -[0m
[0mGET /images/favicon.ico [36m304[0m 1.560 ms - -[0m
[0mGET /users/show_all_notes [32m200[0m 70.839 ms - 838[0m
[0mGET /users/show_single_notes/SD4.pdf_1675269593974 [32m200[0m 37.674 ms - 2266[0m
[0mGET /css/notes.css [36m304[0m 17.562 ms - -[0m
[0mGET /css/_header.css [36m304[0m 10.552 ms - -[0m
[0mGET /css/layout.css [36m304[0m 24.338 ms - -[0m
[0mGET /js/notes.js [36m304[0m 7.991 ms - -[0m
[0mGET /js/layout.js [36m304[0m 6.771 ms - -[0m
[0mGET /css/_footer.css [36m304[0m 18.410 ms - -[0m
[0mGET /images/favicon.ico [36m304[0m 15.163 ms - -[0m
[0mGET /uploads/notes/SD4.pdf_1675269593974 [33m404[0m 28.889 ms - 174[0m
[0mGET /users/get_number_of_likes/SD4.pdf_1675269593974 [32m200[0m 75.749 ms - 21[0m
[0mGET /users/get_all_comments/SD4.pdf_1675269593974 [32m200[0m 121.077 ms - 2[0m
[0mGET /users/profile [32m200[0m 21.636 ms - 2055[0m
[0mGET /css/_header.css [36m304[0m 1.677 ms - -[0m
[0mGET /css/layout.css [36m304[0m 7.044 ms - -[0m
[0mGET /css/profile.css [36m304[0m 6.207 ms - -[0m
[0mGET /js/profile.js [36m304[0m 6.224 ms - -[0m
[0mGET /css/_footer.css [36m304[0m 11.387 ms - -[0m
[0mGET /js/layout.js [36m304[0m 10.269 ms - -[0m
[0mGET /images/favicon.ico [36m304[0m 16.088 ms - -[0m
[0mGET /images/favicon.ico [36m304[0m 1.054 ms - -[0m
[0mGET /users/upload_notes_page [36m304[0m 16.567 ms - -[0m
[0mGET /css/layout.css [36m304[0m 4.843 ms - -[0m
[0mGET /css/upload_notes.css [36m304[0m 5.123 ms - -[0m
[0mGET /css/_header.css [36m304[0m 5.064 ms - -[0m
[0mGET /js/layout.js [36m304[0m 2.328 ms - -[0m
[0mGET /css/_footer.css [36m304[0m 6.367 ms - -[0m
[0mGET /images/favicon.ico [36m304[0m 1.295 ms - -[0m
[0mPOST /users/upload_notes [36m302[0m 17.047 ms - 58[0m
[0mGET /users/profile [32m200[0m 16.463 ms - 2276[0m
[0mGET /css/layout.css [36m304[0m 1.579 ms - -[0m
[0mGET /css/profile.css [36m304[0m 5.263 ms - -[0m
[0mGET /css/_header.css [36m304[0m 3.943 ms - -[0m
[0mGET /css/_footer.css [36m304[0m 1.505 ms - -[0m
[0mGET /js/profile.js [36m304[0m 4.337 ms - -[0m
[0mGET /js/layout.js [36m304[0m 12.039 ms - -[0m
[0mGET /images/favicon.ico [36m304[0m 5.437 ms - -[0m
[0mGET /users/show_all_notes [32m200[0m 47.703 ms - 1204[0m
[0mGET /users/show_single_notes/Soumyadeep%20Paul_April%2022_B_Creating%20user%20APIs%20(aki-tvpm-rhh%20%C3%A2%C2%80%C2%93%2024%20Nov%202022)%20(1).pdf_1675269628343 [32m200[0m 41.002 ms - 2426[0m
[0mGET /css/layout.css [36m304[0m 2.128 ms - -[0m
[0mGET /css/notes.css [36m304[0m 1.612 ms - -[0m
[0mGET /css/_header.css [36m304[0m 1.276 ms - -[0m
[0mGET /js/notes.js [36m304[0m 2.445 ms - -[0m
[0mGET /css/_footer.css [36m304[0m 4.640 ms - -[0m
[0mGET /js/layout.js [36m304[0m 9.417 ms - -[0m
[0mGET /images/favicon.ico [36m304[0m 0.865 ms - -[0m
[0mGET /uploads/notes/Soumyadeep%20Paul_April%2022_B_Creating%20user%20APIs%20(aki-tvpm-rhh%20%C3%A2%C2%80%C2%93%2024%20Nov%202022)%20(1).pdf_1675269628343 [33m404[0m 19.201 ms - 286[0m
[0mGET /users/get_number_of_likes/Soumyadeep%20Paul_April%2022_B_Creating%20user%20APIs%20(aki-tvpm-rhh%20%C3%A2%C2%80%C2%93%2024%20Nov%202022)%20(1).pdf_1675269628343 [32m200[0m 180.674 ms - 21[0m
[0mGET /users/get_all_comments/Soumyadeep%20Paul_April%2022_B_Creating%20user%20APIs%20(aki-tvpm-rhh%20%C3%A2%C2%80%C2%93%2024%20Nov%202022)%20(1).pdf_1675269628343 [32m200[0m 218.591 ms - 2[0m
[0mGET /users/profile [32m200[0m 19.872 ms - 2055[0m
[0mGET /css/layout.css [36m304[0m 2.747 ms - -[0m
[0mGET /css/profile.css [36m304[0m 26.203 ms - -[0m
[0mGET /css/_header.css [36m304[0m 4.977 ms - -[0m
[0mGET /js/profile.js [36m304[0m 13.233 ms - -[0m
[0mGET /css/_footer.css [36m304[0m 15.616 ms - -[0m
[0mGET /js/layout.js [36m304[0m 9.624 ms - -[0m
[0mGET /images/favicon.ico [36m304[0m 8.586 ms - -[0m
[0mGET /images/favicon.ico [36m304[0m 1.661 ms - -[0m
[0mGET /users/show_all_notes [32m200[0m 43.055 ms - 1230[0m
[0mGET /users/show_single_notes/Soumyadeep%20Paul_April%2022_B_Creating%20user%20APIs%20(aki-tvpm-rhh%20%C3%A2%C2%80%C2%93%2024%20Nov%202022)%20(1).pdf_1675269628343 [36m304[0m 34.456 ms - -[0m
[0mGET /css/notes.css [36m304[0m 2.889 ms - -[0m
[0mGET /css/_header.css [36m304[0m 3.237 ms - -[0m
[0mGET /css/layout.css [36m304[0m 7.297 ms - -[0m
[0mGET /css/_footer.css [36m304[0m 1.906 ms - -[0m
[0mGET /js/notes.js [36m304[0m 6.321 ms - -[0m
[0mGET /js/layout.js [36m304[0m 6.964 ms - -[0m
[0mGET /images/favicon.ico [36m304[0m 9.132 ms - -[0m
[0mGET /users/get_all_comments/Soumyadeep%20Paul_April%2022_B_Creating%20user%20APIs%20(aki-tvpm-rhh%20%C3%A2%C2%80%C2%93%2024%20Nov%202022)%20(1).pdf_1675269628343 [36m304[0m 76.273 ms - -[0m
[0mGET /users/get_number_of_likes/Soumyadeep%20Paul_April%2022_B_Creating%20user%20APIs%20(aki-tvpm-rhh%20%C3%A2%C2%80%C2%93%2024%20Nov%202022)%20(1).pdf_1675269628343 [36m304[0m 82.377 ms - -[0m
[0mGET /uploads/notes/Soumyadeep%20Paul_April%2022_B_Creating%20user%20APIs%20(aki-tvpm-rhh%20%C3%A2%C2%80%C2%93%2024%20Nov%202022)%20(1).pdf_1675269628343 [33m404[0m 63.870 ms - 286[0m
[0mGET /users/profile [36m304[0m 20.480 ms - -[0m
[0mGET /css/_header.css [36m304[0m 8.316 ms - -[0m
[0mGET /css/layout.css [36m304[0m 14.223 ms - -[0m
[0mGET /css/profile.css [36m304[0m 14.709 ms - -[0m
[0mGET /css/_footer.css [36m304[0m 2.910 ms - -[0m
[0mGET /js/profile.js [36m304[0m 0.842 ms - -[0m
[0mGET /js/layout.js [36m304[0m 1.175 ms - -[0m
[0mGET /images/favicon.ico [36m304[0m 3.701 ms - -[0m
[0mGET /images/favicon.ico [36m304[0m 0.923 ms - -[0m
[0mGET /users/show_all_notes [36m304[0m 43.636 ms - -[0m
[0mGET /users/show_single_notes/Soumyadeep%20Paul_April%2022_B_Creating%20user%20APIs%20(aki-tvpm-rhh%20%C3%A2%C2%80%C2%93%2024%20Nov%202022)%20(1).pdf_1675269628343 [36m304[0m 25.236 ms - -[0m
[0mGET /css/notes.css [36m304[0m 2.621 ms - -[0m
[0mGET /css/layout.css [36m304[0m 8.514 ms - -[0m
[0mGET /css/_header.css [36m304[0m 6.915 ms - -[0m
[0mGET /css/_footer.css [36m304[0m 5.906 ms - -[0m
[0mGET /js/notes.js [36m304[0m 1.319 ms - -[0m
[0mGET /js/layout.js [36m304[0m 4.916 ms - -[0m
[0mGET /images/favicon.ico [36m304[0m 1.291 ms - -[0m
[0mGET /users/get_number_of_likes/Soumyadeep%20Paul_April%2022_B_Creating%20user%20APIs%20(aki-tvpm-rhh%20%C3%A2%C2%80%C2%93%2024%20Nov%202022)%20(1).pdf_1675269628343 [36m304[0m 87.836 ms - -[0m
[0mGET /uploads/notes/Soumyadeep%20Paul_April%2022_B_Creating%20user%20APIs%20(aki-tvpm-rhh%20%C3%A2%C2%80%C2%93%2024%20Nov%202022)%20(1).pdf_1675269628343 [33m404[0m 34.158 ms - 286[0m
[0mGET /users/get_all_comments/Soumyadeep%20Paul_April%2022_B_Creating%20user%20APIs%20(aki-tvpm-rhh%20%C3%A2%C2%80%C2%93%2024%20Nov%202022)%20(1).pdf_1675269628343 [36m304[0m 64.621 ms - -[0m
[0mGET /users/profile [36m304[0m 18.819 ms - -[0m
[0mGET /css/layout.css [36m304[0m 2.954 ms - -[0m
[0mGET /css/profile.css [36m304[0m 4.484 ms - -[0m
[0mGET /css/_header.css [36m304[0m 5.909 ms - -[0m
[0mGET /css/_footer.css [36m304[0m 1.230 ms - -[0m
[0mGET /js/profile.js [36m304[0m 2.608 ms - -[0m
[0mGET /js/layout.js [36m304[0m 1.551 ms - -[0m
[0mGET /images/favicon.ico [36m304[0m 0.942 ms - -[0m
[0mGET /images/favicon.ico [36m304[0m 8.052 ms - -[0m
[0mGET /css/signin.css [36m304[0m 2.417 ms - -[0m
[0mGET /css/_header.css [36m304[0m 4.697 ms - -[0m
[0mGET /css/layout.css [36m304[0m 8.366 ms - -[0m
[0mGET /css/_footer.css [36m304[0m 4.583 ms - -[0m
[0mGET /js/layout.js [36m304[0m 1.198 ms - -[0m
[0mGET /images/favicon.ico [36m304[0m 1.354 ms - -[0m
[0mGET /images/google.png [36m304[0m 4.922 ms - -[0m
[0mGET /users/signup [36m304[0m 19.262 ms - -[0m
[0mGET /users/auth/google [36m302[0m 7.630 ms - 0[0m
[0mGET /users/logout [36m302[0m 6.581 ms - 70[0m
[0mGET /users/signin [32m200[0m 9.653 ms - 2681[0m
[0mGET /users/signup [32m200[0m 8.656 ms - 2933[0m
[0mGET /css/signin.css [36m304[0m 1.595 ms - -[0m
[0mGET /css/layout.css [36m304[0m 9.383 ms - -[0m
[0mGET /css/_header.css [36m304[0m 4.231 ms - -[0m
[0mGET /js/layout.js [36m304[0m 1.811 ms - -[0m
[0mGET /css/_footer.css [36m304[0m 13.221 ms - -[0m
[0mGET /images/favicon.ico [36m304[0m 3.330 ms - -[0m
[0mGET /images/google.png [36m304[0m 0.867 ms - -[0m
[0mGET /users/auth/google [36m302[0m 5.645 ms - 0[0m
[0mGET /users/auth/google/callback?code=4%2F0AWtgzh6zrF1O3F0rZzDfNmDlYFLok1kRVP9cGBmrxc0ATwKNT8t1e5XlqU70uEbkAi2dTg&scope=email+profile+https%3A%2F%2Fwww.googleapis.com%2Fauth%2Fuserinfo.profile+https%3A%2F%2Fwww.googleapis.com%2Fauth%2Fuserinfo.email+openid&authuser=0&prompt=none [36m302[0m 2518.292 ms - 72[0m
[0mGET /users/profile [32m200[0m 14.769 ms - 2269[0m
[0mGET /css/layout.css [36m304[0m 4.928 ms - -[0m
[0mGET /css/_header.css [36m304[0m 8.811 ms - -[0m
[0mGET /css/profile.css [36m304[0m 15.820 ms - -[0m
[0mGET /css/_footer.css [36m304[0m 6.079 ms - -[0m
[0mGET /js/profile.js [36m304[0m 9.011 ms - -[0m
[0mGET /js/layout.js [36m304[0m 3.014 ms - -[0m
[0mGET /images/favicon.ico [36m304[0m 3.209 ms - -[0m
[0mGET / [36m304[0m 54.444 ms - -[0m
[0mGET /css/layout.css [36m304[0m 5.045 ms - -[0m
[0mGET /css/home.css [36m304[0m 3.144 ms - -[0m
[0mGET /css/_header.css [36m304[0m 4.401 ms - -[0m
[0mGET /js/layout.js [36m304[0m 1.623 ms - -[0m
[0mGET /css/_footer.css [36m304[0m 6.747 ms - -[0m
[0mGET /images/favicon.ico [36m304[0m 2.231 ms - -[0m
[0mGET /images/asset%2018.png [36m304[0m 3.463 ms - -[0m
[0mGET /images/asset%202.png [36m304[0m 8.607 ms - -[0m
[0mGET /images/asset%2021.png [36m304[0m 3.433 ms - -[0m
[0mGET /images/asset%2024.png [36m304[0m 3.614 ms - -[0m
[0mGET /users/logout [36m302[0m 21.456 ms - 70[0m
[0mGET /users/signin [36m304[0m 18.729 ms - -[0m
[0mGET /css/layout.css [36m304[0m 3.610 ms - -[0m
[0mGET /css/_header.css [36m304[0m 2.435 ms - -[0m
[0mGET /css/signin.css [36m304[0m 6.577 ms - -[0m
[0mGET /css/_footer.css [36m304[0m 6.128 ms - -[0m
[0mGET /js/layout.js [36m304[0m 1.911 ms - -[0m
[0mGET /images/favicon.ico [36m304[0m 1.540 ms - -[0m
[0mGET /images/google.png [36m304[0m 2.345 ms - -[0m
[0mGET / [36m304[0m 394.179 ms - -[0m
[0mGET /css/home.css [36m304[0m 25.618 ms - -[0m
[0mGET /css/_header.css [36m304[0m 38.862 ms - -[0m
[0mGET /js/layout.js [36m304[0m 4.868 ms - -[0m
[0mGET /css/_footer.css [36m304[0m 10.760 ms - -[0m
[0mGET /css/layout.css [32m200[0m 618.081 ms - -[0m
[0mGET /images/favicon.ico [36m304[0m 2.529 ms - -[0m
[0mGET /images/asset%2018.png [36m304[0m 2.425 ms - -[0m
[0mGET /images/asset%202.png [36m304[0m 24.463 ms - -[0m
[0mGET /images/asset%2021.png [36m304[0m 3.345 ms - -[0m
[0mGET /images/asset%2024.png [36m304[0m 8.211 ms - -[0m
[0mGET /users/upload_notes_page [32m200[0m 79.462 ms - 2681[0m
[0mGET /css/layout.css [32m200[0m 25.135 ms - -[0m
[0mGET /css/_header.css [36m304[0m 12.773 ms - -[0m
[0mGET /css/signin.css [36m304[0m 2.921 ms - -[0m
[0mGET /js/layout.js [36m304[0m 9.273 ms - -[0m
[0mGET /images/favicon.ico [36m304[0m 20.054 ms - -[0m
[0mGET /css/_footer.css [36m304[0m 37.520 ms - -[0m
[0mGET /images/google.png [36m304[0m 5.649 ms - -[0m
[0mGET /users/upload_notes_page [36m304[0m 83.185 ms - -[0m
[0mGET /css/signin.css [36m304[0m 10.243 ms - -[0m
[0mGET /css/_header.css [36m304[0m 23.905 ms - -[0m
[0mGET /js/layout.js [36m304[0m 11.535 ms - -[0m
[0mGET /images/favicon.ico [36m304[0m 12.346 ms - -[0m
[0mGET /css/layout.css [32m200[0m 156.003 ms - -[0m
[0mGET /css/_footer.css [36m304[0m 37.285 ms - -[0m
[0mGET /images/google.png [36m304[0m 18.841 ms - -[0m
[0mGET /images/favicon.ico [36m304[0m 2.145 ms - -[0m
[0mGET /users/upload_notes_page [36m304[0m 25.328 ms - -[0m
[0mGET /css/signin.css [36m304[0m 9.814 ms - -[0m
[0mGET /css/_header.css [36m304[0m 12.752 ms - -[0m
[0mGET /css/layout.css [32m200[0m 30.998 ms - -[0m
[0mGET /css/_footer.css [36m304[0m 6.812 ms - -[0m
[0mGET /js/layout.js [36m304[0m 6.924 ms - -[0m
[0mGET /images/google.png [36m304[0m 5.865 ms - -[0m
[0mGET /images/favicon.ico [36m304[0m 10.314 ms - -[0m
[0mGET /users/forget_password [32m200[0m 38.680 ms - 2166[0m
[0mGET /css/signin.css [36m304[0m 3.038 ms - -[0m
[0mGET /css/layout.css [36m304[0m 32.544 ms - -[0m
[0mGET /css/_header.css [36m304[0m 7.800 ms - -[0m
[0mGET /js/layout.js [36m304[0m 2.562 ms - -[0m
[0mGET /css/_footer.css [36m304[0m 8.310 ms - -[0m
[0mGET /images/favicon.ico [36m304[0m 4.146 ms - -[0m
[0mGET /users/signup [32m200[0m 19.441 ms - 2958[0m
[0mGET /css/signin.css [36m304[0m 4.558 ms - -[0m
[0mGET /css/_header.css [36m304[0m 4.101 ms - -[0m
[0mGET /css/layout.css [36m304[0m 14.110 ms - -[0m
[0mGET /css/_footer.css [36m304[0m 2.485 ms - -[0m
[0mGET /js/layout.js [36m304[0m 5.155 ms - -[0m
[0mGET /images/favicon.ico [36m304[0m 2.984 ms - -[0m
[0mGET /images/google.png [36m304[0m 5.262 ms - -[0m
[0mGET /users/forget_&_update_password/forget_password [36m304[0m 18.184 ms - -[0m
[0mGET /css/layout.css [36m304[0m 2.578 ms - -[0m
[0mGET /css/signin.css [36m304[0m 2.385 ms - -[0m
[0mGET /css/_header.css [36m304[0m 2.632 ms - -[0m
[0mGET /css/_footer.css [36m304[0m 2.323 ms - -[0m
[0mGET /js/layout.js [36m304[0m 3.063 ms - -[0m
[0mGET /images/favicon.ico [36m304[0m 5.041 ms - -[0m
[0mPOST /users/forget_&_update_password/forget_password [36m302[0m 459.742 ms - 70[0m
[0mGET /users/signin [32m200[0m 16.637 ms - 2924[0m
[0mGET /css/layout.css [36m304[0m 3.103 ms - -[0m
[0mGET /css/signin.css [36m304[0m 1.920 ms - -[0m
[0mGET /css/_header.css [36m304[0m 3.484 ms - -[0m
[0mGET /css/_footer.css [36m304[0m 3.347 ms - -[0m
[0mGET /js/layout.js [36m304[0m 1.672 ms - -[0m
[0mGET /images/favicon.ico [36m304[0m 1.705 ms - -[0m
[0mGET /images/google.png [36m304[0m 1.449 ms - -[0m
[0mGET /users/forget_&_update_password/update_password?accessToken=suzelkhan46@gmail.com7521 [32m200[0m 24.193 ms - 2130[0m
[0mGET /css/layout.css [36m304[0m 3.282 ms - -[0m
[0mGET /css/_header.css [36m304[0m 1.780 ms - -[0m
[0mGET /js/layout.js [36m304[0m 2.964 ms - -[0m
[0mGET /css/_footer.css [36m304[0m 9.581 ms - -[0m
[0mGET /images/favicon.ico [36m304[0m 4.184 ms - -[0m
[0mGET /js/update_password.js [32m200[0m 3.427 ms - 305[0m
