[0mGET / [36m304[0m 10.484 ms - -[0m
[0mGET /css/layout.css [36m304[0m 11.409 ms - -[0m
[0mGET /css/home.css [32m200[0m 3.267 ms - 1534[0m
[0mGET /css/_header.css [36m304[0m 8.183 ms - -[0m
[0mGET /js/layout.js [36m304[0m 1.240 ms - -[0m
[0mGET /images/favicon.ico [36m304[0m 2.245 ms - -[0m
[0mGET /images/asset%202.png [36m304[0m 3.469 ms - -[0m
[0mGET /images/favicon.ico [36m304[0m 1.401 ms - -[0m
[0mGET / [36m304[0m 9.489 ms - -[0m
[0mGET /css/layout.css [36m304[0m 2.641 ms - -[0m
[0mGET /css/home.css [32m200[0m 11.878 ms - 1579[0m
[0mGET /css/_header.css [36m304[0m 1.619 ms - -[0m
[0mGET /js/layout.js [36m304[0m 3.795 ms - -[0m
[0mGET /images/favicon.ico [36m304[0m 4.004 ms - -[0m
[0mGET /images/asset%202.png [36m304[0m 5.479 ms - -[0m
[0mGET / [36m304[0m 12.963 ms - -[0m
[0mGET /css/layout.css [36m304[0m 5.329 ms - -[0m
[0mGET /css/home.css [32m200[0m 6.138 ms - 1579[0m
[0mGET /css/_header.css [36m304[0m 7.874 ms - -[0m
[0mGET /js/layout.js [36m304[0m 2.321 ms - -[0m
[0mGET /images/favicon.ico [36m304[0m 3.583 ms - -[0m
[0mGET /images/asset%202.png [36m304[0m 2.100 ms - -[0m
[0mGET /images/favicon.ico [36m304[0m 7.670 ms - -[0m
[0mGET /css/home.css [36m304[0m 3.964 ms - -[0m
[0mGET /css/layout.css [36m304[0m 8.022 ms - -[0m
[0mGET /css/_header.css [36m304[0m 1.397 ms - -[0m
[0mGET / [32m200[0m 9.306 ms - 2298[0m
[0mGET /css/layout.css [32m200[0m 3.818 ms - -[0m
[0mGET /css/home.css [32m200[0m 4.148 ms - 1579[0m
[0mGET /css/_header.css [32m200[0m 6.858 ms - 1831[0m
[0mGET /images/favicon.ico [32m200[0m 5.930 ms - 15406[0m
[0mGET /js/layout.js [32m200[0m 10.787 ms - 190[0m
[0mGET /images/asset%202.png [32m200[0m 11.589 ms - 310119[0m
[0mGET /images/favicon.ico [36m304[0m 1.530 ms - -[0m
[0mGET / [36m304[0m 12.371 ms - -[0m
[0mGET /css/home.css [36m304[0m 3.220 ms - -[0m
[0mGET /css/_header.css [36m304[0m 3.765 ms - -[0m
[0mGET /css/layout.css [36m304[0m 8.234 ms - -[0m
[0mGET /js/layout.js [36m304[0m 3.700 ms - -[0m
[0mGET /images/favicon.ico [36m304[0m 4.012 ms - -[0m
[0mGET /images/asset%202.png [36m304[0m 3.771 ms - -[0m
[0mGET /images/favicon.ico [36m304[0m 3.625 ms - -[0m
[0mGET /users/signin [32m200[0m 11.420 ms - 2634[0m
[0mGET /css/_header.css [36m304[0m 2.455 ms - -[0m
[0mGET /css/layout.css [36m304[0m 7.089 ms - -[0m
[0mGET /css/signin.css [32m200[0m 15.486 ms - 1767[0m
[0mGET /js/layout.js [36m304[0m 2.098 ms - -[0m
[0mGET /images/favicon.ico [36m304[0m 2.834 ms - -[0m
[0mGET /images/google.png [32m200[0m 24.645 ms - 3225[0m
[0mGET /users/signup [32m200[0m 11.827 ms - 2878[0m
[0mGET /css/signin.css [36m304[0m 2.279 ms - -[0m
[0mGET /css/_header.css [36m304[0m 3.151 ms - -[0m
[0mGET /css/layout.css [36m304[0m 5.960 ms - -[0m
[0mGET /images/favicon.ico [36m304[0m 1.614 ms - -[0m
[0mGET /images/google.png [36m304[0m 1.930 ms - -[0m
[0mGET /js/layout.js [36m304[0m 1.074 ms - -[0m
[0mGET /users/verify_mobile [32m200[0m 13.223 ms - 2634[0m
[0mGET /css/signin.css [36m304[0m 3.079 ms - -[0m
[0mGET /css/_header.css [36m304[0m 4.425 ms - -[0m
[0mGET /images/favicon.ico [36m304[0m 4.942 ms - -[0m
[0mGET /images/google.png [36m304[0m 4.946 ms - -[0m
[0mGET /js/layout.js [36m304[0m 4.741 ms - -[0m
[0mGET /css/layout.css [36m304[0m 19.028 ms - -[0m
[0mGET /users/upload_notes_page [32m200[0m 14.336 ms - 2634[0m
[0mGET /css/signin.css [36m304[0m 3.230 ms - -[0m
[0mGET /css/_header.css [36m304[0m 3.752 ms - -[0m
[0mGET /css/layout.css [36m304[0m 8.926 ms - -[0m
[0mGET /images/favicon.ico [36m304[0m 3.085 ms - -[0m
[0mGET /images/google.png [36m304[0m 5.284 ms - -[0m
[0mGET /js/layout.js [36m304[0m 3.329 ms - -[0m
[0mGET /users/signin [36m304[0m 11.226 ms - -[0m
[0mGET /css/signin.css [36m304[0m 2.431 ms - -[0m
[0mGET /css/_header.css [36m304[0m 3.052 ms - -[0m
[0mGET /css/layout.css [36m304[0m 6.666 ms - -[0m
[0mGET /js/layout.js [36m304[0m 2.654 ms - -[0m
[0mGET /images/favicon.ico [36m304[0m 2.916 ms - -[0m
[0mGET /images/google.png [36m304[0m 1.035 ms - -[0m
[0mGET /users/auth/google [36m302[0m 14.171 ms - 0[0m
[0mGET /users/auth/google/callback?code=4%2F0AWtgzh4IVdlFHe8542dm0zB6RjRxkACs6ugjGfwlwW3hZwT8xewcKhCsubbLzYDNX1andw&scope=email+profile+https%3A%2F%2Fwww.googleapis.com%2Fauth%2Fuserinfo.profile+openid+https%3A%2F%2Fwww.googleapis.com%2Fauth%2Fuserinfo.email&authuser=0&prompt=none [36m302[0m 1851.653 ms - 72[0m
[0mGET /users/profile [32m200[0m 13.990 ms - 2333[0m
[0mGET /css/_header.css [36m304[0m 3.695 ms - -[0m
[0mGET /css/layout.css [36m304[0m 18.259 ms - -[0m
[0mGET /css/profile.css [36m304[0m 19.292 ms - -[0m
[0mGET /js/profile.js [36m304[0m 4.858 ms - -[0m
[0mGET /js/layout.js [36m304[0m 13.668 ms - -[0m
[0mGET /images/favicon.ico [36m304[0m 13.884 ms - -[0m
[0mGET /users/profile [32m200[0m 11.601 ms - 2634[0m
[0mGET /css/signin.css [36m304[0m 1.368 ms - -[0m
[0mGET /css/layout.css [36m304[0m 5.214 ms - -[0m
[0mGET /css/_header.css [36m304[0m 2.558 ms - -[0m
[0mGET /images/favicon.ico [36m304[0m 1.555 ms - -[0m
[0mGET /images/google.png [36m304[0m 1.869 ms - -[0m
[0mGET /js/layout.js [36m304[0m 0.779 ms - -[0m
[0mGET /users/upload_notes_page [36m304[0m 18.829 ms - -[0m
[0mGET /css/signin.css [36m304[0m 1.755 ms - -[0m
[0mGET /css/_header.css [36m304[0m 2.386 ms - -[0m
[0mGET /css/layout.css [36m304[0m 6.032 ms - -[0m
[0mGET /images/favicon.ico [36m304[0m 1.603 ms - -[0m
[0mGET /images/google.png [36m304[0m 1.692 ms - -[0m
[0mGET /js/layout.js [36m304[0m 0.931 ms - -[0m
[0mGET /users/upload_notes_page [36m304[0m 10.721 ms - -[0m
[0mGET /css/signin.css [36m304[0m 1.907 ms - -[0m
[0mGET /css/_header.css [36m304[0m 2.523 ms - -[0m
[0mGET /css/layout.css [36m304[0m 5.248 ms - -[0m
[0mGET /js/layout.js [36m304[0m 1.876 ms - -[0m
[0mGET /images/favicon.ico [36m304[0m 3.386 ms - -[0m
[0mGET /images/google.png [36m304[0m 2.392 ms - -[0m
[0mGET /images/favicon.ico [36m304[0m 0.989 ms - -[0m
[0mGET /users/auth/google [36m302[0m 7.190 ms - 0[0m
[0mGET /users/upload_notes_page [36m304[0m 12.150 ms - -[0m
[0mGET /css/signin.css [36m304[0m 8.443 ms - -[0m
[0mGET /css/layout.css [36m304[0m 12.989 ms - -[0m
[0mGET /css/_header.css [36m304[0m 6.097 ms - -[0m
[0mGET /js/layout.js [36m304[0m 4.337 ms - -[0m
[0mGET /images/favicon.ico [36m304[0m 4.613 ms - -[0m
[0mGET /images/google.png [36m304[0m 4.897 ms - -[0m
[0mGET /images/favicon.ico [36m304[0m 2.067 ms - -[0m
[0mGET /users/profile [36m304[0m 12.025 ms - -[0m
[0mGET /css/signin.css [36m304[0m 10.235 ms - -[0m
[0mGET /css/_header.css [36m304[0m 11.986 ms - -[0m
[0mGET /css/layout.css [36m304[0m 16.859 ms - -[0m
[0mGET /images/google.png [36m304[0m 3.534 ms - -[0m
[0mGET /js/layout.js [36m304[0m 2.551 ms - -[0m
[0mGET /images/favicon.ico [36m304[0m 3.071 ms - -[0m
[0mGET /users/forget_password [32m200[0m 33.674 ms - 2205[0m
[0mGET /css/signin.css [36m304[0m 3.038 ms - -[0m
[0mGET /css/_header.css [36m304[0m 4.096 ms - -[0m
[0mGET /css/layout.css [36m304[0m 11.374 ms - -[0m
[0mGET /images/favicon.ico [36m304[0m 1.381 ms - -[0m
[0mGET /js/layout.js [36m304[0m 1.315 ms - -[0m
[0mGET /users/upload_notes_page [36m304[0m 11.866 ms - -[0m
[0mGET /users/signin [36m304[0m 10.943 ms - -[0m
[0mGET /css/layout.css [36m304[0m 4.112 ms - -[0m
[0mGET /css/signin.css [36m304[0m 3.984 ms - -[0m
[0mGET /css/_header.css [36m304[0m 4.358 ms - -[0m
[0mGET /images/google.png [36m304[0m 3.071 ms - -[0m
[0mGET /images/favicon.ico [36m304[0m 3.490 ms - -[0m
[0mGET /js/layout.js [36m304[0m 3.815 ms - -[0m
[0mPOST /users/create_session [36m302[0m 1332.550 ms - 72[0m
[0mGET /users/profile [32m200[0m 18.733 ms - 2333[0m
[0mGET /js/layout.js [36m304[0m 4.788 ms - -[0m
[0mGET /images/favicon.ico [36m304[0m 5.774 ms - -[0m
[0mGET /css/_header.css [36m304[0m 11.936 ms - -[0m
[0mGET /css/layout.css [36m304[0m 21.078 ms - -[0m
[0mGET /css/profile.css [32m200[0m 24.410 ms - 30[0m
[0mGET /js/profile.js [32m200[0m 26.833 ms - 1717[0m
[0mGET /users/upload_notes_page [32m200[0m 19.583 ms - 2735[0m
[0mGET /css/_header.css [36m304[0m 2.610 ms - -[0m
[0mGET /css/layout.css [36m304[0m 7.370 ms - -[0m
[0mGET /images/favicon.ico [36m304[0m 1.272 ms - -[0m
[0mGET /js/layout.js [36m304[0m 1.417 ms - -[0m
[0mGET /css/upload_notes.css [32m200[0m 31.072 ms - 1965[0m
[0mGET /users/verify_mobile [32m200[0m 126.106 ms - 2330[0m
[0mGET /css/_header.css [36m304[0m 2.977 ms - -[0m
[0mGET /css/layout.css [36m304[0m 7.392 ms - -[0m
[0mGET /css/verify_mobile.css [32m200[0m 17.161 ms - 1488[0m
[0mGET /images/favicon.ico [36m304[0m 4.310 ms - -[0m
[0mGET /js/layout.js [36m304[0m 2.698 ms - -[0m
[0mGET /js/verify_mobile.js [32m200[0m 26.171 ms - 805[0m
[0mGET /users/upload_notes_page [36m304[0m 17.848 ms - -[0m
[0mGET /css/upload_notes.css [36m304[0m 3.103 ms - -[0m
[0mGET /css/_header.css [36m304[0m 3.918 ms - -[0m
[0mGET /css/layout.css [36m304[0m 8.689 ms - -[0m
[0mGET /images/favicon.ico [36m304[0m 2.566 ms - -[0m
[0mGET /js/layout.js [36m304[0m 1.358 ms - -[0m
[0mGET /users/profile [32m200[0m 17.401 ms - 2119[0m
[0mGET /css/_header.css [36m304[0m 2.722 ms - -[0m
[0mGET /css/profile.css [36m304[0m 7.518 ms - -[0m
[0mGET /css/layout.css [36m304[0m 9.779 ms - -[0m
[0mGET /images/favicon.ico [36m304[0m 3.517 ms - -[0m
[0mGET /js/profile.js [36m304[0m 2.826 ms - -[0m
[0mGET /js/layout.js [36m304[0m 3.520 ms - -[0m
[0mGET / [36m304[0m 19.927 ms - -[0m
[0mGET /css/layout.css [36m304[0m 3.570 ms - -[0m
[0mGET /css/home.css [36m304[0m 2.702 ms - -[0m
[0mGET /css/_header.css [36m304[0m 3.394 ms - -[0m
[0mGET /images/favicon.ico [36m304[0m 1.471 ms - -[0m
[0mGET /js/layout.js [36m304[0m 2.939 ms - -[0m
[0mGET /images/asset%202.png [36m304[0m 2.023 ms - -[0m
[0mGET /users/upload_notes_page [36m304[0m 16.506 ms - -[0m
[0mGET /css/upload_notes.css [36m304[0m 2.572 ms - -[0m
[0mGET /css/_header.css [36m304[0m 3.460 ms - -[0m
[0mGET /css/layout.css [36m304[0m 8.401 ms - -[0m
[0mGET /images/favicon.ico [36m304[0m 1.060 ms - -[0m
[0mGET /js/layout.js [36m304[0m 0.976 ms - -[0m
[0mGET /users/profile [36m304[0m 17.247 ms - -[0m
[0mGET /css/_header.css [36m304[0m 1.155 ms - -[0m
[0mGET /css/profile.css [36m304[0m 4.117 ms - -[0m
[0mGET /css/layout.css [36m304[0m 6.565 ms - -[0m
[0mGET /images/favicon.ico [36m304[0m 1.048 ms - -[0m
[0mGET /js/profile.js [36m304[0m 1.895 ms - -[0m
[0mGET /js/layout.js [36m304[0m 2.354 ms - -[0m
[0mGET /users/upload_notes_page [36m304[0m 17.074 ms - -[0m
[0mGET /css/upload_notes.css [36m304[0m 3.127 ms - -[0m
[0mGET /css/_header.css [36m304[0m 4.138 ms - -[0m
[0mGET /css/layout.css [36m304[0m 9.011 ms - -[0m
[0mGET /images/favicon.ico [36m304[0m 1.410 ms - -[0m
[0mGET /js/layout.js [36m304[0m 1.255 ms - -[0m
[0mGET /users/verify_mobile [36m304[0m 17.863 ms - -[0m
[0mGET /css/verify_mobile.css [36m304[0m 3.873 ms - -[0m
[0mGET /css/_header.css [36m304[0m 5.519 ms - -[0m
[0mGET /images/favicon.ico [36m304[0m 2.199 ms - -[0m
[0mGET /css/layout.css [36m304[0m 14.233 ms - -[0m
[0mGET /js/verify_mobile.js [36m304[0m 2.454 ms - -[0m
[0mGET /js/layout.js [36m304[0m 2.442 ms - -[0m
[0mGET /users/upload_notes_page [36m304[0m 19.878 ms - -[0m
[0mGET /css/upload_notes.css [36m304[0m 3.919 ms - -[0m
[0mGET /css/_header.css [36m304[0m 5.530 ms - -[0m
[0mGET /css/layout.css [36m304[0m 10.821 ms - -[0m
[0mGET /images/favicon.ico [36m304[0m 1.380 ms - -[0m
[0mGET /js/layout.js [36m304[0m 12.354 ms - -[0m
[0mGET /users/profile [36m304[0m 19.493 ms - -[0m
[0mGET /css/_header.css [36m304[0m 1.259 ms - -[0m
[0mGET /css/profile.css [36m304[0m 3.702 ms - -[0m
[0mGET /css/layout.css [36m304[0m 5.731 ms - -[0m
[0mGET /images/favicon.ico [36m304[0m 0.927 ms - -[0m
[0mGET /js/profile.js [36m304[0m 1.876 ms - -[0m
[0mGET /js/layout.js [36m304[0m 2.581 ms - -[0m
[0mGET / [36m304[0m 18.892 ms - -[0m
[0mGET /images/favicon.ico [36m304[0m 4.862 ms - -[0m
[0mGET /js/layout.js [36m304[0m 5.668 ms - -[0m
[0mGET /images/asset%202.png [36m304[0m 6.790 ms - -[0m
[0mGET /css/home.css [36m304[0m 17.070 ms - -[0m
[0mGET /css/_header.css [36m304[0m 18.200 ms - -[0m
[0mGET /css/layout.css [36m304[0m 23.883 ms - -[0m
[0mGET /users/profile [36m304[0m 17.262 ms - -[0m
[0mGET /images/favicon.ico [36m304[0m 3.266 ms - -[0m
[0mGET /js/profile.js [36m304[0m 3.187 ms - -[0m
[0mGET /js/layout.js [36m304[0m 3.477 ms - -[0m
[0mGET /css/_header.css [36m304[0m 10.187 ms - -[0m
[0mGET /css/layout.css [36m304[0m 16.916 ms - -[0m
[0mGET /css/profile.css [36m304[0m 17.857 ms - -[0m
[0mGET / [36m304[0m 16.542 ms - -[0m
[0mGET /css/home.css [36m304[0m 2.998 ms - -[0m
[0mGET /css/_header.css [36m304[0m 3.848 ms - -[0m
[0mGET /css/layout.css [36m304[0m 8.128 ms - -[0m
[0mGET /images/asset%202.png [36m304[0m 4.156 ms - -[0m
[0mGET /images/favicon.ico [36m304[0m 4.827 ms - -[0m
[0mGET /js/layout.js [36m304[0m 5.572 ms - -[0m
[0mGET / [36m304[0m 16.390 ms - -[0m
[0mGET /css/home.css [36m304[0m 2.276 ms - -[0m
[0mGET /css/layout.css [36m304[0m 6.271 ms - -[0m
[0mGET /css/_header.css [36m304[0m 2.617 ms - -[0m
[0mGET /js/layout.js [36m304[0m 7.266 ms - -[0m
[0mGET /images/favicon.ico [36m304[0m 7.490 ms - -[0m
[0mGET /images/asset%202.png [36m304[0m 8.008 ms - -[0m
[0mGET /images/favicon.ico [36m304[0m 2.054 ms - -[0m
[0mGET /users/signup [36m304[0m 10.278 ms - -[0m
[0mGET /js/layout.js [36m304[0m 5.950 ms - -[0m
[0mGET /images/favicon.ico [36m304[0m 6.449 ms - -[0m
[0mGET /images/google.png [36m304[0m 4.267 ms - -[0m
[0mGET /css/signin.css [36m304[0m 19.181 ms - -[0m
[0mGET /css/_header.css [36m304[0m 16.393 ms - -[0m
[0mGET /css/layout.css [36m304[0m 23.042 ms - -[0m
[0mGET /users/profile [36m304[0m 23.634 ms - -[0m
[0mGET /images/favicon.ico [36m304[0m 1.759 ms - -[0m
[0mGET /css/_header.css [36m304[0m 5.120 ms - -[0m
[0mGET /css/layout.css [36m304[0m 12.877 ms - -[0m
[0mGET /css/profile.css [36m304[0m 11.396 ms - -[0m
[0mGET /js/profile.js [36m304[0m 2.602 ms - -[0m
[0mGET /js/layout.js [36m304[0m 2.753 ms - -[0m
[0mGET /users/upload_notes_page [36m304[0m 19.404 ms - -[0m
[0mGET /images/favicon.ico [36m304[0m 3.861 ms - -[0m
[0mGET /js/layout.js [36m304[0m 4.928 ms - -[0m
[0mGET /css/upload_notes.css [36m304[0m 13.922 ms - -[0m
[0mGET /css/_header.css [36m304[0m 12.664 ms - -[0m
[0mGET /css/layout.css [36m304[0m 20.556 ms - -[0m
[0mGET /users/verify_mobile [36m304[0m 16.493 ms - -[0m
[0mGET /css/verify_mobile.css [36m304[0m 12.348 ms - -[0m
[0mGET /css/layout.css [36m304[0m 16.666 ms - -[0m
[0mGET /images/favicon.ico [36m304[0m 9.021 ms - -[0m
[0mGET /css/_header.css [36m304[0m 15.350 ms - -[0m
[0mGET /js/verify_mobile.js [36m304[0m 4.107 ms - -[0m
[0mGET /js/layout.js [36m304[0m 4.742 ms - -[0m
[0mGET /users/logout [36m302[0m 12.763 ms - 70[0m
[0mGET /users/signin [36m304[0m 12.441 ms - -[0m
[0mGET /css/signin.css [36m304[0m 2.858 ms - -[0m
[0mGET /css/_header.css [36m304[0m 3.414 ms - -[0m
[0mGET /css/layout.css [36m304[0m 6.907 ms - -[0m
[0mGET /images/favicon.ico [36m304[0m 0.945 ms - -[0m
[0mGET /js/layout.js [36m304[0m 1.791 ms - -[0m
[0mGET /images/google.png [36m304[0m 1.971 ms - -[0m
[0mGET /users/verify_mobile [32m200[0m 12.828 ms - 2634[0m
[0mGET /css/signin.css [36m304[0m 4.382 ms - -[0m
[0mGET /css/_header.css [36m304[0m 3.416 ms - -[0m
[0mGET /css/layout.css [36m304[0m 8.571 ms - -[0m
[0mGET /images/google.png [36m304[0m 2.280 ms - -[0m
[0mGET /images/favicon.ico [36m304[0m 3.483 ms - -[0m
[0mGET /js/layout.js [36m304[0m 1.936 ms - -[0m
[0mGET /users/upload_notes_page [32m200[0m 12.037 ms - 2634[0m
[0mGET /css/signin.css [36m304[0m 2.930 ms - -[0m
[0mGET /css/_header.css [36m304[0m 3.822 ms - -[0m
[0mGET /css/layout.css [36m304[0m 8.414 ms - -[0m
[0mGET /images/google.png [36m304[0m 3.750 ms - -[0m
[0mGET /images/favicon.ico [36m304[0m 3.975 ms - -[0m
[0mGET /js/layout.js [36m304[0m 4.081 ms - -[0m
[0mGET /users/profile [32m200[0m 14.957 ms - 2634[0m
[0mGET /css/signin.css [36m304[0m 1.862 ms - -[0m
[0mGET /css/_header.css [36m304[0m 3.080 ms - -[0m
[0mGET /css/layout.css [36m304[0m 5.736 ms - -[0m
[0mGET /images/google.png [36m304[0m 1.698 ms - -[0m
[0mGET /images/favicon.ico [36m304[0m 3.516 ms - -[0m
[0mGET /js/layout.js [36m304[0m 0.775 ms - -[0m
[0mGET / [36m304[0m 13.914 ms - -[0m
[0mGET /css/home.css [36m304[0m 2.927 ms - -[0m
[0mGET /css/_header.css [36m304[0m 4.065 ms - -[0m
[0mGET /css/layout.css [36m304[0m 8.618 ms - -[0m
[0mGET /images/favicon.ico [36m304[0m 1.562 ms - -[0m
[0mGET /js/layout.js [36m304[0m 4.009 ms - -[0m
[0mGET /images/asset%202.png [36m304[0m 5.674 ms - -[0m
[0mGET /users/signin [36m304[0m 11.267 ms - -[0m
[0mGET /css/signin.css [36m304[0m 2.768 ms - -[0m
[0mGET /css/_header.css [36m304[0m 3.514 ms - -[0m
[0mGET /css/layout.css [36m304[0m 9.104 ms - -[0m
[0mGET /images/google.png [36m304[0m 1.954 ms - -[0m
[0mGET /images/favicon.ico [36m304[0m 6.562 ms - -[0m
[0mGET /js/layout.js [36m304[0m 9.037 ms - -[0m
[0mGET / [36m304[0m 12.102 ms - -[0m
[0mGET /css/home.css [36m304[0m 2.285 ms - -[0m
[0mGET /css/_header.css [36m304[0m 3.125 ms - -[0m
[0mGET /css/layout.css [36m304[0m 7.944 ms - -[0m
[0mGET /images/asset%202.png [36m304[0m 2.411 ms - -[0m
[0mGET /images/favicon.ico [36m304[0m 3.632 ms - -[0m
[0mGET /js/layout.js [36m304[0m 2.352 ms - -[0m
[0mGET /users/signin [36m304[0m 11.257 ms - -[0m
[0mGET /css/signin.css [36m304[0m 9.067 ms - -[0m
[0mGET /images/google.png [36m304[0m 5.604 ms - -[0m
[0mGET /images/favicon.ico [36m304[0m 6.020 ms - -[0m
[0mGET /js/layout.js [36m304[0m 6.335 ms - -[0m
[0mGET /css/_header.css [36m304[0m 12.042 ms - -[0m
[0mGET /css/layout.css [36m304[0m 22.687 ms - -[0m
[0mGET /users/signup [36m304[0m 13.635 ms - -[0m
[0mGET /css/signin.css [36m304[0m 2.866 ms - -[0m
[0mGET /css/_header.css [36m304[0m 3.611 ms - -[0m
[0mGET /css/layout.css [36m304[0m 8.495 ms - -[0m
[0mGET /images/google.png [36m304[0m 1.616 ms - -[0m
[0mGET /images/favicon.ico [36m304[0m 3.366 ms - -[0m
[0mGET /js/layout.js [36m304[0m 2.788 ms - -[0m
[0mGET / [36m304[0m 11.540 ms - -[0m
[0mGET /css/home.css [36m304[0m 3.569 ms - -[0m
[0mGET /css/_header.css [36m304[0m 3.781 ms - -[0m
[0mGET /css/layout.css [36m304[0m 8.640 ms - -[0m
[0mGET /images/asset%202.png [36m304[0m 3.606 ms - -[0m
[0mGET /images/favicon.ico [36m304[0m 3.823 ms - -[0m
[0mGET /js/layout.js [36m304[0m 3.930 ms - -[0m
[0mGET /users/upload_notes_page [36m304[0m 13.597 ms - -[0m
[0mGET /css/signin.css [36m304[0m 6.327 ms - -[0m
[0mGET /images/google.png [36m304[0m 4.204 ms - -[0m
[0mGET /images/favicon.ico [36m304[0m 4.276 ms - -[0m
[0mGET /js/layout.js [36m304[0m 4.894 ms - -[0m
[0mGET /css/_header.css [36m304[0m 10.066 ms - -[0m
[0mGET /css/layout.css [36m304[0m 16.727 ms - -[0m
[0mGET / [36m304[0m 17.812 ms - -[0m
[0mGET /css/home.css [36m304[0m 1.651 ms - -[0m
[0mGET /css/_header.css [36m304[0m 2.363 ms - -[0m
[0mGET /css/layout.css [36m304[0m 5.977 ms - -[0m
[0mGET /images/asset%202.png [36m304[0m 1.493 ms - -[0m
[0mGET /images/favicon.ico [36m304[0m 1.727 ms - -[0m
[0mGET /js/layout.js [36m304[0m 0.964 ms - -[0m
[0mGET /users/signin [36m304[0m 17.488 ms - -[0m
[0mGET /css/signin.css [36m304[0m 3.051 ms - -[0m
[0mGET /css/layout.css [36m304[0m 8.630 ms - -[0m
[0mGET /css/_header.css [36m304[0m 3.379 ms - -[0m
[0mGET /images/google.png [36m304[0m 1.746 ms - -[0m
[0mGET /images/favicon.ico [36m304[0m 2.003 ms - -[0m
[0mGET /js/layout.js [36m304[0m 1.196 ms - -[0m
[0mGET /users/profile [36m304[0m 11.438 ms - -[0m
[0mGET /css/signin.css [36m304[0m 2.998 ms - -[0m
[0mGET /css/_header.css [36m304[0m 3.454 ms - -[0m
[0mGET /css/layout.css [36m304[0m 10.336 ms - -[0m
[0mGET /images/google.png [36m304[0m 2.726 ms - -[0m
[0mGET /images/favicon.ico [36m304[0m 3.337 ms - -[0m
[0mGET /js/layout.js [36m304[0m 1.789 ms - -[0m
[0mGET /users/profile [36m304[0m 14.646 ms - -[0m
[0mGET /css/layout.css [36m304[0m 5.876 ms - -[0m
[0mGET /css/_header.css [36m304[0m 4.487 ms - -[0m
[0mGET /css/signin.css [36m304[0m 2.955 ms - -[0m
[0mGET /js/layout.js [36m304[0m 2.645 ms - -[0m
[0mGET /images/favicon.ico [36m304[0m 1.046 ms - -[0m
[0mGET /images/google.png [36m304[0m 0.726 ms - -[0m
[0mGET /images/favicon.ico [36m304[0m 1.432 ms - -[0m
[0mGET / [36m304[0m 6.829 ms - -[0m
[0mGET /images/asset%202.png [36m304[0m 2.808 ms - -[0m
[0mGET /css/_header.css [36m304[0m 5.863 ms - -[0m
[0mGET /css/layout.css [36m304[0m 9.304 ms - -[0m
[0mGET /css/home.css [32m200[0m 8.873 ms - 1603[0m
[0mGET /js/layout.js [36m304[0m 1.207 ms - -[0m
[0mGET /images/favicon.ico [36m304[0m 1.370 ms - -[0m
[0mGET / [36m304[0m 35.363 ms - -[0m
[0mGET /css/home.css [36m304[0m 4.364 ms - -[0m
[0mGET /css/_header.css [36m304[0m 5.527 ms - -[0m
[0mGET /css/layout.css [36m304[0m 13.097 ms - -[0m
[0mGET /js/layout.js [36m304[0m 3.456 ms - -[0m
[0mGET /images/favicon.ico [36m304[0m 3.375 ms - -[0m
[0mGET /images/asset%202.png [36m304[0m 3.433 ms - -[0m
[0mGET /images/favicon.ico [36m304[0m 1.475 ms - -[0m
[0mGET / [36m304[0m 12.914 ms - -[0m
[0mGET /css/home.css [36m304[0m 1.644 ms - -[0m
[0mGET /css/_header.css [36m304[0m 2.279 ms - -[0m
[0mGET /css/layout.css [36m304[0m 5.552 ms - -[0m
[0mGET /js/layout.js [36m304[0m 6.005 ms - -[0m
[0mGET /images/favicon.ico [36m304[0m 6.531 ms - -[0m
[0mGET /images/asset%202.png [36m304[0m 7.171 ms - -[0m
[0mGET /images/favicon.ico [36m304[0m 2.344 ms - -[0m
[0mGET / [36m304[0m 14.896 ms - -[0m
[0mGET /css/_header.css [36m304[0m 2.867 ms - -[0m
[0mGET /css/home.css [32m200[0m 8.262 ms - 1604[0m
[0mGET /css/layout.css [36m304[0m 13.188 ms - -[0m
[0mGET /js/layout.js [36m304[0m 2.018 ms - -[0m
[0mGET /images/favicon.ico [36m304[0m 1.593 ms - -[0m
[0mGET /images/asset%202.png [36m304[0m 1.402 ms - -[0m
[0mGET /images/favicon.ico [36m304[0m 1.430 ms - -[0m
[0mGET / [36m304[0m 11.597 ms - -[0m
[0mGET /css/home.css [36m304[0m 4.143 ms - -[0m
[0mGET /css/_header.css [36m304[0m 4.884 ms - -[0m
[0mGET /css/layout.css [36m304[0m 7.837 ms - -[0m
[0mGET /js/layout.js [36m304[0m 2.698 ms - -[0m
[0mGET /images/favicon.ico [36m304[0m 3.387 ms - -[0m
[0mGET /images/asset%202.png [36m304[0m 3.536 ms - -[0m
[0mGET /images/favicon.ico [36m304[0m 0.922 ms - -[0m
[0mGET / [36m304[0m 10.819 ms - -[0m
[0mGET /js/layout.js [36m304[0m 5.373 ms - -[0m
[0mGET /css/home.css [36m304[0m 10.583 ms - -[0m
[0mGET /css/_header.css [36m304[0m 10.423 ms - -[0m
[0mGET /images/favicon.ico [36m304[0m 5.511 ms - -[0m
[0mGET /images/asset%202.png [36m304[0m 5.420 ms - -[0m
[0mGET /css/layout.css [36m304[0m 17.357 ms - -[0m
[0mGET /images/favicon.ico [36m304[0m 0.962 ms - -[0m
[0mGET / [36m304[0m 8.993 ms - -[0m
[0mGET /css/layout.css [36m304[0m 5.783 ms - -[0m
[0mGET /css/home.css [32m200[0m 5.792 ms - 1604[0m
[0mGET /css/_header.css [36m304[0m 3.803 ms - -[0m
[0mGET /js/layout.js [36m304[0m 4.324 ms - -[0m
[0mGET /images/favicon.ico [36m304[0m 4.765 ms - -[0m
[0mGET /images/asset%202.png [36m304[0m 5.147 ms - -[0m
[0mGET /images/favicon.ico [36m304[0m 1.124 ms - -[0m
[0mGET / [36m304[0m 11.546 ms - -[0m
[0mGET /css/layout.css [36m304[0m 2.443 ms - -[0m
[0mGET /css/home.css [36m304[0m 2.978 ms - -[0m
[0mGET /css/_header.css [36m304[0m 3.470 ms - -[0m
[0mGET /js/layout.js [36m304[0m 1.117 ms - -[0m
[0mGET /images/favicon.ico [36m304[0m 1.313 ms - -[0m
[0mGET /images/asset%202.png [36m304[0m 1.245 ms - -[0m
[0mGET /images/favicon.ico [36m304[0m 1.273 ms - -[0m
[0mGET / [36m304[0m 7.437 ms - -[0m
[0mGET /css/layout.css [36m304[0m 3.390 ms - -[0m
[0mGET /css/home.css [32m200[0m 3.161 ms - 1604[0m
[0mGET /js/layout.js [36m304[0m 3.894 ms - -[0m
[0mGET /images/favicon.ico [36m304[0m 4.760 ms - -[0m
[0mGET /images/asset%202.png [36m304[0m 3.315 ms - -[0m
[0mGET /css/_header.css [36m304[0m 8.136 ms - -[0m
[0mGET /images/favicon.ico [36m304[0m 1.146 ms - -[0m
[0mGET / [32m200[0m 15.304 ms - 2318[0m
[0mGET /css/layout.css [36m304[0m 2.971 ms - -[0m
[0mGET /css/home.css [32m200[0m 6.612 ms - 1715[0m
[0mGET /css/_header.css [36m304[0m 1.650 ms - -[0m
[0mGET /js/layout.js [36m304[0m 1.322 ms - -[0m
[0mGET /images/favicon.ico [36m304[0m 2.772 ms - -[0m
[0mGET /assets/asset%202.png [33m404[0m 19.899 ms - 159[0m
[0mGET / [32m200[0m 26.217 ms - 2317[0m
[0mGET /css/home.css [36m304[0m 7.362 ms - -[0m
[0mGET /css/layout.css [36m304[0m 12.332 ms - -[0m
[0mGET /css/_header.css [36m304[0m 3.153 ms - -[0m
[0mGET /js/layout.js [36m304[0m 1.146 ms - -[0m
[0mGET /images/favicon.ico [36m304[0m 1.880 ms - -[0m
[0mGET /images/asset%202.png [36m304[0m 1.120 ms - -[0m
[0mGET / [32m200[0m 13.542 ms - 2317[0m
[0mGET /js/layout.js [36m304[0m 4.078 ms - -[0m
[0mGET /images/favicon.ico [36m304[0m 4.332 ms - -[0m
[0mGET /images/asset%202.png [36m304[0m 4.528 ms - -[0m
[0mGET /css/_header.css [36m304[0m 9.691 ms - -[0m
[0mGET /css/layout.css [36m304[0m 16.936 ms - -[0m
[0mGET /css/home.css [32m200[0m 15.649 ms - 1715[0m
[0mGET /images/favicon.ico [36m304[0m 1.329 ms - -[0m
[0mGET / [36m304[0m 10.380 ms - -[0m
[0mGET /css/home.css [36m304[0m 1.117 ms - -[0m
[0mGET /css/layout.css [36m304[0m 3.614 ms - -[0m
[0mGET /css/_header.css [36m304[0m 2.282 ms - -[0m
[0mGET /js/layout.js [36m304[0m 4.542 ms - -[0m
[0mGET /images/favicon.ico [36m304[0m 4.035 ms - -[0m
[0mGET /images/asset%202.png [36m304[0m 3.872 ms - -[0m
[0mGET /images/favicon.ico [36m304[0m 1.400 ms - -[0m
[0mGET / [36m304[0m 13.322 ms - -[0m
[0mGET /css/home.css [36m304[0m 3.493 ms - -[0m
[0mGET /css/_header.css [36m304[0m 5.916 ms - -[0m
[0mGET /css/layout.css [36m304[0m 15.392 ms - -[0m
[0mGET /js/layout.js [36m304[0m 5.905 ms - -[0m
[0mGET /images/favicon.ico [36m304[0m 4.731 ms - -[0m
[0mGET /images/asset%202.png [36m304[0m 4.718 ms - -[0m
[0mGET /images/favicon.ico [36m304[0m 1.319 ms - -[0m
[0mGET / [32m200[0m 13.011 ms - 2344[0m
[0mGET /css/home.css [36m304[0m 1.638 ms - -[0m
[0mGET /css/layout.css [36m304[0m 5.332 ms - -[0m
[0mGET /js/layout.js [36m304[0m 3.862 ms - -[0m
[0mGET /images/favicon.ico [36m304[0m 4.253 ms - -[0m
[0mGET /images/asset%202.png [36m304[0m 7.483 ms - -[0m
[0mGET /css/_header.css [36m304[0m 13.480 ms - -[0m
[0mGET /images/favicon.ico [36m304[0m 1.495 ms - -[0m
[0mGET / [32m200[0m 14.950 ms - 2344[0m
[0mGET /css/layout.css [36m304[0m 4.749 ms - -[0m
[0mGET /css/home.css [32m200[0m 4.272 ms - 4864[0m
[0mGET /css/_header.css [36m304[0m 3.589 ms - -[0m
[0mGET /js/layout.js [36m304[0m 4.237 ms - -[0m
[0mGET /images/favicon.ico [36m304[0m 4.178 ms - -[0m
[0mGET /images/asset%202.png [36m304[0m 4.700 ms - -[0m
[0mGET /images/favicon.ico [36m304[0m 0.915 ms - -[0m
[0mGET / [32m200[0m 17.913 ms - 10620[0m
[0mGET /css/layout.css [36m304[0m 2.266 ms - -[0m
[0mGET /css/home.css [32m200[0m 1.990 ms - 4864[0m
[0mGET /css/_header.css [36m304[0m 1.340 ms - -[0m
[0mGET /js/layout.js [36m304[0m 2.784 ms - -[0m
[0mGET /images/favicon.ico [36m304[0m 2.829 ms - -[0m
[0mGET /images/asset%202.png [36m304[0m 3.880 ms - -[0m
[0mGET /assets/asset%203.png [33m404[0m 8.268 ms - 159[0m
[0mGET /assets/asset%204.png [33m404[0m 39.048 ms - 159[0m
[0mGET /assets/asset%205.png [33m404[0m 83.176 ms - 159[0m
[0mGET /assets/asset%206.png [33m404[0m 91.092 ms - 159[0m
[0mGET /assets/asset%207.png [33m404[0m 190.749 ms - 159[0m
[0mGET /assets/asset%208.svg [33m404[0m 177.740 ms - 159[0m
[0mGET /assets/asset%209.png [33m404[0m 249.851 ms - 159[0m
[0mGET /assets/asset%2011.svg [33m404[0m 161.614 ms - 160[0m
[0mGET /assets/asset%2013.svg [33m404[0m 62.648 ms - 160[0m
[0mGET /assets/asset%2014.svg [33m404[0m 132.885 ms - 160[0m
[0mGET /assets/asset%2016.svg [33m404[0m 34.782 ms - 160[0m
[0mGET /assets/asset%2015.svg [33m404[0m 77.736 ms - 160[0m
[0mGET /assets/asset%2017.svg [33m404[0m 57.490 ms - 160[0m
[0mGET /assets/asset%2018.png [33m404[0m 48.685 ms - 160[0m
[0mGET /assets/asset%2021.png [33m404[0m 27.987 ms - 160[0m
[0mGET /assets/asset%2024.png [33m404[0m 15.321 ms - 160[0m
[0mGET /assets/asset%201.png [33m404[0m 25.193 ms - 159[0m
[0mGET /assets/asset%2034.jpeg [33m404[0m 15.806 ms - 161[0m
[0mGET /css/assets/asset%2035.jpeg [33m404[0m 90.963 ms - 165[0m
[0mGET /css/assets/asset%2032.svg [33m404[0m 101.401 ms - 164[0m
[0mGET /css/assets/asset%2036.jpeg [33m404[0m 47.440 ms - 165[0m
[0mGET /css/assets/asset%2037.jpeg [33m404[0m 106.381 ms - 165[0m
[0mGET / [32m200[0m 15.212 ms - 10613[0m
[0mGET /css/layout.css [36m304[0m 4.804 ms - -[0m
[0mGET /css/home.css [36m304[0m 1.543 ms - -[0m
[0mGET /css/_header.css [36m304[0m 7.297 ms - -[0m
[0mGET /js/layout.js [36m304[0m 5.301 ms - -[0m
[0mGET /images/favicon.ico [36m304[0m 3.381 ms - -[0m
[0mGET /images/asset%202.png [36m304[0m 3.631 ms - -[0m
[0mGET /images/asset%203.png [32m200[0m 12.043 ms - 4248[0m
[0mGET /images/asset%204.png [32m200[0m 12.291 ms - 7697[0m
[0mGET /images/asset%205.png [32m200[0m 7.718 ms - 19360[0m
[0mGET /images/asset%206.png [32m200[0m 1.671 ms - 4934[0m
[0mGET /images/asset%207.png [32m200[0m 3.453 ms - 2259[0m
[0mGET /images/asset%208.svg [32m200[0m 4.053 ms - 13619[0m
[0mGET /images/asset%209.png [32m200[0m 9.615 ms - 4807[0m
[0mGET /assets/asset%2011.svg [33m404[0m 16.603 ms - 160[0m
[0mGET /assets/asset%2013.svg [33m404[0m 40.509 ms - 160[0m
[0mGET /assets/asset%2016.svg [33m404[0m 43.662 ms - 160[0m
[0mGET /css/assets/asset%2032.svg [33m404[0m 43.153 ms - 164[0m
[0mGET /assets/asset%2017.svg [33m404[0m 104.972 ms - 160[0m
[0mGET /assets/asset%2015.svg [33m404[0m 159.596 ms - 160[0m
[0mGET /assets/asset%2014.svg [33m404[0m 194.776 ms - 160[0m
[0mGET /assets/asset%2021.png [33m404[0m 212.702 ms - 160[0m
[0mGET /assets/asset%2018.png [33m404[0m 238.775 ms - 160[0m
[0mGET /assets/asset%2024.png [33m404[0m 355.968 ms - 160[0m
[0mGET /css/assets/asset%2035.jpeg [33m404[0m 30.363 ms - 165[0m
[0mGET /css/assets/asset%2037.jpeg [33m404[0m 82.000 ms - 165[0m
[0mGET /assets/asset%2034.jpeg [33m404[0m 97.939 ms - 161[0m
[0mGET /assets/asset%201.png [33m404[0m 134.279 ms - 159[0m
[0mGET /css/assets/asset%2036.jpeg [33m404[0m 22.688 ms - 165[0m
[0mGET /images/favicon.ico [36m304[0m 2.028 ms - -[0m
[0mGET / [32m200[0m 19.211 ms - 10607[0m
[0mGET /css/layout.css [36m304[0m 1.888 ms - -[0m
[0mGET /css/home.css [36m304[0m 1.604 ms - -[0m
[0mGET /css/_header.css [36m304[0m 3.619 ms - -[0m
[0mGET /js/layout.js [36m304[0m 2.105 ms - -[0m
[0mGET /images/favicon.ico [36m304[0m 6.155 ms - -[0m
[0mGET /images/asset%202.png [36m304[0m 5.153 ms - -[0m
[0mGET /images/asset%203.png [36m304[0m 1.048 ms - -[0m
[0mGET /images/asset%204.png [36m304[0m 1.159 ms - -[0m
[0mGET /images/asset%205.png [36m304[0m 4.565 ms - -[0m
[0mGET /images/asset%206.png [36m304[0m 9.566 ms - -[0m
[0mGET /images/asset%207.png [36m304[0m 7.193 ms - -[0m
[0mGET /images/asset%208.svg [36m304[0m 5.084 ms - -[0m
[0mGET /images/asset%2011.svg [32m200[0m 5.233 ms - 711[0m
[0mGET /images/asset%209.png [36m304[0m 1.330 ms - -[0m
[0mGET /images/asset%2013.svg [32m200[0m 4.338 ms - 875[0m
[0mGET /images/asset%2014.svg [32m200[0m 1.885 ms - 1771[0m
[0mGET /images/asset%2015.svg [32m200[0m 8.551 ms - 2208[0m
[0mGET /images/asset%2016.svg [32m200[0m 14.927 ms - 1238[0m
[0mGET /images/asset%2017.svg [32m200[0m 8.658 ms - 1801[0m
[0mGET /assets/asset%2021.png [33m404[0m 27.283 ms - 160[0m
[0mGET /assets/asset%2018.png [33m404[0m 25.817 ms - 160[0m
[0mGET /assets/asset%2024.png [33m404[0m 24.209 ms - 160[0m
[0mGET /css/assets/asset%2032.svg [33m404[0m 71.149 ms - 164[0m
[0mGET /css/assets/asset%2035.jpeg [33m404[0m 40.418 ms - 165[0m
[0mGET /assets/asset%201.png [33m404[0m 221.013 ms - 159[0m
[0mGET /css/assets/asset%2036.jpeg [33m404[0m 128.501 ms - 165[0m
[0mGET /assets/asset%2034.jpeg [33m404[0m 160.320 ms - 161[0m
[0mGET /css/assets/asset%2037.jpeg [33m404[0m 77.668 ms - 165[0m
[0mGET /images/favicon.ico [36m304[0m 1.647 ms - -[0m
[0mGET / [32m200[0m 19.999 ms - 10605[0m
[0mGET /css/layout.css [36m304[0m 3.910 ms - -[0m
[0mGET /css/home.css [36m304[0m 3.609 ms - -[0m
[0mGET /css/_header.css [36m304[0m 2.501 ms - -[0m
[0mGET /js/layout.js [36m304[0m 4.667 ms - -[0m
[0mGET /images/favicon.ico [36m304[0m 7.177 ms - -[0m
[0mGET /images/asset%202.png [36m304[0m 9.618 ms - -[0m
[0mGET /images/asset%203.png [36m304[0m 2.203 ms - -[0m
[0mGET /images/asset%204.png [36m304[0m 3.820 ms - -[0m
[0mGET /images/asset%205.png [36m304[0m 2.194 ms - -[0m
[0mGET /images/asset%206.png [36m304[0m 2.445 ms - -[0m
[0mGET /images/asset%207.png [36m304[0m 5.848 ms - -[0m
[0mGET /images/asset%208.svg [36m304[0m 3.405 ms - -[0m
[0mGET /images/asset%209.png [36m304[0m 4.594 ms - -[0m
[0mGET /images/asset%2011.svg [36m304[0m 7.991 ms - -[0m
[0mGET /images/asset%2013.svg [36m304[0m 10.109 ms - -[0m
[0mGET /images/asset%2018.png [32m200[0m 6.373 ms - 246209[0m
[0mGET /images/asset%2021.png [32m200[0m 1.888 ms - 313249[0m
[0mGET /images/asset%2014.svg [36m304[0m 1.463 ms - -[0m
[0mGET /images/asset%2015.svg [36m304[0m 1.131 ms - -[0m
[0mGET /images/asset%2016.svg [36m304[0m 1.085 ms - -[0m
[0mGET /images/asset%2017.svg [36m304[0m 2.527 ms - -[0m
[0mGET /assets/asset%201.png [33m404[0m 30.479 ms - 159[0m
[0mGET /assets/asset%2024.png [33m404[0m 27.392 ms - 160[0m
[0mGET /css/assets/asset%2035.jpeg [33m404[0m 41.287 ms - 165[0m
[0mGET /css/assets/asset%2032.svg [33m404[0m 37.818 ms - 164[0m
[0mGET /assets/asset%2034.jpeg [33m404[0m 70.415 ms - 161[0m
[0mGET /css/assets/asset%2036.jpeg [33m404[0m 63.113 ms - 165[0m
[0mGET /css/assets/asset%2037.jpeg [33m404[0m 90.141 ms - 165[0m
[0mGET /images/favicon.ico [36m304[0m 6.103 ms - -[0m
[0mGET / [32m200[0m 24.795 ms - 10604[0m
[0mGET /css/layout.css [36m304[0m 2.211 ms - -[0m
[0mGET /css/home.css [36m304[0m 2.879 ms - -[0m
[0mGET /css/_header.css [36m304[0m 1.909 ms - -[0m
[0mGET /images/favicon.ico [36m304[0m 4.046 ms - -[0m
[0mGET /images/asset%202.png [36m304[0m 4.096 ms - -[0m
[0mGET /images/asset%203.png [36m304[0m 3.757 ms - -[0m
[0mGET /js/layout.js [36m304[0m 7.172 ms - -[0m
[0mGET /images/asset%204.png [36m304[0m 4.214 ms - -[0m
[0mGET /images/asset%205.png [36m304[0m 4.630 ms - -[0m
[0mGET /images/asset%206.png [36m304[0m 0.885 ms - -[0m
[0mGET /images/asset%207.png [36m304[0m 3.502 ms - -[0m
[0mGET /images/asset%208.svg [36m304[0m 4.476 ms - -[0m
[0mGET /images/asset%209.png [36m304[0m 3.804 ms - -[0m
[0mGET /images/asset%2011.svg [36m304[0m 2.152 ms - -[0m
[0mGET /images/asset%2013.svg [36m304[0m 2.090 ms - -[0m
[0mGET /images/asset%2014.svg [36m304[0m 1.060 ms - -[0m
[0mGET /images/asset%2015.svg [36m304[0m 1.468 ms - -[0m
[0mGET /images/asset%2016.svg [36m304[0m 3.248 ms - -[0m
[0mGET /images/asset%2017.svg [36m304[0m 2.146 ms - -[0m
[0mGET /images/asset%2018.png [36m304[0m 2.228 ms - -[0m
[0mGET /images/asset%2024.png [32m200[0m 3.494 ms - 263399[0m
[0mGET /images/asset%2021.png [36m304[0m 2.177 ms - -[0m
[0mGET /assets/asset%201.png [33m404[0m 17.819 ms - 159[0m
[0mGET /css/assets/asset%2036.jpeg [33m404[0m 12.724 ms - 165[0m
[0mGET /css/assets/asset%2035.jpeg [33m404[0m 16.595 ms - 165[0m
[0mGET /css/assets/asset%2032.svg [33m404[0m 166.233 ms - 164[0m
[0mGET /assets/asset%2034.jpeg [33m404[0m 237.363 ms - 161[0m
[0mGET /css/assets/asset%2037.jpeg [33m404[0m 163.395 ms - 165[0m
[0mGET /images/favicon.ico [36m304[0m 0.960 ms - -[0m
[0mGET / [32m200[0m 14.232 ms - 10604[0m
[0mGET /css/layout.css [36m304[0m 5.858 ms - -[0m
[0mGET /css/home.css [32m200[0m 5.708 ms - 4864[0m
[0mGET /css/_header.css [36m304[0m 5.481 ms - -[0m
[0mGET /js/layout.js [36m304[0m 1.101 ms - -[0m
[0mGET /images/favicon.ico [36m304[0m 8.327 ms - -[0m
[0mGET /images/asset%202.png [36m304[0m 7.156 ms - -[0m
[0mGET /images/asset%203.png [32m200[0m 9.170 ms - 4248[0m
[0mGET /images/asset%204.png [32m200[0m 9.115 ms - 7697[0m
[0mGET /images/asset%205.png [32m200[0m 11.481 ms - 19360[0m
[0mGET /images/asset%206.png [32m200[0m 10.304 ms - 4934[0m
[0mGET /images/asset%207.png [32m200[0m 6.900 ms - 2259[0m
[0mGET /images/asset%208.svg [32m200[0m 7.287 ms - 13619[0m
[0mGET /images/asset%209.png [32m200[0m 5.945 ms - 4807[0m
[0mGET /images/asset%2011.svg [32m200[0m 6.239 ms - 711[0m
[0mGET /images/asset%2013.svg [32m200[0m 16.816 ms - 875[0m
[0mGET /images/asset%2014.svg [32m200[0m 14.942 ms - 1771[0m
[0mGET /images/asset%2015.svg [32m200[0m 15.104 ms - 2208[0m
[0mGET /images/asset%2016.svg [32m200[0m 10.829 ms - 1238[0m
[0mGET /images/asset%2017.svg [32m200[0m 10.409 ms - 1801[0m
[0mGET /assets/asset%201.png [33m404[0m 10.696 ms - 159[0m
[0mGET /images/asset%2018.png [32m200[0m 10.197 ms - 246209[0m
[0mGET /css/assets/asset%2032.svg [33m404[0m 11.602 ms - 164[0m
[0mGET /css/assets/asset%2035.jpeg [33m404[0m 15.353 ms - 165[0m
[0mGET /assets/asset%2034.jpeg [33m404[0m 11.829 ms - 161[0m
[0mGET /images/asset%2021.png [32m200[0m 6.459 ms - 313249[0m
[0mGET /css/assets/asset%2036.jpeg [33m404[0m 5.863 ms - 165[0m
[0mGET /images/asset%2024.png [32m200[0m 9.396 ms - 263399[0m
[0mGET /css/assets/asset%2037.jpeg [33m404[0m 8.912 ms - 165[0m
[0mGET /images/favicon.ico [36m304[0m 1.146 ms - -[0m
[0mGET / [32m200[0m 14.772 ms - 7315[0m
[0mGET /css/layout.css [36m304[0m 2.294 ms - -[0m
[0mGET /css/home.css [36m304[0m 2.310 ms - -[0m
[0mGET /css/_header.css [36m304[0m 1.263 ms - -[0m
[0mGET /js/layout.js [36m304[0m 1.715 ms - -[0m
[0mGET /images/favicon.ico [36m304[0m 1.000 ms - -[0m
[0mGET /images/asset%202.png [36m304[0m 0.958 ms - -[0m
[0mGET /images/asset%2018.png [36m304[0m 0.732 ms - -[0m
[0mGET /images/asset%2021.png [36m304[0m 4.537 ms - -[0m
[0mGET /images/asset%2024.png [36m304[0m 4.902 ms - -[0m
[0mGET /assets/asset%201.png [33m404[0m 9.845 ms - 159[0m
[0mGET /css/assets/asset%2035.jpeg [33m404[0m 13.185 ms - 165[0m
[0mGET /assets/asset%2034.jpeg [33m404[0m 18.917 ms - 161[0m
[0mGET /css/assets/asset%2036.jpeg [33m404[0m 24.921 ms - 165[0m
[0mGET /css/assets/asset%2037.jpeg [33m404[0m 29.057 ms - 165[0m
[0mGET /images/favicon.ico [36m304[0m 1.289 ms - -[0m
[0mGET /users/upload_notes_page [36m304[0m 15.221 ms - -[0m
[0mGET /css/signin.css [36m304[0m 4.240 ms - -[0m
[0mGET /css/_header.css [36m304[0m 5.285 ms - -[0m
[0mGET /css/layout.css [36m304[0m 10.741 ms - -[0m
[0mGET /js/layout.js [36m304[0m 5.727 ms - -[0m
[0mGET /images/favicon.ico [36m304[0m 6.034 ms - -[0m
[0mGET /images/google.png [36m304[0m 6.609 ms - -[0m
[0mGET / [36m304[0m 12.754 ms - -[0m
[0mGET /css/home.css [36m304[0m 5.179 ms - -[0m
[0mGET /css/_header.css [36m304[0m 6.287 ms - -[0m
[0mGET /css/layout.css [36m304[0m 11.007 ms - -[0m
[0mGET /images/asset%2024.png [36m304[0m 5.291 ms - -[0m
[0mGET /images/favicon.ico [36m304[0m 4.528 ms - -[0m
[0mGET /images/asset%2018.png [36m304[0m 5.331 ms - -[0m
[0mGET /images/asset%2021.png [36m304[0m 2.905 ms - -[0m
[0mGET /images/asset%202.png [36m304[0m 7.633 ms - -[0m
[0mGET /js/layout.js [36m304[0m 4.597 ms - -[0m
[0mGET /assets/asset%201.png [33m404[0m 11.914 ms - 159[0m
[0mGET /css/assets/asset%2035.jpeg [33m404[0m 6.131 ms - 165[0m
[0mGET /assets/asset%2034.jpeg [33m404[0m 14.623 ms - 161[0m
[0mGET /css/assets/asset%2036.jpeg [33m404[0m 15.554 ms - 165[0m
[0mGET /css/assets/asset%2037.jpeg [33m404[0m 20.976 ms - 165[0m
[0mGET / [32m200[0m 12.648 ms - 6121[0m
[0mGET /css/home.css [36m304[0m 3.196 ms - -[0m
[0mGET /css/layout.css [36m304[0m 6.369 ms - -[0m
[0mGET /css/_header.css [36m304[0m 3.313 ms - -[0m
[0mGET /js/layout.js [36m304[0m 5.572 ms - -[0m
[0mGET /images/favicon.ico [36m304[0m 4.826 ms - -[0m
[0mGET /images/asset%202.png [36m304[0m 7.137 ms - -[0m
[0mGET /images/asset%2018.png [36m304[0m 3.858 ms - -[0m
[0mGET /images/asset%2021.png [36m304[0m 4.354 ms - -[0m
[0mGET /images/asset%2024.png [36m304[0m 4.576 ms - -[0m
[0mGET /assets/asset%201.png [33m404[0m 6.598 ms - 159[0m
[0mGET /images/favicon.ico [36m304[0m 3.568 ms - -[0m
[0mGET /users/profile [36m304[0m 11.957 ms - -[0m
[0mGET /css/layout.css [36m304[0m 16.488 ms - -[0m
[0mGET /css/signin.css [36m304[0m 12.798 ms - -[0m
[0mGET /css/_header.css [36m304[0m 11.287 ms - -[0m
[0mGET /images/google.png [36m304[0m 7.783 ms - -[0m
[0mGET /js/layout.js [36m304[0m 6.808 ms - -[0m
[0mGET /images/favicon.ico [36m304[0m 1.097 ms - -[0m
[0mGET /users/upload_notes_page [36m304[0m 13.497 ms - -[0m
[0mGET /css/signin.css [36m304[0m 14.446 ms - -[0m
[0mGET /css/_header.css [36m304[0m 13.690 ms - -[0m
[0mGET /images/google.png [36m304[0m 11.931 ms - -[0m
[0mGET /css/layout.css [36m304[0m 25.224 ms - -[0m
[0mGET /images/favicon.ico [36m304[0m 6.063 ms - -[0m
[0mGET /js/layout.js [36m304[0m 5.912 ms - -[0m
[0mGET /users/verify_mobile [36m304[0m 11.029 ms - -[0m
[0mGET /images/google.png [36m304[0m 3.834 ms - -[0m
[0mGET /images/favicon.ico [36m304[0m 4.234 ms - -[0m
[0mGET /js/layout.js [36m304[0m 7.650 ms - -[0m
[0mGET /css/signin.css [36m304[0m 13.050 ms - -[0m
[0mGET /css/_header.css [36m304[0m 13.572 ms - -[0m
[0mGET /css/layout.css [36m304[0m 17.990 ms - -[0m
[0mGET / [36m304[0m 15.763 ms - -[0m
[0mGET /css/home.css [36m304[0m 3.496 ms - -[0m
[0mGET /css/_header.css [36m304[0m 6.671 ms - -[0m
[0mGET /images/favicon.ico [36m304[0m 3.992 ms - -[0m
[0mGET /css/layout.css [36m304[0m 13.416 ms - -[0m
[0mGET /js/layout.js [36m304[0m 19.416 ms - -[0m
[0mGET /images/asset%202.png [36m304[0m 23.474 ms - -[0m
[0mGET /images/asset%2018.png [36m304[0m 23.969 ms - -[0m
[0mGET /images/asset%2021.png [36m304[0m 22.997 ms - -[0m
[0mGET /images/asset%2024.png [36m304[0m 23.505 ms - -[0m
[0mGET /assets/asset%201.png [33m404[0m 22.536 ms - 159[0m
[0mGET / [32m200[0m 19.184 ms - 4736[0m
[0mGET /css/layout.css [36m304[0m 1.808 ms - -[0m
[0mGET /css/home.css [36m304[0m 1.934 ms - -[0m
[0mGET /css/_header.css [36m304[0m 2.206 ms - -[0m
[0mGET /js/layout.js [36m304[0m 1.177 ms - -[0m
[0mGET /images/favicon.ico [36m304[0m 1.201 ms - -[0m
[0mGET /images/asset%202.png [36m304[0m 3.857 ms - -[0m
[0mGET /images/asset%2018.png [36m304[0m 4.036 ms - -[0m
[0mGET /images/asset%2021.png [36m304[0m 2.730 ms - -[0m
[0mGET /images/asset%2024.png [36m304[0m 1.289 ms - -[0m
[0mGET /images/favicon.ico [36m304[0m 1.036 ms - -[0m
[0mGET / [32m200[0m 29.401 ms - 4736[0m
[0mGET /css/home.css [36m304[0m 1.482 ms - -[0m
[0mGET /css/layout.css [36m304[0m 4.425 ms - -[0m
[0mGET /css/_header.css [36m304[0m 1.290 ms - -[0m
[0mGET /js/layout.js [36m304[0m 1.657 ms - -[0m
[0mGET /images/favicon.ico [36m304[0m 14.772 ms - -[0m
[0mGET /images/asset%202.png [36m304[0m 6.616 ms - -[0m
[0mGET /images/asset%2018.png [36m304[0m 6.633 ms - -[0m
[0mGET /images/asset%2021.png [36m304[0m 6.776 ms - -[0m
[0mGET /images/asset%2024.png [36m304[0m 6.694 ms - -[0m
[0mGET /images/favicon.ico [36m304[0m 1.433 ms - -[0m
[0mGET /users/upload_notes_page [36m304[0m 13.108 ms - -[0m
[0mGET /css/_header.css [36m304[0m 4.468 ms - -[0m
[0mGET /css/signin.css [36m304[0m 1.670 ms - -[0m
[0mGET /css/layout.css [36m304[0m 8.446 ms - -[0m
[0mGET /images/google.png [36m304[0m 3.513 ms - -[0m
[0mGET /js/layout.js [36m304[0m 4.406 ms - -[0m
[0mGET /images/favicon.ico [36m304[0m 4.578 ms - -[0m
[0mGET /users/verify_mobile [36m304[0m 13.267 ms - -[0m
[0mGET /css/signin.css [36m304[0m 1.913 ms - -[0m
[0mGET /css/_header.css [36m304[0m 2.339 ms - -[0m
[0mGET /css/layout.css [36m304[0m 5.839 ms - -[0m
[0mGET /images/google.png [36m304[0m 2.883 ms - -[0m
[0mGET /images/favicon.ico [36m304[0m 1.824 ms - -[0m
[0mGET /js/layout.js [36m304[0m 1.053 ms - -[0m
[0mGET /users/upload_notes_page [36m304[0m 11.070 ms - -[0m
[0mGET /css/signin.css [36m304[0m 4.503 ms - -[0m
[0mGET /css/_header.css [36m304[0m 4.772 ms - -[0m
[0mGET /css/layout.css [36m304[0m 10.604 ms - -[0m
[0mGET /images/google.png [36m304[0m 7.110 ms - -[0m
[0mGET /images/favicon.ico [36m304[0m 7.388 ms - -[0m
[0mGET /js/layout.js [36m304[0m 6.424 ms - -[0m
[0mGET /users/profile [36m304[0m 11.040 ms - -[0m
[0mGET /css/signin.css [36m304[0m 3.763 ms - -[0m
[0mGET /css/_header.css [36m304[0m 5.106 ms - -[0m
[0mGET /css/layout.css [36m304[0m 10.314 ms - -[0m
[0mGET /images/google.png [36m304[0m 2.281 ms - -[0m
[0mGET /images/favicon.ico [36m304[0m 3.875 ms - -[0m
[0mGET /js/layout.js [36m304[0m 2.126 ms - -[0m
[0mGET / [36m304[0m 17.416 ms - -[0m
[0mGET /css/layout.css [36m304[0m 7.664 ms - -[0m
[0mGET /css/_header.css [36m304[0m 7.198 ms - -[0m
[0mGET /css/home.css [36m304[0m 6.392 ms - -[0m
[0mGET /images/favicon.ico [36m304[0m 2.657 ms - -[0m
[0mGET /js/layout.js [36m304[0m 0.867 ms - -[0m
[0mGET /images/asset%202.png [36m304[0m 1.526 ms - -[0m
[0mGET /images/asset%2018.png [36m304[0m 1.907 ms - -[0m
[0mGET /images/asset%2021.png [36m304[0m 0.922 ms - -[0m
[0mGET /images/asset%2024.png [36m304[0m 0.730 ms - -[0m
[0mGET /users/profile [36m304[0m 16.092 ms - -[0m
[0mGET /css/signin.css [36m304[0m 3.639 ms - -[0m
[0mGET /css/_header.css [36m304[0m 3.885 ms - -[0m
[0mGET /css/layout.css [36m304[0m 9.384 ms - -[0m
[0mGET /images/google.png [36m304[0m 2.671 ms - -[0m
[0mGET /images/favicon.ico [36m304[0m 3.879 ms - -[0m
[0mGET /js/layout.js [36m304[0m 2.784 ms - -[0m
[0mGET /users/signup [36m304[0m 12.361 ms - -[0m
[0mGET /images/google.png [36m304[0m 3.971 ms - -[0m
[0mGET /images/favicon.ico [36m304[0m 4.386 ms - -[0m
[0mGET /js/layout.js [36m304[0m 4.500 ms - -[0m
[0mGET /css/signin.css [36m304[0m 10.671 ms - -[0m
[0mGET /css/_header.css [36m304[0m 11.131 ms - -[0m
[0mGET /css/layout.css [36m304[0m 15.713 ms - -[0m
[0mGET /users/signin [36m304[0m 14.085 ms - -[0m
[0mGET /css/signin.css [36m304[0m 2.441 ms - -[0m
[0mGET /css/_header.css [36m304[0m 2.659 ms - -[0m
[0mGET /css/layout.css [36m304[0m 6.394 ms - -[0m
[0mGET /images/google.png [36m304[0m 0.953 ms - -[0m
[0mGET /images/favicon.ico [36m304[0m 1.615 ms - -[0m
[0mGET /js/layout.js [36m304[0m 1.904 ms - -[0m
[0mGET /users/signup [36m304[0m 11.737 ms - -[0m
[0mGET /css/signin.css [36m304[0m 3.266 ms - -[0m
[0mGET /css/_header.css [36m304[0m 4.028 ms - -[0m
[0mGET /css/layout.css [36m304[0m 8.144 ms - -[0m
[0mGET /images/google.png [36m304[0m 7.059 ms - -[0m
[0mGET /images/favicon.ico [36m304[0m 7.682 ms - -[0m
[0mGET /js/layout.js [36m304[0m 6.356 ms - -[0m
[0mGET /users/upload_notes_page [36m304[0m 6.373 ms - -[0m
[0mGET /css/signin.css [36m304[0m 1.805 ms - -[0m
[0mGET /css/_header.css [36m304[0m 2.551 ms - -[0m
[0mGET /css/layout.css [36m304[0m 5.906 ms - -[0m
[0mGET /images/google.png [36m304[0m 2.957 ms - -[0m
[0mGET /images/favicon.ico [36m304[0m 3.191 ms - -[0m
[0mGET /js/layout.js [36m304[0m 3.635 ms - -[0m
[0mPOST /users/create_session [36m302[0m 518.148 ms - 72[0m
[0mGET /users/profile [32m200[0m 13.953 ms - 2119[0m
[0mGET /css/_header.css [36m304[0m 1.304 ms - -[0m
[0mGET /css/layout.css [36m304[0m 4.001 ms - -[0m
[0mGET /css/profile.css [36m304[0m 1.194 ms - -[0m
[0mGET /images/favicon.ico [36m304[0m 1.258 ms - -[0m
[0mGET /js/layout.js [36m304[0m 1.660 ms - -[0m
[0mGET /js/profile.js [36m304[0m 1.767 ms - -[0m
[0mGET /users/upload_notes_page [32m200[0m 24.944 ms - 2735[0m
[0mGET /css/_header.css [36m304[0m 2.065 ms - -[0m
[0mGET /css/upload_notes.css [36m304[0m 2.584 ms - -[0m
[0mGET /css/layout.css [36m304[0m 5.830 ms - -[0m
[0mGET /images/favicon.ico [36m304[0m 0.947 ms - -[0m
[0mGET /js/layout.js [36m304[0m 2.357 ms - -[0m
[0mGET /users/verify_mobile [32m200[0m 17.602 ms - 2330[0m
[0mGET /css/_header.css [36m304[0m 1.699 ms - -[0m
[0mGET /css/layout.css [36m304[0m 7.717 ms - -[0m
[0mGET /css/verify_mobile.css [36m304[0m 4.063 ms - -[0m
[0mGET /images/favicon.ico [36m304[0m 1.581 ms - -[0m
[0mGET /js/verify_mobile.js [36m304[0m 4.450 ms - -[0m
[0mGET /js/layout.js [36m304[0m 3.098 ms - -[0m
[0mGET /users/profile [36m304[0m 16.538 ms - -[0m
[0mGET /css/_header.css [36m304[0m 1.653 ms - -[0m
[0mGET /css/profile.css [36m304[0m 5.723 ms - -[0m
[0mGET /css/layout.css [36m304[0m 8.278 ms - -[0m
[0mGET /images/favicon.ico [36m304[0m 1.600 ms - -[0m
[0mGET /js/profile.js [36m304[0m 3.008 ms - -[0m
[0mGET /js/layout.js [36m304[0m 2.997 ms - -[0m
[0mGET /users/profile [36m304[0m 943.835 ms - -[0m
[0mGET /css/_header.css [36m304[0m 4.977 ms - -[0m
[0mGET /css/profile.css [36m304[0m 6.871 ms - -[0m
[0mGET /js/layout.js [36m304[0m 4.113 ms - -[0m
[0mGET /js/profile.js [36m304[0m 2.909 ms - -[0m
[0mGET /images/favicon.ico [36m304[0m 2.606 ms - -[0m
[0mGET /css/layout.css [36m304[0m 8.461 ms - -[0m
[0mGET /users/show_all_notes [32m200[0m 322.064 ms - 295[0m
[0mGET /users/show_all_notes [36m304[0m 24.926 ms - -[0m
[0mGET /users/signin [36m304[0m 103.429 ms - -[0m
[0mGET /users/show_all_notes [32m200[0m 50.114 ms - 6[0m
[0mGET /css/layout.css [32m200[0m 135.832 ms - -[0m
[0mGET /css/_header.css [36m304[0m 7.287 ms - -[0m
[0mGET /css/signin.css [36m304[0m 8.750 ms - -[0m
[0mGET /js/layout.js [36m304[0m 4.413 ms - -[0m
[0mGET /images/favicon.ico [36m304[0m 4.744 ms - -[0m
[0mGET /images/google.png [36m304[0m 2.173 ms - -[0m
[0mGET /images/favicon.ico [36m304[0m 3.368 ms - -[0m
[0mGET /users/profile [32m200[0m 25.246 ms - 2119[0m
[0mGET /css/_header.css [36m304[0m 2.559 ms - -[0m
[0mGET /css/layout.css [32m200[0m 11.152 ms - -[0m
[0mGET /js/profile.js [36m304[0m 1.807 ms - -[0m
[0mGET /css/profile.css [32m200[0m 16.488 ms - -[0m
[0mGET /images/favicon.ico [36m304[0m 2.020 ms - -[0m
[0mGET /js/layout.js [36m304[0m 12.115 ms - -[0m
[0mGET /users/verify_mobile [36m304[0m 44.153 ms - -[0m
[0mGET /css/layout.css [36m304[0m 1.777 ms - -[0m
[0mGET /css/_header.css [36m304[0m 1.304 ms - -[0m
[0mGET /css/verify_mobile.css [36m304[0m 1.289 ms - -[0m
[0mGET /images/favicon.ico [36m304[0m 0.932 ms - -[0m
[0mGET /js/layout.js [36m304[0m 1.244 ms - -[0m
[0mGET /js/verify_mobile.js [36m304[0m 0.842 ms - -[0m
[0mGET /users/profile [36m304[0m 19.007 ms - -[0m
[0mGET /css/layout.css [36m304[0m 3.999 ms - -[0m
[0mGET /css/profile.css [32m200[0m 6.450 ms - 30[0m
[0mGET /css/_header.css [36m304[0m 1.898 ms - -[0m
[0mGET /images/favicon.ico [36m304[0m 1.173 ms - -[0m
[0mGET /js/profile.js [36m304[0m 2.566 ms - -[0m
[0mGET /js/layout.js [36m304[0m 2.855 ms - -[0m
[0mGET /users/show_all_notes [36m304[0m 30.747 ms - -[0m
[0mGET /users/show_all_notes [36m304[0m 33.169 ms - -[0m
[0mGET /users/show_all_notes [36m304[0m 37.809 ms - -[0m
[0mGET /users/logout [36m302[0m 22.017 ms - 70[0m
[0mGET /users/signin [32m200[0m 10.545 ms - 2850[0m
[0mGET /css/signin.css [36m304[0m 2.738 ms - -[0m
[0mGET /css/layout.css [36m304[0m 7.104 ms - -[0m
[0mGET /css/_header.css [36m304[0m 2.747 ms - -[0m
[0mGET /images/favicon.ico [36m304[0m 0.945 ms - -[0m
[0mGET /js/layout.js [36m304[0m 1.734 ms - -[0m
[0mGET /images/google.png [36m304[0m 2.281 ms - -[0m
[0mPOST /users/create_session [36m302[0m 1462.481 ms - 72[0m
[0mGET /users/profile [32m200[0m 13.214 ms - 2333[0m
[0mGET /css/layout.css [36m304[0m 8.535 ms - -[0m
[0mGET /css/profile.css [36m304[0m 10.807 ms - -[0m
[0mGET /css/_header.css [36m304[0m 7.926 ms - -[0m
[0mGET /images/favicon.ico [36m304[0m 1.341 ms - -[0m
[0mGET /js/profile.js [36m304[0m 3.766 ms - -[0m
[0mGET /js/layout.js [36m304[0m 2.458 ms - -[0m
[0mGET /users/upload_notes_page [32m200[0m 54.239 ms - 2735[0m
[0mGET /css/_header.css [36m304[0m 1.303 ms - -[0m
[0mGET /css/layout.css [36m304[0m 4.605 ms - -[0m
[0mGET /css/upload_notes.css [36m304[0m 1.545 ms - -[0m
[0mGET /images/favicon.ico [36m304[0m 2.010 ms - -[0m
[0mGET /js/layout.js [36m304[0m 2.237 ms - -[0m
[0mPOST /users/upload_notes [36m302[0m 32.935 ms - 58[0m
[0mGET /users/profile [32m200[0m 19.674 ms - 2340[0m
[0mGET /css/_header.css [36m304[0m 4.142 ms - -[0m
[0mGET /css/layout.css [36m304[0m 13.440 ms - -[0m
[0mGET /css/profile.css [36m304[0m 15.852 ms - -[0m
[0mGET /js/profile.js [36m304[0m 1.649 ms - -[0m
[0mGET /js/layout.js [36m304[0m 3.679 ms - -[0m
[0mGET /images/favicon.ico [36m304[0m 3.878 ms - -[0m
[0mGET /users/signin [36m304[0m 18.383 ms - -[0m
[0mGET /css/layout.css [32m200[0m 2.094 ms - -[0m
[0mGET /css/signin.css [36m304[0m 1.184 ms - -[0m
[0mGET /css/_header.css [36m304[0m 1.110 ms - -[0m
[0mGET /js/layout.js [36m304[0m 1.501 ms - -[0m
[0mGET /images/google.png [36m304[0m 1.673 ms - -[0m
[0mGET /images/favicon.ico [36m304[0m 1.406 ms - -[0m
[0mPOST /users/create_session [36m302[0m 578.238 ms - 72[0m
[0mGET /users/profile [36m304[0m 15.151 ms - -[0m
[0mGET /css/layout.css [36m304[0m 15.320 ms - -[0m
[0mGET /css/_header.css [36m304[0m 1.413 ms - -[0m
[0mGET /js/layout.js [36m304[0m 3.398 ms - -[0m
[0mGET /images/favicon.ico [36m304[0m 3.731 ms - -[0m
[0mGET /css/profile.css [32m200[0m 13.411 ms - 30[0m
[0mGET /js/profile.js [36m304[0m 2.893 ms - -[0m
[0mGET /users/upload_notes_page [32m200[0m 24.412 ms - 2735[0m
[0mGET /css/layout.css [36m304[0m 5.697 ms - -[0m
[0mGET /css/_header.css [36m304[0m 3.980 ms - -[0m
[0mGET /css/upload_notes.css [36m304[0m 3.361 ms - -[0m
[0mGET /js/layout.js [36m304[0m 3.849 ms - -[0m
[0mGET /images/favicon.ico [36m304[0m 1.736 ms - -[0m
[0mPOST /users/upload_notes [36m302[0m 19.845 ms - 58[0m
[0mGET /users/profile [32m200[0m 16.595 ms - 2340[0m
[0mGET /css/layout.css [36m304[0m 2.151 ms - -[0m
[0mGET /css/_header.css [36m304[0m 3.098 ms - -[0m
[0mGET /css/profile.css [36m304[0m 7.343 ms - -[0m
[0mGET /js/profile.js [36m304[0m 4.104 ms - -[0m
[0mGET /js/layout.js [36m304[0m 5.735 ms - -[0m
[0mGET /images/favicon.ico [36m304[0m 2.635 ms - -[0m
[0mGET /users/show_all_notes [32m200[0m 19.012 ms - 272[0m
[0mGET /users/show_single_notes/OperatingSystem1.pdf_1675230563630 [32m200[0m 26.082 ms - 2356[0m
[0mGET /css/layout.css [36m304[0m 4.243 ms - -[0m
[0mGET /js/notes.js [36m304[0m 2.272 ms - -[0m
[0mGET /js/layout.js [36m304[0m 4.499 ms - -[0m
[0mGET /css/_header.css [36m304[0m 9.381 ms - -[0m
[0mGET /images/favicon.ico [36m304[0m 2.670 ms - -[0m
[0mGET /css/notes.css [36m304[0m 4.041 ms - -[0m
[0mGET /uploads/notes/OperatingSystem1.pdf_1675230563630 [33m404[0m 11.980 ms - 187[0m
[0mGET /users/get_number_of_likes/OperatingSystem1.pdf_1675230563630 [32m200[0m 24.557 ms - 21[0m
[0mGET /users/get_all_comments/OperatingSystem1.pdf_1675230563630 [32m200[0m 18.538 ms - 2[0m
[0mGET /users/show_all_notes [32m200[0m 20.208 ms - 298[0m
[0mGET /users/show_single_notes/OperatingSystem1.pdf_1675230563630 [32m200[0m 34.456 ms - 2356[0m
[0mGET /css/notes.css [32m200[0m 3.147 ms - -[0m
[0mGET /css/layout.css [36m304[0m 11.852 ms - -[0m
[0mGET /js/layout.js [36m304[0m 5.708 ms - -[0m
[0mGET /images/favicon.ico [36m304[0m 6.046 ms - -[0m
[0mGET /css/_header.css [36m304[0m 12.062 ms - -[0m
[0mGET /js/notes.js [32m200[0m 20.537 ms - 2660[0m
[0mGET /users/get_number_of_likes/OperatingSystem1.pdf_1675230563630 [32m200[0m 26.121 ms - 21[0m
[0mGET /users/get_all_comments/OperatingSystem1.pdf_1675230563630 [32m200[0m 35.079 ms - 2[0m
[0mGET /users/show_single_notes/OperatingSystem1.pdf_1675230563630 [36m304[0m 26.436 ms - -[0m
[0mPOST /users//new_note_comment [0m-[0m - ms - -[0m
[0mPOST /users//new_note_comment [0m-[0m - ms - -[0m
[0mGET /css/layout.css [36m304[0m 3.079 ms - -[0m
[0mGET /css/_header.css [36m304[0m 3.247 ms - -[0m
[0mGET /css/notes.css [36m304[0m 1.497 ms - -[0m
[0mGET /js/notes.js [36m304[0m 1.267 ms - -[0m
[0mGET /js/layout.js [36m304[0m 1.904 ms - -[0m
[0mGET /images/favicon.ico [36m304[0m 1.953 ms - -[0m
[0mGET /users/get_all_comments/OperatingSystem1.pdf_1675230563630 [32m200[0m 41.874 ms - 151[0m
[0mGET /users/get_number_of_likes/OperatingSystem1.pdf_1675230563630 [36m304[0m 48.483 ms - -[0m
[0mGET /images/favicon.ico [36m304[0m 0.865 ms - -[0m
[0mGET /users/show_single_notes/OperatingSystem1.pdf_1675230563630 [36m304[0m 26.068 ms - -[0m
[0mPUT /users/like_notes/OperatingSystem1.pdf_1675230563630 [0m-[0m - ms - -[0m
[0mPUT /users/like_notes/OperatingSystem1.pdf_1675230563630 [0m-[0m - ms - -[0m
[0mGET /css/layout.css [36m304[0m 5.266 ms - -[0m
[0mGET /css/notes.css [36m304[0m 6.533 ms - -[0m
[0mGET /css/_header.css [36m304[0m 4.746 ms - -[0m
[0mGET /js/notes.js [36m304[0m 1.686 ms - -[0m
[0mGET /js/layout.js [36m304[0m 1.831 ms - -[0m
[0mGET /images/favicon.ico [36m304[0m 1.213 ms - -[0m
[0mGET /users/get_number_of_likes/OperatingSystem1.pdf_1675230563630 [32m200[0m 27.497 ms - 21[0m
[0mGET /users/get_all_comments/OperatingSystem1.pdf_1675230563630 [36m304[0m 48.527 ms - -[0m
[0mGET /images/favicon.ico [36m304[0m 1.528 ms - -[0m
[0mGET / [36m304[0m 36.815 ms - -[0m
[0mGET /js/layout.js [36m304[0m 5.392 ms - -[0m
[0mGET /images/favicon.ico [36m304[0m 6.804 ms - -[0m
[0mGET /images/asset%202.png [36m304[0m 8.509 ms - -[0m
[0mGET /css/_header.css [36m304[0m 18.019 ms - -[0m
[0mGET /css/home.css [36m304[0m 17.593 ms - -[0m
[0mGET /css/layout.css [36m304[0m 25.456 ms - -[0m
[0mGET /images/asset%2018.png [36m304[0m 1.981 ms - -[0m
[0mGET /images/asset%2021.png [36m304[0m 2.278 ms - -[0m
[0mGET /images/asset%2024.png [36m304[0m 0.901 ms - -[0m
[0mGET / [36m304[0m 15.129 ms - -[0m
[0mGET /css/_header.css [36m304[0m 1.810 ms - -[0m
[0mGET /css/layout.css [36m304[0m 5.218 ms - -[0m
[0mGET /css/home.css [36m304[0m 1.902 ms - -[0m
[0mGET /js/layout.js [36m304[0m 4.763 ms - -[0m
[0mGET /images/favicon.ico [36m304[0m 0.972 ms - -[0m
[0mGET /images/asset%202.png [36m304[0m 1.691 ms - -[0m
[0mGET /images/asset%2024.png [36m304[0m 2.745 ms - -[0m
[0mGET /images/asset%2018.png [36m304[0m 1.473 ms - -[0m
[0mGET /images/asset%2021.png [36m304[0m 1.122 ms - -[0m
[0mGET / [36m304[0m 16.344 ms - -[0m
[0mGET /css/layout.css [36m304[0m 2.406 ms - -[0m
[0mGET /css/home.css [36m304[0m 1.286 ms - -[0m
[0mGET /css/_header.css [36m304[0m 2.610 ms - -[0m
[0mGET /js/layout.js [36m304[0m 2.645 ms - -[0m
[0mGET /images/favicon.ico [36m304[0m 2.228 ms - -[0m
[0mGET /images/asset%202.png [36m304[0m 3.960 ms - -[0m
[0mGET /images/asset%2018.png [36m304[0m 3.215 ms - -[0m
[0mGET /images/asset%2021.png [36m304[0m 1.353 ms - -[0m
[0mGET /images/asset%2024.png [36m304[0m 1.245 ms - -[0m
[0mGET /images/favicon.ico [36m304[0m 1.327 ms - -[0m
[0mGET / [32m200[0m 17.981 ms - 4760[0m
[0mGET /css/home.css [36m304[0m 2.446 ms - -[0m
[0mGET /css/layout.css [36m304[0m 4.898 ms - -[0m
[0mGET /css/_header.css [36m304[0m 1.643 ms - -[0m
[0mGET /js/layout.js [36m304[0m 3.303 ms - -[0m
[0mGET /images/favicon.ico [36m304[0m 2.146 ms - -[0m
[0mGET /images/asset%202.png [36m304[0m 2.419 ms - -[0m
[0mGET /images/asset%2018.png [36m304[0m 1.247 ms - -[0m
[0mGET /images/asset%2021.png [36m304[0m 3.028 ms - -[0m
[0mGET /images/asset%2024.png [36m304[0m 2.660 ms - -[0m
[0mGET /images/favicon.ico [36m304[0m 1.200 ms - -[0m
[0mGET /users/signin [36m304[0m 14.897 ms - -[0m
[0mGET /css/layout.css [36m304[0m 8.328 ms - -[0m
[0mGET /css/signin.css [36m304[0m 1.528 ms - -[0m
[0mGET /css/_header.css [36m304[0m 12.385 ms - -[0m
[0mGET /js/layout.js [36m304[0m 3.747 ms - -[0m
[0mGET /images/favicon.ico [36m304[0m 2.468 ms - -[0m
[0mGET /images/google.png [36m304[0m 2.515 ms - -[0m
[0mGET / [36m304[0m 13.498 ms - -[0m
[0mGET /css/layout.css [36m304[0m 2.056 ms - -[0m
[0mGET /css/home.css [36m304[0m 16.353 ms - -[0m
[0mGET /css/_header.css [36m304[0m 2.385 ms - -[0m
[0mGET /js/layout.js [36m304[0m 2.464 ms - -[0m
[0mGET /images/favicon.ico [36m304[0m 3.946 ms - -[0m
[0mGET /images/asset%202.png [36m304[0m 3.146 ms - -[0m
[0mGET /images/asset%2018.png [36m304[0m 5.244 ms - -[0m
[0mGET /images/asset%2021.png [36m304[0m 6.319 ms - -[0m
[0mGET /images/asset%2024.png [36m304[0m 3.391 ms - -[0m
[0mGET /users/signin [36m304[0m 22.776 ms - -[0m
[0mGET /css/layout.css [36m304[0m 4.362 ms - -[0m
[0mGET /css/signin.css [36m304[0m 1.482 ms - -[0m
[0mGET /css/_header.css [36m304[0m 6.143 ms - -[0m
[0mGET /js/layout.js [36m304[0m 1.647 ms - -[0m
[0mGET /images/favicon.ico [36m304[0m 2.179 ms - -[0m
[0mGET /images/google.png [36m304[0m 2.203 ms - -[0m
[0mGET / [36m304[0m 26.076 ms - -[0m
[0mGET /css/layout.css [36m304[0m 4.876 ms - -[0m
[0mGET /css/home.css [36m304[0m 1.500 ms - -[0m
[0mGET /css/_header.css [36m304[0m 1.364 ms - -[0m
[0mGET /js/layout.js [36m304[0m 1.016 ms - -[0m
[0mGET /images/favicon.ico [36m304[0m 2.677 ms - -[0m
[0mGET /images/asset%202.png [36m304[0m 2.077 ms - -[0m
[0mGET /images/asset%2018.png [36m304[0m 1.058 ms - -[0m
[0mGET /images/asset%2021.png [36m304[0m 1.426 ms - -[0m
[0mGET /images/asset%2024.png [36m304[0m 0.914 ms - -[0m
[0mGET / [36m304[0m 12.971 ms - -[0m
[0mGET /css/layout.css [36m304[0m 1.748 ms - -[0m
[0mGET /css/home.css [36m304[0m 1.479 ms - -[0m
[0mGET /css/_header.css [36m304[0m 1.508 ms - -[0m
[0mGET /js/layout.js [36m304[0m 4.051 ms - -[0m
[0mGET /images/favicon.ico [36m304[0m 2.544 ms - -[0m
[0mGET /images/asset%202.png [36m304[0m 5.375 ms - -[0m
[0mGET /images/asset%2018.png [36m304[0m 1.557 ms - -[0m
[0mGET /images/asset%2021.png [36m304[0m 1.280 ms - -[0m
[0mGET /images/asset%2024.png [36m304[0m 4.074 ms - -[0m
[0mGET /users/profile [32m200[0m 14.504 ms - 2119[0m
[0mGET /css/layout.css [36m304[0m 3.799 ms - -[0m
[0mGET /css/profile.css [36m304[0m 4.598 ms - -[0m
[0mGET /css/_header.css [36m304[0m 7.310 ms - -[0m
[0mGET /js/profile.js [36m304[0m 3.115 ms - -[0m
[0mGET /js/layout.js [36m304[0m 2.368 ms - -[0m
[0mGET /images/favicon.ico [36m304[0m 2.093 ms - -[0m
[0mGET /users/upload_notes_page [36m304[0m 13.851 ms - -[0m
[0mGET /css/upload_notes.css [36m304[0m 2.627 ms - -[0m
[0mGET /css/layout.css [36m304[0m 7.083 ms - -[0m
[0mGET /css/_header.css [36m304[0m 5.379 ms - -[0m
[0mGET /js/layout.js [36m304[0m 1.467 ms - -[0m
[0mGET /images/favicon.ico [36m304[0m 3.654 ms - -[0m
[0mGET /users/verify_mobile [32m200[0m 12.207 ms - 2330[0m
[0mGET /js/verify_mobile.js [36m304[0m 5.639 ms - -[0m
[0mGET /js/layout.js [36m304[0m 5.641 ms - -[0m
[0mGET /images/favicon.ico [36m304[0m 6.281 ms - -[0m
[0mGET /css/verify_mobile.css [36m304[0m 14.437 ms - -[0m
[0mGET /css/_header.css [36m304[0m 15.689 ms - -[0m
[0mGET /css/layout.css [36m304[0m 24.250 ms - -[0m
[0mGET /users/upload_notes_page [36m304[0m 12.320 ms - -[0m
[0mGET /css/layout.css [36m304[0m 2.026 ms - -[0m
[0mGET /css/upload_notes.css [36m304[0m 5.664 ms - -[0m
[0mGET /css/_header.css [36m304[0m 1.779 ms - -[0m
[0mGET /js/layout.js [36m304[0m 1.308 ms - -[0m
[0mGET /images/favicon.ico [36m304[0m 3.545 ms - -[0m
[0mGET /users/profile [36m304[0m 13.655 ms - -[0m
[0mGET /css/layout.css [36m304[0m 3.073 ms - -[0m
[0mGET /css/profile.css [36m304[0m 3.492 ms - -[0m
[0mGET /css/_header.css [36m304[0m 1.521 ms - -[0m
[0mGET /js/profile.js [36m304[0m 3.347 ms - -[0m
[0mGET /js/layout.js [36m304[0m 1.593 ms - -[0m
[0mGET /images/favicon.ico [36m304[0m 2.171 ms - -[0m
[0mGET / [36m304[0m 14.865 ms - -[0m
[0mGET /css/layout.css [36m304[0m 1.823 ms - -[0m
[0mGET /css/home.css [36m304[0m 1.585 ms - -[0m
[0mGET /css/_header.css [36m304[0m 1.474 ms - -[0m
[0mGET /js/layout.js [36m304[0m 1.696 ms - -[0m
[0mGET /images/favicon.ico [36m304[0m 3.858 ms - -[0m
[0mGET /images/asset%202.png [36m304[0m 5.492 ms - -[0m
[0mGET /images/asset%2018.png [36m304[0m 7.064 ms - -[0m
[0mGET /images/asset%2021.png [36m304[0m 1.325 ms - -[0m
[0mGET /images/asset%2024.png [36m304[0m 2.511 ms - -[0m
