[0mGET / [36m304[0m 51.489 ms - -[0m
[0mGET /css/home.css [36m304[0m 2.708 ms - -[0m
[0mGET /css/layout.css [36m304[0m 6.453 ms - -[0m
[0mGET /css/_footer.css [36m304[0m 2.833 ms - -[0m
[0mGET /css/_header.css [36m304[0m 3.579 ms - -[0m
[0mGET /images/favicon.ico [36m304[0m 1.662 ms - -[0m
[0mGET /js/layout.js [36m304[0m 2.016 ms - -[0m
[0mGET /images/asset%202.png [36m304[0m 2.170 ms - -[0m
[0mGET /images/asset%2018.png [36m304[0m 1.466 ms - -[0m
[0mGET /images/asset%2021.png [36m304[0m 7.283 ms - -[0m
[0mGET /images/asset%2024.png [36m304[0m 11.958 ms - -[0m
[0mGET /users/upload_notes_page [32m200[0m 23.736 ms - 2671[0m
[0mGET /css/upload_notes.css [36m304[0m 2.796 ms - -[0m
[0mGET /css/layout.css [36m304[0m 10.280 ms - -[0m
[0mGET /css/_header.css [36m304[0m 5.361 ms - -[0m
[0mGET /js/layout.js [36m304[0m 4.212 ms - -[0m
[0mGET /images/favicon.ico [36m304[0m 6.068 ms - -[0m
[0mGET /css/_footer.css [36m304[0m 7.297 ms - -[0m
[0mGET /images/favicon.ico [36m304[0m 2.880 ms - -[0m
[0mGET /users/upload_notes_page [36m304[0m 16.385 ms - -[0m
[0mGET /css/layout.css [36m304[0m 4.717 ms - -[0m
[0mGET /css/upload_notes.css [36m304[0m 3.978 ms - -[0m
[0mGET /css/_header.css [36m304[0m 13.402 ms - -[0m
[0mGET /css/_footer.css [36m304[0m 8.112 ms - -[0m
[0mGET /js/layout.js [36m304[0m 6.280 ms - -[0m
[0mGET /images/favicon.ico [36m304[0m 2.695 ms - -[0m
[0mGET /users/verify_mobile [32m200[0m 51.526 ms - 2266[0m
[0mGET /css/layout.css [36m304[0m 2.148 ms - -[0m
[0mGET /css/verify_mobile.css [36m304[0m 2.869 ms - -[0m
[0mGET /css/_header.css [36m304[0m 3.423 ms - -[0m
[0mGET /css/_footer.css [36m304[0m 4.958 ms - -[0m
[0mGET /js/verify_mobile.js [36m304[0m 4.182 ms - -[0m
[0mGET /js/layout.js [36m304[0m 1.515 ms - -[0m
[0mGET /images/favicon.ico [36m304[0m 4.303 ms - -[0m
[0mGET /users/profile [36m304[0m 17.386 ms - -[0m
[0mGET /css/_header.css [36m304[0m 1.707 ms - -[0m
[0mGET /css/profile.css [36m304[0m 5.422 ms - -[0m
[0mGET /css/layout.css [36m304[0m 8.386 ms - -[0m
[0mGET /js/profile.js [36m304[0m 16.481 ms - -[0m
[0mGET /css/_footer.css [36m304[0m 18.927 ms - -[0m
[0mGET /js/layout.js [36m304[0m 9.934 ms - -[0m
[0mGET /images/favicon.ico [36m304[0m 1.436 ms - -[0m
[0mGET / [36m304[0m 21.199 ms - -[0m
[0mGET /css/layout.css [36m304[0m 10.333 ms - -[0m
[0mGET /css/home.css [36m304[0m 1.899 ms - -[0m
[0mGET /css/_header.css [36m304[0m 5.108 ms - -[0m
[0mGET /css/_footer.css [36m304[0m 3.374 ms - -[0m
[0mGET /js/layout.js [36m304[0m 1.601 ms - -[0m
[0mGET /images/favicon.ico [36m304[0m 2.825 ms - -[0m
[0mGET /images/asset%202.png [36m304[0m 4.670 ms - -[0m
[0mGET /images/asset%2018.png [36m304[0m 8.282 ms - -[0m
[0mGET /images/asset%2021.png [36m304[0m 9.624 ms - -[0m
[0mGET /images/asset%2024.png [36m304[0m 2.360 ms - -[0m
[0mGET / [32m200[0m 26.285 ms - 4213[0m
[0mGET /css/home.css [36m304[0m 11.132 ms - -[0m
[0mGET /css/layout.css [36m304[0m 30.740 ms - -[0m
[0mGET /css/_header.css [36m304[0m 2.479 ms - -[0m
[0mGET /js/layout.js [36m304[0m 3.775 ms - -[0m
[0mGET /css/_footer.css [36m304[0m 14.194 ms - -[0m
[0mGET /images/favicon.ico [36m304[0m 1.888 ms - -[0m
[0mGET /images/asset%202.png [36m304[0m 4.436 ms - -[0m
[0mGET /images/asset%2018.png [36m304[0m 2.044 ms - -[0m
[0mGET /images/asset%2021.png [36m304[0m 12.091 ms - -[0m
[0mGET /images/asset%2024.png [36m304[0m 14.198 ms - -[0m
[0mGET /images/favicon.ico [36m304[0m 1.392 ms - -[0m
[0mGET / [32m200[0m 27.318 ms - 4283[0m
[0mGET /css/home.css [36m304[0m 5.150 ms - -[0m
[0mGET /css/_header.css [36m304[0m 1.999 ms - -[0m
[0mGET /css/layout.css [36m304[0m 19.802 ms - -[0m
[0mGET /js/layout.js [36m304[0m 2.071 ms - -[0m
[0mGET /css/_footer.css [36m304[0m 10.215 ms - -[0m
[0mGET /images/favicon.ico [36m304[0m 4.726 ms - -[0m
[0mGET /images/asset%202.png [36m304[0m 5.242 ms - -[0m
[0mGET /images/asset%2018.png [36m304[0m 8.059 ms - -[0m
[0mGET /images/asset%2021.png [36m304[0m 9.304 ms - -[0m
[0mGET /images/asset%2024.png [36m304[0m 3.968 ms - -[0m
[0mGET /images/favicon.ico [36m304[0m 1.068 ms - -[0m
[0mGET / [32m200[0m 18.451 ms - 4382[0m
[0mGET /css/layout.css [36m304[0m 5.699 ms - -[0m
[0mGET /css/home.css [36m304[0m 3.549 ms - -[0m
[0mGET /css/_header.css [36m304[0m 3.012 ms - -[0m
[0mGET /css/_footer.css [36m304[0m 1.700 ms - -[0m
[0mGET /js/layout.js [36m304[0m 1.311 ms - -[0m
[0mGET /images/favicon.ico [36m304[0m 1.552 ms - -[0m
[0mGET /images/asset%202.png [36m304[0m 1.240 ms - -[0m
[0mGET /images/asset%2018.png [36m304[0m 3.793 ms - -[0m
[0mGET /images/asset%2021.png [36m304[0m 2.124 ms - -[0m
[0mGET /images/asset%2024.png [36m304[0m 2.483 ms - -[0m
[0mGET /images/favicon.ico [36m304[0m 1.367 ms - -[0m
[0mGET / [32m200[0m 22.954 ms - 4388[0m
[0mGET /css/layout.css [36m304[0m 2.767 ms - -[0m
[0mGET /css/home.css [36m304[0m 2.048 ms - -[0m
[0mGET /css/_header.css [36m304[0m 3.512 ms - -[0m
[0mGET /images/favicon.ico [36m304[0m 4.361 ms - -[0m
[0mGET /images/asset%202.png [36m304[0m 3.786 ms - -[0m
[0mGET /images/asset%2018.png [36m304[0m 1.426 ms - -[0m
[0mGET /images/asset%2021.png [36m304[0m 1.550 ms - -[0m
[0mGET /images/asset%2024.png [36m304[0m 11.133 ms - -[0m
[0mGET /css/_footer.css [36m304[0m 6.228 ms - -[0m
[0mGET /js/layout.js [36m304[0m 1.477 ms - -[0m
[0mGET /images/favicon.ico [36m304[0m 1.170 ms - -[0m
[0mGET / [32m200[0m 22.649 ms - 4327[0m
[0mGET /css/home.css [36m304[0m 3.071 ms - -[0m
[0mGET /css/layout.css [36m304[0m 16.936 ms - -[0m
[0mGET /css/_header.css [36m304[0m 7.601 ms - -[0m
[0mGET /js/layout.js [36m304[0m 2.760 ms - -[0m
[0mGET /css/_footer.css [36m304[0m 5.616 ms - -[0m
[0mGET /images/favicon.ico [36m304[0m 4.558 ms - -[0m
[0mGET /images/asset%202.png [36m304[0m 1.469 ms - -[0m
[0mGET /images/asset%2018.png [36m304[0m 1.972 ms - -[0m
[0mGET /images/asset%2021.png [36m304[0m 2.172 ms - -[0m
[0mGET /images/asset%2024.png [36m304[0m 1.317 ms - -[0m
[0mGET /images/favicon.ico [36m304[0m 1.291 ms - -[0m
[0mGET /users/upload_notes_page [36m304[0m 27.221 ms - -[0m
[0mGET /js/layout.js [36m304[0m 3.609 ms - -[0m
[0mGET /images/favicon.ico [36m304[0m 7.791 ms - -[0m
[0mGET /css/upload_notes.css [36m304[0m 15.246 ms - -[0m
[0mGET /css/_header.css [36m304[0m 14.746 ms - -[0m
[0mGET /css/_footer.css [36m304[0m 15.914 ms - -[0m
[0mGET /css/layout.css [36m304[0m 26.302 ms - -[0m
[0mGET /images/favicon.ico [36m304[0m 1.410 ms - -[0m
[0mGET / [32m200[0m 13.483 ms - 4327[0m
[0mGET /css/_header.css [36m304[0m 4.054 ms - -[0m
[0mGET /css/home.css [36m304[0m 5.452 ms - -[0m
[0mGET /css/layout.css [36m304[0m 11.245 ms - -[0m
[0mGET /js/layout.js [36m304[0m 6.187 ms - -[0m
[0mGET /images/favicon.ico [36m304[0m 6.548 ms - -[0m
[0mGET /images/asset%202.png [36m304[0m 6.701 ms - -[0m
[0mGET /images/asset%2018.png [36m304[0m 6.884 ms - -[0m
[0mGET /images/asset%2021.png [36m304[0m 7.163 ms - -[0m
[0mGET /css/_footer.css [36m304[0m 14.359 ms - -[0m
[0mGET /images/asset%2024.png [36m304[0m 1.490 ms - -[0m
[0mGET /users/signin [32m200[0m 21.522 ms - 2570[0m
[0mGET /css/signin.css [36m304[0m 3.880 ms - -[0m
[0mGET /css/layout.css [36m304[0m 8.018 ms - -[0m
[0mGET /css/_header.css [36m304[0m 6.055 ms - -[0m
[0mGET /js/layout.js [36m304[0m 3.381 ms - -[0m
[0mGET /images/favicon.ico [36m304[0m 3.951 ms - -[0m
[0mGET /css/_footer.css [36m304[0m 7.577 ms - -[0m
[0mGET /images/google.png [36m304[0m 1.388 ms - -[0m
[0mGET / [36m304[0m 47.935 ms - -[0m
[0mGET /images/favicon.ico [36m304[0m 15.135 ms - -[0m
[0mGET /images/asset%2021.png [36m304[0m 13.764 ms - -[0m
[0mGET /images/asset%2024.png [36m304[0m 14.003 ms - -[0m
[0mGET /css/home.css [36m304[0m 29.402 ms - -[0m
[0mGET /css/_header.css [36m304[0m 29.822 ms - -[0m
[0mGET /css/layout.css [36m304[0m 37.654 ms - -[0m
[0mGET /js/layout.js [36m304[0m 5.986 ms - -[0m
[0mGET /images/asset%202.png [36m304[0m 6.692 ms - -[0m
[0mGET /images/asset%2018.png [36m304[0m 4.880 ms - -[0m
[0mGET /css/_footer.css [36m304[0m 11.369 ms - -[0m
[0mGET /users/profile [36m304[0m 17.418 ms - -[0m
[0mGET /css/layout.css [36m304[0m 2.585 ms - -[0m
[0mGET /css/profile.css [36m304[0m 5.703 ms - -[0m
[0mGET /css/_header.css [36m304[0m 1.591 ms - -[0m
[0mGET /css/_footer.css [36m304[0m 2.300 ms - -[0m
[0mGET /js/profile.js [36m304[0m 4.960 ms - -[0m
[0mGET /js/layout.js [36m304[0m 1.436 ms - -[0m
[0mGET /images/favicon.ico [36m304[0m 3.485 ms - -[0m
[0mGET /users/upload_notes_page [36m304[0m 20.462 ms - -[0m
[0mGET /css/upload_notes.css [36m304[0m 1.761 ms - -[0m
[0mGET /css/layout.css [36m304[0m 6.885 ms - -[0m
[0mGET /css/_header.css [36m304[0m 8.199 ms - -[0m
[0mGET /css/_footer.css [36m304[0m 2.305 ms - -[0m
[0mGET /js/layout.js [36m304[0m 6.059 ms - -[0m
[0mGET /images/favicon.ico [36m304[0m 33.209 ms - -[0m
[0mGET /users/verify_mobile [36m304[0m 22.888 ms - -[0m
[0mGET /css/layout.css [36m304[0m 4.550 ms - -[0m
[0mGET /css/verify_mobile.css [36m304[0m 7.358 ms - -[0m
[0mGET /css/_header.css [36m304[0m 9.095 ms - -[0m
[0mGET /css/_footer.css [36m304[0m 6.695 ms - -[0m
[0mGET /js/verify_mobile.js [36m304[0m 2.775 ms - -[0m
[0mGET /js/layout.js [36m304[0m 3.533 ms - -[0m
[0mGET /images/favicon.ico [36m304[0m 1.477 ms - -[0m
[0mGET /users/profile [36m304[0m 26.414 ms - -[0m
[0mGET /css/layout.css [36m304[0m 2.534 ms - -[0m
[0mGET /css/profile.css [36m304[0m 3.236 ms - -[0m
[0mGET /css/_header.css [36m304[0m 1.890 ms - -[0m
[0mGET /css/_footer.css [36m304[0m 2.858 ms - -[0m
[0mGET /js/profile.js [36m304[0m 2.204 ms - -[0m
[0mGET /js/layout.js [36m304[0m 4.018 ms - -[0m
[0mGET /images/favicon.ico [36m304[0m 1.572 ms - -[0m
[0mGET / [36m304[0m 16.883 ms - -[0m
[0mGET /css/layout.css [36m304[0m 2.373 ms - -[0m
[0mGET /css/home.css [36m304[0m 3.233 ms - -[0m
[0mGET /css/_header.css [36m304[0m 2.538 ms - -[0m
[0mGET /css/_footer.css [36m304[0m 3.569 ms - -[0m
[0mGET /js/layout.js [36m304[0m 2.749 ms - -[0m
[0mGET /images/favicon.ico [36m304[0m 7.351 ms - -[0m
[0mGET /images/asset%202.png [36m304[0m 7.107 ms - -[0m
[0mGET /images/asset%2018.png [36m304[0m 1.886 ms - -[0m
[0mGET /images/asset%2021.png [36m304[0m 10.899 ms - -[0m
[0mGET /images/asset%2024.png [36m304[0m 2.405 ms - -[0m
[0mGET / [32m200[0m 18.456 ms - 4326[0m
[0mGET /css/layout.css [36m304[0m 2.887 ms - -[0m
[0mGET /css/home.css [36m304[0m 2.049 ms - -[0m
[0mGET /css/_header.css [36m304[0m 5.770 ms - -[0m
[0mGET /css/_footer.css [36m304[0m 2.222 ms - -[0m
[0mGET /js/layout.js [36m304[0m 2.814 ms - -[0m
[0mGET /images/favicon.ico [36m304[0m 4.711 ms - -[0m
[0mGET /images/asset%202.png [36m304[0m 5.022 ms - -[0m
[0mGET /images/asset%2021.png [36m304[0m 2.478 ms - -[0m
[0mGET /images/asset%2018.png [36m304[0m 10.583 ms - -[0m
[0mGET /images/asset%2024.png [36m304[0m 1.280 ms - -[0m
[0mGET / [32m200[0m 23.110 ms - 4295[0m
[0mGET /css/layout.css [36m304[0m 8.678 ms - -[0m
[0mGET /css/home.css [36m304[0m 10.153 ms - -[0m
[0mGET /css/_header.css [36m304[0m 10.373 ms - -[0m
[0mGET /js/layout.js [36m304[0m 2.362 ms - -[0m
[0mGET /css/_footer.css [36m304[0m 6.062 ms - -[0m
[0mGET /images/favicon.ico [36m304[0m 1.676 ms - -[0m
[0mGET /images/asset%202.png [36m304[0m 2.076 ms - -[0m
[0mGET /images/asset%2018.png [36m304[0m 3.012 ms - -[0m
[0mGET /images/asset%2021.png [36m304[0m 5.469 ms - -[0m
[0mGET /images/asset%2024.png [36m304[0m 1.262 ms - -[0m
[0mGET / [32m200[0m 21.566 ms - 4442[0m
[0mGET /css/layout.css [36m304[0m 9.606 ms - -[0m
[0mGET /css/home.css [36m304[0m 7.602 ms - -[0m
[0mGET /css/_header.css [36m304[0m 1.744 ms - -[0m
[0mGET /css/_footer.css [36m304[0m 6.925 ms - -[0m
[0mGET /js/layout.js [36m304[0m 6.749 ms - -[0m
[0mGET /images/favicon.ico [36m304[0m 7.054 ms - -[0m
[0mGET /images/asset%202.png [36m304[0m 4.646 ms - -[0m
[0mGET /images/asset%2018.png [36m304[0m 1.462 ms - -[0m
[0mGET /images/asset%2021.png [36m304[0m 4.184 ms - -[0m
[0mGET /images/asset%2024.png [36m304[0m 1.497 ms - -[0m
[0mGET /users/profile [36m304[0m 22.624 ms - -[0m
[0mGET /css/profile.css [36m304[0m 6.864 ms - -[0m
[0mGET /css/layout.css [36m304[0m 9.544 ms - -[0m
[0mGET /css/_header.css [36m304[0m 2.135 ms - -[0m
[0mGET /js/profile.js [36m304[0m 4.616 ms - -[0m
[0mGET /css/_footer.css [36m304[0m 7.335 ms - -[0m
[0mGET /js/layout.js [36m304[0m 5.878 ms - -[0m
[0mGET /images/favicon.ico [36m304[0m 4.891 ms - -[0m
[0mGET /users/upload_notes_page [36m304[0m 19.303 ms - -[0m
[0mGET /css/layout.css [36m304[0m 5.343 ms - -[0m
[0mGET /css/upload_notes.css [36m304[0m 4.532 ms - -[0m
[0mGET /css/_header.css [36m304[0m 6.967 ms - -[0m
[0mGET /css/_footer.css [36m304[0m 2.032 ms - -[0m
[0mGET /js/layout.js [36m304[0m 1.871 ms - -[0m
[0mGET /images/favicon.ico [36m304[0m 8.310 ms - -[0m
[0mGET /users/verify_mobile [36m304[0m 15.700 ms - -[0m
[0mGET /css/layout.css [36m304[0m 2.526 ms - -[0m
[0mGET /css/verify_mobile.css [36m304[0m 1.871 ms - -[0m
[0mGET /css/_header.css [36m304[0m 7.737 ms - -[0m
[0mGET /css/_footer.css [36m304[0m 7.616 ms - -[0m
[0mGET /js/verify_mobile.js [36m304[0m 5.443 ms - -[0m
[0mGET /js/layout.js [36m304[0m 3.105 ms - -[0m
[0mGET /images/favicon.ico [36m304[0m 2.614 ms - -[0m
[0mGET /users/signin [36m304[0m 19.820 ms - -[0m
[0mGET /css/signin.css [36m304[0m 3.393 ms - -[0m
[0mGET /css/layout.css [36m304[0m 11.444 ms - -[0m
[0mGET /css/_header.css [36m304[0m 12.977 ms - -[0m
[0mGET /css/_footer.css [36m304[0m 8.520 ms - -[0m
[0mGET /js/layout.js [36m304[0m 1.492 ms - -[0m
[0mGET /images/favicon.ico [36m304[0m 2.753 ms - -[0m
[0mGET /images/google.png [36m304[0m 6.889 ms - -[0m
[0mGET /users/upload_notes_page [36m304[0m 18.352 ms - -[0m
[0mGET /css/upload_notes.css [36m304[0m 2.072 ms - -[0m
[0mGET /css/layout.css [36m304[0m 11.045 ms - -[0m
[0mGET /css/_header.css [36m304[0m 4.906 ms - -[0m
[0mGET /js/layout.js [36m304[0m 2.197 ms - -[0m
[0mGET /css/_footer.css [36m304[0m 8.858 ms - -[0m
[0mGET /images/favicon.ico [36m304[0m 4.134 ms - -[0m
[0mGET /users/upload_notes_page [36m304[0m 16.253 ms - -[0m
[0mGET /css/layout.css [36m304[0m 2.712 ms - -[0m
[0mGET /css/upload_notes.css [36m304[0m 4.714 ms - -[0m
[0mGET /css/_header.css [36m304[0m 2.245 ms - -[0m
[0mGET /css/_footer.css [36m304[0m 4.038 ms - -[0m
[0mGET /js/layout.js [36m304[0m 1.616 ms - -[0m
[0mGET /images/favicon.ico [36m304[0m 1.431 ms - -[0m
[0mGET /users/profile [36m304[0m 19.160 ms - -[0m
[0mGET /css/layout.css [36m304[0m 5.761 ms - -[0m
[0mGET /css/profile.css [36m304[0m 2.490 ms - -[0m
[0mGET /css/_header.css [36m304[0m 5.250 ms - -[0m
[0mGET /css/_footer.css [36m304[0m 2.928 ms - -[0m
[0mGET /js/profile.js [36m304[0m 1.496 ms - -[0m
[0mGET /js/layout.js [36m304[0m 1.169 ms - -[0m
[0mGET /images/favicon.ico [36m304[0m 1.560 ms - -[0m
[0mGET / [36m304[0m 18.161 ms - -[0m
[0mGET /css/home.css [36m304[0m 3.842 ms - -[0m
[0mGET /css/layout.css [36m304[0m 10.435 ms - -[0m
[0mGET /css/_header.css [36m304[0m 6.999 ms - -[0m
[0mGET /js/layout.js [36m304[0m 2.246 ms - -[0m
[0mGET /css/_footer.css [36m304[0m 7.920 ms - -[0m
[0mGET /images/favicon.ico [36m304[0m 3.017 ms - -[0m
[0mGET /images/asset%202.png [36m304[0m 1.119 ms - -[0m
[0mGET /images/asset%2018.png [36m304[0m 3.669 ms - -[0m
[0mGET /images/asset%2021.png [36m304[0m 3.297 ms - -[0m
[0mGET /images/asset%2024.png [36m304[0m 3.268 ms - -[0m
[0mGET /users/upload_notes_page [36m304[0m 19.571 ms - -[0m
[0mGET /css/layout.css [36m304[0m 2.517 ms - -[0m
[0mGET /css/upload_notes.css [36m304[0m 4.459 ms - -[0m
[0mGET /css/_header.css [36m304[0m 3.201 ms - -[0m
[0mGET /css/_footer.css [36m304[0m 5.119 ms - -[0m
[0mGET /js/layout.js [36m304[0m 1.467 ms - -[0m
[0mGET /images/favicon.ico [36m304[0m 7.044 ms - -[0m
[0mGET / [36m304[0m 27.489 ms - -[0m
[0mGET /css/home.css [36m304[0m 4.074 ms - -[0m
[0mGET /css/_header.css [36m304[0m 3.366 ms - -[0m
[0mGET /css/layout.css [36m304[0m 10.684 ms - -[0m
[0mGET /css/_footer.css [36m304[0m 2.479 ms - -[0m
[0mGET /js/layout.js [36m304[0m 22.563 ms - -[0m
[0mGET /images/favicon.ico [36m304[0m 13.596 ms - -[0m
[0mGET /images/asset%202.png [36m304[0m 13.031 ms - -[0m
[0mGET /images/asset%2018.png [36m304[0m 13.494 ms - -[0m
[0mGET /images/asset%2021.png [36m304[0m 13.461 ms - -[0m
[0mGET /images/asset%2024.png [36m304[0m 3.483 ms - -[0m
[0mGET / [32m200[0m 16.651 ms - 4375[0m
[0mGET /css/home.css [36m304[0m 6.201 ms - -[0m
[0mGET /css/_header.css [36m304[0m 7.510 ms - -[0m
[0mGET /css/layout.css [36m304[0m 12.105 ms - -[0m
[0mGET /css/_footer.css [36m304[0m 6.167 ms - -[0m
[0mGET /js/layout.js [36m304[0m 9.146 ms - -[0m
[0mGET /images/favicon.ico [36m304[0m 1.856 ms - -[0m
[0mGET /images/asset%202.png [36m304[0m 5.846 ms - -[0m
[0mGET /images/asset%2018.png [36m304[0m 1.713 ms - -[0m
[0mGET /images/asset%2021.png [36m304[0m 3.272 ms - -[0m
[0mGET /images/asset%2024.png [36m304[0m 2.895 ms - -[0m
[0mGET /images/favicon.ico [36m304[0m 1.208 ms - -[0m
[0mGET / [32m200[0m 27.178 ms - 4496[0m
[0mGET /css/home.css [36m304[0m 5.292 ms - -[0m
[0mGET /css/_header.css [36m304[0m 5.279 ms - -[0m
[0mGET /css/layout.css [36m304[0m 14.425 ms - -[0m
[0mGET /css/_footer.css [36m304[0m 5.089 ms - -[0m
[0mGET /js/layout.js [36m304[0m 3.065 ms - -[0m
[0mGET /images/favicon.ico [36m304[0m 2.114 ms - -[0m
[0mGET /images/asset%202.png [36m304[0m 2.564 ms - -[0m
[0mGET /images/asset%2018.png [36m304[0m 1.702 ms - -[0m
[0mGET /images/asset%2021.png [36m304[0m 2.655 ms - -[0m
[0mGET /images/asset%2024.png [36m304[0m 3.085 ms - -[0m
[0mGET /images/favicon.ico [36m304[0m 1.774 ms - -[0m
[0mGET / [32m200[0m 22.384 ms - 4496[0m
[0mGET /css/home.css [36m304[0m 3.558 ms - -[0m
[0mGET /css/layout.css [36m304[0m 7.833 ms - -[0m
[0mGET /css/_header.css [36m304[0m 1.858 ms - -[0m
[0mGET /css/_footer.css [36m304[0m 2.070 ms - -[0m
[0mGET /js/layout.js [36m304[0m 4.002 ms - -[0m
[0mGET /images/favicon.ico [36m304[0m 2.244 ms - -[0m
[0mGET /images/asset%202.png [36m304[0m 1.449 ms - -[0m
[0mGET /images/asset%2018.png [36m304[0m 3.070 ms - -[0m
[0mGET /images/asset%2021.png [36m304[0m 1.965 ms - -[0m
[0mGET /images/asset%2024.png [36m304[0m 1.213 ms - -[0m
[0mGET /images/favicon.ico [36m304[0m 1.201 ms - -[0m
[0mGET / [32m200[0m 16.810 ms - 4379[0m
[0mGET /css/layout.css [36m304[0m 13.213 ms - -[0m
[0mGET /css/home.css [36m304[0m 1.892 ms - -[0m
[0mGET /css/_header.css [36m304[0m 2.267 ms - -[0m
[0mGET /css/_footer.css [36m304[0m 1.817 ms - -[0m
[0mGET /js/layout.js [36m304[0m 17.711 ms - -[0m
[0mGET /images/favicon.ico [36m304[0m 15.024 ms - -[0m
[0mGET /images/asset%202.png [36m304[0m 15.097 ms - -[0m
[0mGET /images/asset%2018.png [36m304[0m 8.023 ms - -[0m
[0mGET /images/asset%2021.png [36m304[0m 7.708 ms - -[0m
[0mGET /images/asset%2024.png [36m304[0m 2.237 ms - -[0m
[0mGET /images/favicon.ico [36m304[0m 3.637 ms - -[0m
[0mGET / [32m200[0m 18.659 ms - 4496[0m
[0mGET /css/layout.css [36m304[0m 4.660 ms - -[0m
[0mGET /css/home.css [36m304[0m 2.888 ms - -[0m
[0mGET /css/_header.css [36m304[0m 1.803 ms - -[0m
[0mGET /images/favicon.ico [36m304[0m 3.098 ms - -[0m
[0mGET /images/asset%202.png [36m304[0m 2.626 ms - -[0m
[0mGET /images/asset%2018.png [36m304[0m 3.285 ms - -[0m
[0mGET /images/asset%2024.png [36m304[0m 1.313 ms - -[0m
[0mGET /images/asset%2021.png [36m304[0m 1.451 ms - -[0m
[0mGET /css/_footer.css [36m304[0m 2.508 ms - -[0m
[0mGET /js/layout.js [36m304[0m 7.310 ms - -[0m
[0mGET /images/favicon.ico [36m304[0m 1.366 ms - -[0m
[0mGET / [32m200[0m 26.952 ms - 4496[0m
[0mGET /css/home.css [36m304[0m 4.114 ms - -[0m
[0mGET /css/_header.css [36m304[0m 5.423 ms - -[0m
[0mGET /css/layout.css [36m304[0m 22.252 ms - -[0m
[0mGET /js/layout.js [36m304[0m 1.695 ms - -[0m
[0mGET /css/_footer.css [36m304[0m 9.408 ms - -[0m
[0mGET /images/favicon.ico [36m304[0m 2.166 ms - -[0m
[0mGET /images/asset%202.png [36m304[0m 1.420 ms - -[0m
[0mGET /images/asset%2018.png [36m304[0m 5.335 ms - -[0m
[0mGET /images/asset%2021.png [36m304[0m 3.268 ms - -[0m
[0mGET /images/asset%2024.png [36m304[0m 1.342 ms - -[0m
[0mGET /images/favicon.ico [36m304[0m 2.981 ms - -[0m
[0mGET / [32m200[0m 27.108 ms - 4442[0m
[0mGET /css/layout.css [36m304[0m 2.564 ms - -[0m
[0mGET /css/home.css [36m304[0m 2.097 ms - -[0m
[0mGET /css/_header.css [36m304[0m 28.445 ms - -[0m
[0mGET /css/_footer.css [36m304[0m 2.703 ms - -[0m
[0mGET /js/layout.js [36m304[0m 1.506 ms - -[0m
[0mGET /images/favicon.ico [36m304[0m 2.740 ms - -[0m
[0mGET /images/asset%202.png [36m304[0m 1.709 ms - -[0m
[0mGET /images/asset%2018.png [36m304[0m 2.919 ms - -[0m
[0mGET /images/asset%2021.png [36m304[0m 1.397 ms - -[0m
[0mGET /images/asset%2024.png [36m304[0m 3.904 ms - -[0m
[0mGET /images/favicon.ico [36m304[0m 1.334 ms - -[0m
[0mGET / [32m200[0m 15.744 ms - 4388[0m
[0mGET /css/layout.css [36m304[0m 2.439 ms - -[0m
[0mGET /css/home.css [36m304[0m 3.430 ms - -[0m
[0mGET /css/_header.css [36m304[0m 3.203 ms - -[0m
[0mGET /css/_footer.css [36m304[0m 10.120 ms - -[0m
[0mGET /js/layout.js [36m304[0m 2.853 ms - -[0m
[0mGET /images/favicon.ico [36m304[0m 6.885 ms - -[0m
[0mGET /images/asset%202.png [36m304[0m 7.369 ms - -[0m
[0mGET /images/asset%2018.png [36m304[0m 8.815 ms - -[0m
[0mGET /images/asset%2021.png [36m304[0m 3.719 ms - -[0m
[0mGET /images/asset%2024.png [36m304[0m 7.256 ms - -[0m
[0mGET /images/favicon.ico [36m304[0m 0.999 ms - -[0m
[0mGET / [32m200[0m 19.822 ms - 4388[0m
[0mGET /css/home.css [36m304[0m 5.580 ms - -[0m
[0mGET /css/_header.css [36m304[0m 6.360 ms - -[0m
[0mGET /css/layout.css [36m304[0m 7.762 ms - -[0m
[0mGET /js/layout.js [36m304[0m 11.585 ms - -[0m
[0mGET /images/favicon.ico [36m304[0m 12.893 ms - -[0m
[0mGET /images/asset%202.png [36m304[0m 8.743 ms - -[0m
[0mGET /images/asset%2018.png [36m304[0m 9.349 ms - -[0m
[0mGET /images/asset%2021.png [36m304[0m 10.691 ms - -[0m
[0mGET /css/_footer.css [36m304[0m 23.208 ms - -[0m
[0mGET /images/asset%2024.png [36m304[0m 1.019 ms - -[0m
[0mGET /images/favicon.ico [36m304[0m 2.556 ms - -[0m
[0mGET / [32m200[0m 18.054 ms - 4241[0m
[0mGET /css/home.css [36m304[0m 3.677 ms - -[0m
[0mGET /css/layout.css [36m304[0m 8.004 ms - -[0m
[0mGET /css/_header.css [36m304[0m 6.204 ms - -[0m
[0mGET /js/layout.js [36m304[0m 9.252 ms - -[0m
[0mGET /images/favicon.ico [36m304[0m 8.673 ms - -[0m
[0mGET /images/asset%202.png [36m304[0m 8.707 ms - -[0m
[0mGET /images/asset%2018.png [36m304[0m 10.163 ms - -[0m
[0mGET /css/_footer.css [36m304[0m 20.396 ms - -[0m
[0mGET /images/asset%2021.png [36m304[0m 4.381 ms - -[0m
[0mGET /images/asset%2024.png [36m304[0m 1.811 ms - -[0m
[0mGET /images/favicon.ico [36m304[0m 1.321 ms - -[0m
[0mGET /users/signin [36m304[0m 19.393 ms - -[0m
[0mGET /css/signin.css [36m304[0m 1.972 ms - -[0m
[0mGET /css/layout.css [36m304[0m 12.539 ms - -[0m
[0mGET /css/_header.css [36m304[0m 9.717 ms - -[0m
[0mGET /css/_footer.css [36m304[0m 7.543 ms - -[0m
[0mGET /js/layout.js [36m304[0m 3.972 ms - -[0m
[0mGET /images/favicon.ico [36m304[0m 4.142 ms - -[0m
[0mGET /images/google.png [36m304[0m 3.689 ms - -[0m
[0mGET /users/signup [32m200[0m 18.652 ms - 2814[0m
[0mGET /css/signin.css [36m304[0m 6.267 ms - -[0m
[0mGET /css/_header.css [36m304[0m 15.316 ms - -[0m
[0mGET /images/favicon.ico [36m304[0m 9.081 ms - -[0m
[0mGET /images/google.png [36m304[0m 8.284 ms - -[0m
[0mGET /css/layout.css [36m304[0m 27.203 ms - -[0m
[0mGET /js/layout.js [36m304[0m 1.621 ms - -[0m
[0mGET /css/_footer.css [36m304[0m 5.476 ms - -[0m
[0mGET /users/signin [36m304[0m 17.823 ms - -[0m
[0mGET /images/favicon.ico [36m304[0m 3.252 ms - -[0m
[0mGET /images/google.png [36m304[0m 3.860 ms - -[0m
[0mGET /css/signin.css [36m304[0m 8.995 ms - -[0m
[0mGET /css/_header.css [36m304[0m 9.361 ms - -[0m
[0mGET /css/layout.css [36m304[0m 16.299 ms - -[0m
[0mGET /js/layout.js [36m304[0m 1.570 ms - -[0m
[0mGET /css/_footer.css [36m304[0m 4.478 ms - -[0m
[0mGET /users/signup [36m304[0m 20.636 ms - -[0m
[0mGET /css/signin.css [36m304[0m 7.072 ms - -[0m
[0mGET /images/favicon.ico [36m304[0m 5.889 ms - -[0m
[0mGET /images/google.png [36m304[0m 6.367 ms - -[0m
[0mGET /css/layout.css [36m304[0m 17.201 ms - -[0m
[0mGET /css/_header.css [36m304[0m 12.652 ms - -[0m
[0mGET /js/layout.js [36m304[0m 1.585 ms - -[0m
[0mGET /css/_footer.css [36m304[0m 4.699 ms - -[0m
[0mGET /users/signin [36m304[0m 23.354 ms - -[0m
[0mGET /images/favicon.ico [36m304[0m 5.067 ms - -[0m
[0mGET /images/google.png [36m304[0m 5.639 ms - -[0m
[0mGET /css/signin.css [36m304[0m 12.540 ms - -[0m
[0mGET /css/_header.css [36m304[0m 14.170 ms - -[0m
[0mGET /css/layout.css [36m304[0m 19.616 ms - -[0m
[0mGET /js/layout.js [36m304[0m 1.710 ms - -[0m
[0mGET /css/_footer.css [36m304[0m 4.516 ms - -[0m
[0mGET /users/signup [32m200[0m 18.536 ms - 2921[0m
[0mGET /css/_header.css [36m304[0m 9.780 ms - -[0m
[0mGET /css/layout.css [36m304[0m 18.691 ms - -[0m
[0mGET /css/signin.css [32m200[0m 19.449 ms - 1885[0m
[0mGET /images/google.png [36m304[0m 3.093 ms - -[0m
[0mGET /images/favicon.ico [36m304[0m 2.789 ms - -[0m
[0mGET /js/layout.js [36m304[0m 1.560 ms - -[0m
[0mGET /css/_footer.css [36m304[0m 4.347 ms - -[0m
[0mGET /users/signup [32m200[0m 17.116 ms - 2933[0m
[0mGET /css/layout.css [36m304[0m 2.980 ms - -[0m
[0mGET /js/layout.js [36m304[0m 6.154 ms - -[0m
[0mGET /css/_footer.css [36m304[0m 11.581 ms - -[0m
[0mGET /css/signin.css [36m304[0m 12.154 ms - -[0m
[0mGET /css/_header.css [36m304[0m 13.729 ms - -[0m
[0mGET /images/favicon.ico [36m304[0m 2.555 ms - -[0m
[0mGET /images/google.png [36m304[0m 4.053 ms - -[0m
[0mGET /images/favicon.ico [36m304[0m 3.979 ms - -[0m
[0mGET /users/signin [36m304[0m 16.223 ms - -[0m
[0mGET /images/google.png [36m304[0m 2.095 ms - -[0m
[0mGET /css/signin.css [36m304[0m 5.540 ms - -[0m
[0mGET /css/_header.css [36m304[0m 6.524 ms - -[0m
[0mGET /css/layout.css [36m304[0m 11.056 ms - -[0m
[0mGET /js/layout.js [36m304[0m 6.472 ms - -[0m
[0mGET /images/favicon.ico [36m304[0m 6.113 ms - -[0m
[0mGET /css/_footer.css [36m304[0m 10.621 ms - -[0m
[0mGET /users/signup [36m304[0m 16.235 ms - -[0m
[0mGET /css/signin.css [36m304[0m 1.794 ms - -[0m
[0mGET /css/layout.css [36m304[0m 5.591 ms - -[0m
[0mGET /css/_header.css [36m304[0m 4.265 ms - -[0m
[0mGET /images/favicon.ico [36m304[0m 2.508 ms - -[0m
[0mGET /images/google.png [36m304[0m 3.394 ms - -[0m
[0mGET /js/layout.js [36m304[0m 2.245 ms - -[0m
[0mGET /css/_footer.css [36m304[0m 5.705 ms - -[0m
[0mGET /users/signin [36m304[0m 15.125 ms - -[0m
[0mGET /images/favicon.ico [36m304[0m 5.564 ms - -[0m
[0mGET /images/google.png [36m304[0m 6.309 ms - -[0m
[0mGET /css/signin.css [36m304[0m 18.438 ms - -[0m
[0mGET /css/_header.css [36m304[0m 18.874 ms - -[0m
[0mGET /css/layout.css [36m304[0m 33.588 ms - -[0m
[0mGET /js/layout.js [36m304[0m 5.933 ms - -[0m
[0mGET /css/_footer.css [36m304[0m 10.089 ms - -[0m
[0mGET /users/signup [36m304[0m 20.824 ms - -[0m
[0mGET /css/signin.css [36m304[0m 2.851 ms - -[0m
[0mGET /css/_header.css [36m304[0m 3.614 ms - -[0m
[0mGET /css/layout.css [36m304[0m 13.261 ms - -[0m
[0mGET /images/favicon.ico [36m304[0m 5.660 ms - -[0m
[0mGET /images/google.png [36m304[0m 6.301 ms - -[0m
[0mGET /js/layout.js [36m304[0m 6.596 ms - -[0m
[0mGET /css/_footer.css [36m304[0m 8.648 ms - -[0m
[0mGET /users/signin [36m304[0m 20.678 ms - -[0m
[0mGET /css/signin.css [36m304[0m 2.830 ms - -[0m
[0mGET /css/layout.css [36m304[0m 6.534 ms - -[0m
[0mGET /images/favicon.ico [36m304[0m 2.619 ms - -[0m
[0mGET /images/google.png [36m304[0m 2.939 ms - -[0m
[0mGET /css/_header.css [36m304[0m 7.285 ms - -[0m
[0mGET /js/layout.js [36m304[0m 1.551 ms - -[0m
[0mGET /css/_footer.css [36m304[0m 4.299 ms - -[0m
[0mGET /users/signup [36m304[0m 18.019 ms - -[0m
[0mGET /images/favicon.ico [36m304[0m 6.772 ms - -[0m
[0mGET /images/google.png [36m304[0m 7.949 ms - -[0m
[0mGET /css/_header.css [36m304[0m 14.211 ms - -[0m
[0mGET /css/layout.css [36m304[0m 23.963 ms - -[0m
[0mGET /css/signin.css [32m200[0m 24.131 ms - 1896[0m
[0mGET /css/_footer.css [36m304[0m 2.800 ms - -[0m
[0mGET /js/layout.js [36m304[0m 2.351 ms - -[0m
[0mGET /users/signup [36m304[0m 20.030 ms - -[0m
[0mGET /css/signin.css [36m304[0m 4.736 ms - -[0m
[0mGET /css/_header.css [36m304[0m 5.326 ms - -[0m
[0mGET /js/layout.js [36m304[0m 14.382 ms - -[0m
[0mGET /images/favicon.ico [36m304[0m 14.280 ms - -[0m
[0mGET /css/layout.css [36m304[0m 32.224 ms - -[0m
[0mGET /images/google.png [36m304[0m 13.403 ms - -[0m
[0mGET /css/_footer.css [36m304[0m 23.546 ms - -[0m
[0mGET /images/favicon.ico [36m304[0m 0.947 ms - -[0m
[0mGET /users/signin [32m200[0m 20.192 ms - 2680[0m
[0mGET /css/signin.css [36m304[0m 2.699 ms - -[0m
[0mGET /css/_header.css [36m304[0m 3.360 ms - -[0m
[0mGET /css/layout.css [36m304[0m 8.985 ms - -[0m
[0mGET /images/google.png [36m304[0m 2.731 ms - -[0m
[0mGET /js/layout.js [36m304[0m 2.595 ms - -[0m
[0mGET /images/favicon.ico [36m304[0m 3.217 ms - -[0m
[0mGET /css/_footer.css [36m304[0m 6.972 ms - -[0m
[0mGET /users/signup [36m304[0m 19.936 ms - -[0m
[0mGET /images/favicon.ico [36m304[0m 5.169 ms - -[0m
[0mGET /css/signin.css [36m304[0m 9.909 ms - -[0m
[0mGET /css/_header.css [36m304[0m 10.441 ms - -[0m
[0mGET /images/google.png [36m304[0m 6.683 ms - -[0m
[0mGET /css/layout.css [36m304[0m 17.197 ms - -[0m
[0mGET /js/layout.js [36m304[0m 1.474 ms - -[0m
[0mGET /css/_footer.css [36m304[0m 4.196 ms - -[0m
[0mGET /users/signup [36m304[0m 18.516 ms - -[0m
[0mGET /css/signin.css [36m304[0m 4.347 ms - -[0m
[0mGET /css/layout.css [36m304[0m 9.431 ms - -[0m
[0mGET /css/_header.css [36m304[0m 5.758 ms - -[0m
[0mGET /js/layout.js [36m304[0m 6.750 ms - -[0m
[0mGET /images/favicon.ico [36m304[0m 7.250 ms - -[0m
[0mGET /css/_footer.css [36m304[0m 14.800 ms - -[0m
[0mGET /images/google.png [36m304[0m 4.839 ms - -[0m
[0mGET /images/favicon.ico [36m304[0m 1.657 ms - -[0m
[0mGET /users/signin [32m200[0m 21.569 ms - 2681[0m
[0mGET /css/signin.css [36m304[0m 2.345 ms - -[0m
[0mGET /css/layout.css [36m304[0m 5.079 ms - -[0m
[0mGET /css/_header.css [36m304[0m 4.030 ms - -[0m
[0mGET /images/google.png [36m304[0m 0.981 ms - -[0m
[0mGET /js/layout.js [36m304[0m 1.333 ms - -[0m
[0mGET /css/_footer.css [36m304[0m 4.712 ms - -[0m
[0mGET /images/favicon.ico [36m304[0m 2.301 ms - -[0m
[0mGET /users/signup [36m304[0m 19.659 ms - -[0m
[0mGET /css/signin.css [36m304[0m 2.256 ms - -[0m
[0mGET /css/layout.css [36m304[0m 6.053 ms - -[0m
[0mGET /images/google.png [36m304[0m 3.275 ms - -[0m
[0mGET /images/favicon.ico [36m304[0m 8.136 ms - -[0m
[0mGET /css/_header.css [36m304[0m 12.601 ms - -[0m
[0mGET /js/layout.js [36m304[0m 1.484 ms - -[0m
[0mGET /css/_footer.css [36m304[0m 3.966 ms - -[0m
[0mGET / [36m304[0m 17.495 ms - -[0m
[0mGET /css/_header.css [36m304[0m 2.123 ms - -[0m
[0mGET /images/favicon.ico [36m304[0m 1.935 ms - -[0m
[0mGET /css/layout.css [36m304[0m 15.857 ms - -[0m
[0mGET /css/home.css [36m304[0m 9.012 ms - -[0m
[0mGET /js/layout.js [36m304[0m 2.193 ms - -[0m
[0mGET /css/_footer.css [36m304[0m 15.640 ms - -[0m
[0mGET /images/asset%202.png [36m304[0m 10.777 ms - -[0m
[0mGET /images/asset%2021.png [36m304[0m 11.298 ms - -[0m
[0mGET /images/asset%2018.png [36m304[0m 11.121 ms - -[0m
[0mGET /images/asset%2024.png [36m304[0m 10.346 ms - -[0m
[0mGET /users/upload_notes_page [36m304[0m 18.062 ms - -[0m
[0mGET /css/_header.css [36m304[0m 4.756 ms - -[0m
[0mGET /css/layout.css [36m304[0m 9.769 ms - -[0m
[0mGET /css/upload_notes.css [36m304[0m 6.966 ms - -[0m
[0mGET /images/favicon.ico [36m304[0m 3.956 ms - -[0m
[0mGET /js/layout.js [36m304[0m 3.988 ms - -[0m
[0mGET /css/_footer.css [36m304[0m 6.812 ms - -[0m
[0mGET /users/verify_mobile [32m200[0m 21.741 ms - 2266[0m
[0mGET /images/favicon.ico [36m304[0m 2.737 ms - -[0m
[0mGET /css/_header.css [36m304[0m 6.613 ms - -[0m
[0mGET /css/verify_mobile.css [36m304[0m 8.187 ms - -[0m
[0mGET /js/layout.js [36m304[0m 4.168 ms - -[0m
[0mGET /js/verify_mobile.js [36m304[0m 4.823 ms - -[0m
[0mGET /css/layout.css [36m304[0m 24.343 ms - -[0m
[0mGET /css/_footer.css [36m304[0m 11.599 ms - -[0m
[0mGET /users/profile [32m200[0m 12.066 ms - 2055[0m
[0mGET /images/favicon.ico [36m304[0m 4.627 ms - -[0m
[0mGET /css/_header.css [36m304[0m 8.640 ms - -[0m
[0mGET /css/layout.css [36m304[0m 14.023 ms - -[0m
[0mGET /css/_footer.css [36m304[0m 8.567 ms - -[0m
[0mGET /js/layout.js [36m304[0m 4.823 ms - -[0m
[0mGET /js/profile.js [36m304[0m 4.635 ms - -[0m
[0mGET /css/profile.css [36m304[0m 28.994 ms - -[0m
[0mGET / [36m304[0m 19.760 ms - -[0m
[0mGET /images/favicon.ico [36m304[0m 1.962 ms - -[0m
[0mGET /css/home.css [36m304[0m 8.243 ms - -[0m
[0mGET /css/_header.css [36m304[0m 8.942 ms - -[0m
[0mGET /css/layout.css [36m304[0m 14.033 ms - -[0m
[0mGET /css/_footer.css [36m304[0m 7.163 ms - -[0m
[0mGET /js/layout.js [36m304[0m 9.849 ms - -[0m
[0mGET /images/asset%202.png [36m304[0m 8.729 ms - -[0m
[0mGET /images/asset%2018.png [36m304[0m 9.021 ms - -[0m
[0mGET /images/asset%2021.png [36m304[0m 7.936 ms - -[0m
[0mGET /images/asset%2024.png [36m304[0m 8.231 ms - -[0m
[0mGET /users/signup [36m304[0m 19.937 ms - -[0m
[0mGET /css/signin.css [36m304[0m 3.905 ms - -[0m
[0mGET /css/_header.css [36m304[0m 6.062 ms - -[0m
[0mGET /css/layout.css [36m304[0m 11.285 ms - -[0m
[0mGET /images/favicon.ico [36m304[0m 1.381 ms - -[0m
[0mGET /js/layout.js [36m304[0m 2.575 ms - -[0m
[0mGET /images/google.png [36m304[0m 3.107 ms - -[0m
[0mGET /css/_footer.css [36m304[0m 6.863 ms - -[0m
[0mGET /users/signin [36m304[0m 23.752 ms - -[0m
[0mGET /images/google.png [36m304[0m 3.603 ms - -[0m
[0mGET /images/favicon.ico [36m304[0m 5.462 ms - -[0m
[0mGET /css/signin.css [36m304[0m 10.893 ms - -[0m
[0mGET /css/_header.css [36m304[0m 12.795 ms - -[0m
[0mGET /js/layout.js [36m304[0m 2.591 ms - -[0m
[0mGET /css/layout.css [36m304[0m 24.662 ms - -[0m
[0mGET /css/_footer.css [36m304[0m 9.676 ms - -[0m
[0mGET / [36m304[0m 20.497 ms - -[0m
[0mGET /images/asset%2018.png [36m304[0m 3.649 ms - -[0m
[0mGET /images/asset%2021.png [36m304[0m 5.922 ms - -[0m
[0mGET /css/home.css [36m304[0m 10.578 ms - -[0m
[0mGET /css/_header.css [36m304[0m 10.974 ms - -[0m
[0mGET /images/asset%202.png [36m304[0m 5.563 ms - -[0m
[0mGET /css/layout.css [36m304[0m 17.813 ms - -[0m
[0mGET /images/favicon.ico [36m304[0m 2.551 ms - -[0m
[0mGET /images/asset%2024.png [36m304[0m 4.690 ms - -[0m
[0mGET /js/layout.js [36m304[0m 3.234 ms - -[0m
[0mGET /css/_footer.css [36m304[0m 5.946 ms - -[0m
[0mGET /users/profile [36m304[0m 16.713 ms - -[0m
[0mGET /images/favicon.ico [36m304[0m 4.360 ms - -[0m
[0mGET /js/profile.js [36m304[0m 8.969 ms - -[0m
[0mGET /css/_header.css [36m304[0m 32.429 ms - -[0m
[0mGET /css/_footer.css [36m304[0m 32.641 ms - -[0m
[0mGET /css/layout.css [36m304[0m 58.151 ms - -[0m
[0mGET /css/profile.css [36m304[0m 57.808 ms - -[0m
[0mGET /js/layout.js [36m304[0m 1.367 ms - -[0m
[0mGET /users/upload_notes_page [36m304[0m 22.416 ms - -[0m
[0mGET /images/favicon.ico [36m304[0m 4.207 ms - -[0m
[0mGET /js/layout.js [36m304[0m 5.366 ms - -[0m
[0mGET /css/upload_notes.css [36m304[0m 10.230 ms - -[0m
[0mGET /css/_header.css [36m304[0m 11.348 ms - -[0m
[0mGET /css/_footer.css [36m304[0m 11.837 ms - -[0m
[0mGET /css/layout.css [36m304[0m 17.461 ms - -[0m
[0mGET /users/verify_mobile [36m304[0m 18.823 ms - -[0m
[0mGET /images/favicon.ico [36m304[0m 4.285 ms - -[0m
[0mGET /js/verify_mobile.js [36m304[0m 6.665 ms - -[0m
[0mGET /css/verify_mobile.css [36m304[0m 11.771 ms - -[0m
[0mGET /css/_header.css [36m304[0m 12.688 ms - -[0m
[0mGET /css/_footer.css [36m304[0m 13.627 ms - -[0m
[0mGET /js/layout.js [36m304[0m 2.177 ms - -[0m
[0mGET /css/layout.css [36m304[0m 23.164 ms - -[0m
[0mGET /users/signin [36m304[0m 17.561 ms - -[0m
[0mGET /css/signin.css [36m304[0m 2.657 ms - -[0m
[0mGET /css/_header.css [36m304[0m 3.897 ms - -[0m
[0mGET /css/layout.css [36m304[0m 10.835 ms - -[0m
[0mGET /images/favicon.ico [36m304[0m 3.913 ms - -[0m
[0mGET /js/layout.js [36m304[0m 3.021 ms - -[0m
[0mGET /images/google.png [36m304[0m 3.629 ms - -[0m
[0mGET /css/_footer.css [36m304[0m 7.802 ms - -[0m
[0mGET /users/signup [36m304[0m 19.126 ms - -[0m
[0mGET /images/google.png [36m304[0m 3.921 ms - -[0m
[0mGET /images/favicon.ico [36m304[0m 4.569 ms - -[0m
[0mGET /css/signin.css [36m304[0m 10.107 ms - -[0m
[0mGET /css/_header.css [36m304[0m 10.879 ms - -[0m
[0mGET /css/_footer.css [36m304[0m 10.560 ms - -[0m
[0mGET /css/layout.css [36m304[0m 18.745 ms - -[0m
[0mGET /js/layout.js [36m304[0m 1.351 ms - -[0m
[0mGET / [36m304[0m 20.262 ms - -[0m
[0mGET /images/favicon.ico [36m304[0m 6.298 ms - -[0m
[0mGET /js/layout.js [36m304[0m 6.953 ms - -[0m
[0mGET /css/home.css [36m304[0m 16.005 ms - -[0m
[0mGET /css/_header.css [36m304[0m 13.897 ms - -[0m
[0mGET /css/_footer.css [36m304[0m 13.620 ms - -[0m
[0mGET /css/layout.css [36m304[0m 26.788 ms - -[0m
[0mGET /images/asset%202.png [36m304[0m 2.755 ms - -[0m
[0mGET /images/asset%2018.png [36m304[0m 4.547 ms - -[0m
[0mGET /images/asset%2021.png [36m304[0m 4.367 ms - -[0m
[0mGET /images/asset%2024.png [36m304[0m 3.378 ms - -[0m
[0mGET /users/upload_notes_page [36m304[0m 31.990 ms - -[0m
[0mGET /images/favicon.ico [36m304[0m 7.121 ms - -[0m
[0mGET /css/upload_notes.css [36m304[0m 11.532 ms - -[0m
[0mGET /css/_header.css [36m304[0m 12.006 ms - -[0m
[0mGET /js/layout.js [36m304[0m 6.683 ms - -[0m
[0mGET /css/_footer.css [36m304[0m 9.832 ms - -[0m
[0mGET /css/layout.css [36m304[0m 19.703 ms - -[0m
[0mGET /users/profile [36m304[0m 17.549 ms - -[0m
[0mGET /images/favicon.ico [36m304[0m 5.328 ms - -[0m
[0mGET /js/profile.js [36m304[0m 4.581 ms - -[0m
[0mGET /css/_header.css [36m304[0m 13.108 ms - -[0m
[0mGET /css/_footer.css [36m304[0m 12.375 ms - -[0m
[0mGET /css/layout.css [36m304[0m 25.902 ms - -[0m
[0mGET /css/profile.css [36m304[0m 26.866 ms - -[0m
[0mGET /js/layout.js [36m304[0m 2.545 ms - -[0m
[0mGET /users/show_all_notes [32m200[0m 30.924 ms - 665[0m
[0mGET /users/show_single_notes/2023%20(1).pdf_1675231868754 [32m200[0m 29.161 ms - 2276[0m
[0mGET /css/_header.css [36m304[0m 6.812 ms - -[0m
[0mGET /css/notes.css [36m304[0m 9.296 ms - -[0m
[0mGET /css/layout.css [36m304[0m 20.770 ms - -[0m
[0mGET /images/favicon.ico [36m304[0m 10.118 ms - -[0m
[0mGET /js/layout.js [36m304[0m 6.560 ms - -[0m
[0mGET /css/_footer.css [36m304[0m 10.116 ms - -[0m
[0mGET /js/notes.js [36m304[0m 3.345 ms - -[0m
[0mGET /users/get_number_of_likes/2023%20(1).pdf_1675231868754 [32m200[0m 19.664 ms - 21[0m
[0mGET /users/get_all_comments/2023%20(1).pdf_1675231868754 [32m200[0m 41.387 ms - 2[0m
[0mGET /users/upload_notes_page [36m304[0m 39.685 ms - -[0m
[0mGET /css/layout.css [36m304[0m 4.078 ms - -[0m
[0mGET /css/upload_notes.css [36m304[0m 4.973 ms - -[0m
[0mGET /css/_header.css [36m304[0m 3.723 ms - -[0m
[0mGET /css/_footer.css [36m304[0m 1.591 ms - -[0m
[0mGET /js/layout.js [36m304[0m 2.031 ms - -[0m
[0mGET /images/favicon.ico [36m304[0m 2.837 ms - -[0m
[0mGET /users/verify_mobile [36m304[0m 21.722 ms - -[0m
[0mGET /css/layout.css [36m304[0m 3.010 ms - -[0m
[0mGET /css/verify_mobile.css [36m304[0m 8.640 ms - -[0m
[0mGET /css/_header.css [36m304[0m 10.778 ms - -[0m
[0mGET /css/_footer.css [36m304[0m 7.475 ms - -[0m
[0mGET /js/verify_mobile.js [36m304[0m 1.503 ms - -[0m
[0mGET /js/layout.js [36m304[0m 2.520 ms - -[0m
[0mGET /images/favicon.ico [36m304[0m 1.113 ms - -[0m
[0mGET /users/profile [36m304[0m 23.956 ms - -[0m
[0mGET /css/layout.css [36m304[0m 2.947 ms - -[0m
[0mGET /css/profile.css [36m304[0m 6.007 ms - -[0m
[0mGET /css/_header.css [36m304[0m 2.317 ms - -[0m
[0mGET /css/_footer.css [36m304[0m 1.975 ms - -[0m
[0mGET /js/profile.js [36m304[0m 1.447 ms - -[0m
[0mGET /js/layout.js [36m304[0m 4.514 ms - -[0m
[0mGET /images/favicon.ico [36m304[0m 1.351 ms - -[0m
[0mGET /users/show_all_notes [32m200[0m 26.723 ms - 665[0m
[0mGET /users/show_single_notes/2023%20(1).pdf_1675231868754 [36m304[0m 27.078 ms - -[0m
[0mGET /css/layout.css [36m304[0m 10.283 ms - -[0m
[0mGET /css/notes.css [36m304[0m 1.825 ms - -[0m
[0mGET /css/_header.css [36m304[0m 4.295 ms - -[0m
[0mGET /js/notes.js [36m304[0m 4.952 ms - -[0m
[0mGET /css/_footer.css [36m304[0m 10.299 ms - -[0m
[0mGET /js/layout.js [36m304[0m 1.251 ms - -[0m
[0mGET /images/favicon.ico [36m304[0m 1.964 ms - -[0m
[0mGET /users/get_all_comments/2023%20(1).pdf_1675231868754 [36m304[0m 38.477 ms - -[0m
[0mGET /uploads/notes/2023%20(1).pdf_1675231868754 [33m404[0m 22.915 ms - 181[0m
[0mGET /users/get_number_of_likes/2023%20(1).pdf_1675231868754 [36m304[0m 223.357 ms - -[0m
[0mGET /users/show_single_notes/2023%20(1).pdf_1675231868754 [36m304[0m 31.960 ms - -[0m
[0mGET /js/notes.js [36m304[0m 7.309 ms - -[0m
[0mGET /js/layout.js [36m304[0m 6.214 ms - -[0m
[0mGET /css/notes.css [36m304[0m 18.054 ms - -[0m
[0mGET /css/_header.css [36m304[0m 16.902 ms - -[0m
[0mGET /css/_footer.css [36m304[0m 18.611 ms - -[0m
[0mGET /images/favicon.ico [36m304[0m 1.739 ms - -[0m
[0mGET /css/layout.css [36m304[0m 31.277 ms - -[0m
[0mGET /users/get_number_of_likes/2023%20(1).pdf_1675231868754 [36m304[0m 20.791 ms - -[0m
[0mGET /users/get_all_comments/2023%20(1).pdf_1675231868754 [36m304[0m 37.742 ms - -[0m
[0mGET /images/favicon.ico [36m304[0m 3.484 ms - -[0m
[0mGET /users/show_single_notes/2023%20(1).pdf_1675231868754 [36m304[0m 36.601 ms - -[0m
[0mPUT /users/like_notes/2023%20(1).pdf_1675231868754 [0m-[0m - ms - -[0m
[0mGET /css/layout.css [36m304[0m 4.037 ms - -[0m
[0mGET /js/layout.js [36m304[0m 5.413 ms - -[0m
[0mGET /images/favicon.ico [36m304[0m 5.975 ms - -[0m
[0mGET /js/notes.js [36m304[0m 6.269 ms - -[0m
[0mGET /css/notes.css [36m304[0m 14.290 ms - -[0m
[0mGET /css/_header.css [36m304[0m 10.689 ms - -[0m
[0mGET /css/_footer.css [36m304[0m 10.946 ms - -[0m
[0mGET /users/get_number_of_likes/2023%20(1).pdf_1675231868754 [32m200[0m 29.527 ms - 21[0m
[0mGET /users/get_all_comments/2023%20(1).pdf_1675231868754 [36m304[0m 35.430 ms - -[0m
[0mGET /images/favicon.ico [36m304[0m 1.697 ms - -[0m
[0mGET /users/show_single_notes/2023%20(1).pdf_1675231868754 [36m304[0m 40.155 ms - -[0m
[0mGET /css/layout.css [36m304[0m 3.973 ms - -[0m
[0mGET /css/notes.css [36m304[0m 3.741 ms - -[0m
[0mGET /css/_header.css [36m304[0m 2.226 ms - -[0m
[0mGET /js/notes.js [36m304[0m 5.244 ms - -[0m
[0mGET /js/layout.js [36m304[0m 12.831 ms - -[0m
[0mGET /css/_footer.css [36m304[0m 18.715 ms - -[0m
[0mGET /images/favicon.ico [36m304[0m 9.132 ms - -[0m
[0mGET /users/get_number_of_likes/2023%20(1).pdf_1675231868754 [36m304[0m 35.129 ms - -[0m
[0mGET /users/get_all_comments/2023%20(1).pdf_1675231868754 [36m304[0m 37.807 ms - -[0m
[0mGET /images/favicon.ico [36m304[0m 2.113 ms - -[0m
[0mGET / [36m304[0m 17.851 ms - -[0m
[0mGET /css/home.css [36m304[0m 7.242 ms - -[0m
[0mGET /css/_header.css [36m304[0m 6.526 ms - -[0m
[0mGET /js/layout.js [36m304[0m 4.254 ms - -[0m
[0mGET /images/favicon.ico [36m304[0m 4.126 ms - -[0m
[0mGET /css/_footer.css [36m304[0m 8.034 ms - -[0m
[0mGET /css/layout.css [36m304[0m 18.027 ms - -[0m
[0mGET /images/asset%202.png [36m304[0m 1.274 ms - -[0m
[0mGET /images/asset%2018.png [36m304[0m 1.085 ms - -[0m
[0mGET /images/asset%2021.png [36m304[0m 1.908 ms - -[0m
[0mGET /images/asset%2024.png [36m304[0m 2.422 ms - -[0m
[0mGET /users/signup [36m304[0m 19.592 ms - -[0m
[0mGET /images/favicon.ico [36m304[0m 4.263 ms - -[0m
[0mGET /js/layout.js [36m304[0m 5.995 ms - -[0m
[0mGET /css/signin.css [36m304[0m 11.042 ms - -[0m
[0mGET /css/_header.css [36m304[0m 12.355 ms - -[0m
[0mGET /css/_footer.css [36m304[0m 12.922 ms - -[0m
[0mGET /css/layout.css [36m304[0m 18.828 ms - -[0m
[0mGET /images/google.png [36m304[0m 1.948 ms - -[0m
[0mGET /users/signin [36m304[0m 17.148 ms - -[0m
[0mGET /images/favicon.ico [36m304[0m 3.930 ms - -[0m
[0mGET /images/google.png [36m304[0m 4.736 ms - -[0m
[0mGET /css/signin.css [36m304[0m 10.472 ms - -[0m
[0mGET /css/_header.css [36m304[0m 11.080 ms - -[0m
[0mGET /css/_footer.css [36m304[0m 10.376 ms - -[0m
[0mGET /css/layout.css [36m304[0m 23.123 ms - -[0m
[0mGET /js/layout.js [36m304[0m 2.230 ms - -[0m
