[0mGET /users/show_single_notes/SD4.pdf_1674836127973 [32m200[0m 147.837 ms - 2330[0m
[0mGET /css/notes.css [36m304[0m 16.397 ms - -[0m
[0mGET /css/layout.css [32m200[0m 32.889 ms - -[0m
[0mGET /css/_header.css [36m304[0m 3.924 ms - -[0m
[0mGET /js/notes.js [32m200[0m 5.549 ms - 2660[0m
[0mGET /js/layout.js [36m304[0m 1.588 ms - -[0m
[0mGET /images/favicon.ico [36m304[0m 3.516 ms - -[0m
[0mGET /users/get_number_of_likes/SD4.pdf_1674836127973 [36m304[0m 71.796 ms - -[0m
[0mGET /uploads/notes/SD4.pdf_1674836127973 [33m404[0m 210.048 ms - 174[0m
[0mGET /users/get_all_comments/SD4.pdf_1674836127973 [36m304[0m 740.986 ms - -[0m
[0mGET /images/favicon.ico [36m304[0m 4.230 ms - -[0m
[0mGET /users/show_single_notes/SD4.pdf_1674836127973 [36m304[0m 92.819 ms - -[0m
[0mGET /css/notes.css [36m304[0m 10.785 ms - -[0m
[0mGET /css/layout.css [32m200[0m 22.179 ms - -[0m
[0mGET /css/_header.css [36m304[0m 1.776 ms - -[0m
[0mGET /js/notes.js [36m304[0m 7.754 ms - -[0m
[0mGET /js/layout.js [36m304[0m 5.974 ms - -[0m
[0mGET /images/favicon.ico [36m304[0m 6.261 ms - -[0m
[0mGET /users/get_number_of_likes/SD4.pdf_1674836127973 [32m200[0m 111.878 ms - 21[0m
[0mGET /uploads/notes/SD4.pdf_1674836127973 [33m404[0m 51.300 ms - 174[0m
[0mGET /images/favicon.ico [36m304[0m 2.280 ms - -[0m
[0mGET /users/get_all_comments/SD4.pdf_1674836127973 [36m304[0m 508.504 ms - -[0m
[0mGET /users/show_single_notes/SD4.pdf_1674836127973 [36m304[0m 172.696 ms - -[0m
[0mGET /css/notes.css [36m304[0m 20.906 ms - -[0m
[0mGET /css/_header.css [36m304[0m 16.932 ms - -[0m
[0mGET /css/layout.css [32m200[0m 38.788 ms - -[0m
[0mGET /js/notes.js [36m304[0m 3.122 ms - -[0m
[0mGET /js/layout.js [36m304[0m 1.651 ms - -[0m
[0mGET /images/favicon.ico [36m304[0m 3.751 ms - -[0m
[0mGET /uploads/notes/SD4.pdf_1674836127973 [33m404[0m 26.074 ms - 174[0m
[0mGET /users/get_number_of_likes/SD4.pdf_1674836127973 [32m200[0m 232.601 ms - 21[0m
[0mGET /images/favicon.ico [36m304[0m 2.330 ms - -[0m
[0mGET /users/get_all_comments/SD4.pdf_1674836127973 [36m304[0m 952.030 ms - -[0m
[0mGET /users/show_single_notes/SD4.pdf_1674836127973 [36m304[0m 126.068 ms - -[0m
[0mGET /css/_header.css [36m304[0m 10.178 ms - -[0m
[0mGET /css/notes.css [36m304[0m 22.657 ms - -[0m
[0mGET /css/layout.css [32m200[0m 50.380 ms - -[0m
[0mGET /js/notes.js [36m304[0m 2.131 ms - -[0m
[0mGET /js/layout.js [36m304[0m 2.138 ms - -[0m
[0mGET /images/favicon.ico [36m304[0m 2.523 ms - -[0m
[0mGET /uploads/notes/SD4.pdf_1674836127973 [33m404[0m 36.385 ms - 174[0m
[0mGET /images/favicon.ico [36m304[0m 2.876 ms - -[0m
[0mGET /users/get_number_of_likes/SD4.pdf_1674836127973 [36m304[0m 265.304 ms - -[0m
[0mGET /users/get_all_comments/SD4.pdf_1674836127973 [36m304[0m 485.499 ms - -[0m
[0mGET / [32m200[0m 111.834 ms - 1769[0m
[0mGET /css/_header.css [36m304[0m 5.014 ms - -[0m
[0mGET /js/layout.js [36m304[0m 2.016 ms - -[0m
[0mGET /images/favicon.ico [36m304[0m 1.919 ms - -[0m
[0mGET /css/layout.css [32m200[0m 284.988 ms - -[0m
[0mGET /users/signin [36m304[0m 47.287 ms - -[0m
[0mGET /css/layout.css [32m200[0m 10.872 ms - -[0m
[0mGET /css/signin.css [36m304[0m 7.877 ms - -[0m
[0mGET /css/_header.css [36m304[0m 7.793 ms - -[0m
[0mGET /js/layout.js [36m304[0m 3.728 ms - -[0m
[0mGET /images/favicon.ico [36m304[0m 4.763 ms - -[0m
[0mGET /images/google.png [36m304[0m 2.358 ms - -[0m
[0mGET /users/signin [36m304[0m 31.196 ms - -[0m
[0mGET /css/layout.css [36m304[0m 2.605 ms - -[0m
[0mGET /css/signin.css [36m304[0m 7.634 ms - -[0m
[0mGET /css/_header.css [36m304[0m 7.535 ms - -[0m
[0mGET /js/layout.js [36m304[0m 1.333 ms - -[0m
[0mGET /images/favicon.ico [36m304[0m 1.620 ms - -[0m
[0mGET /images/google.png [36m304[0m 2.178 ms - -[0m
[0mGET /users/auth/google [36m302[0m 17.883 ms - 0[0m
[0mGET /users/signin [36m304[0m 17.902 ms - -[0m
[0mGET /css/layout.css [36m304[0m 4.173 ms - -[0m
[0mGET /css/signin.css [36m304[0m 2.586 ms - -[0m
[0mGET /css/_header.css [36m304[0m 2.334 ms - -[0m
[0mGET /js/layout.js [36m304[0m 4.679 ms - -[0m
[0mGET /images/favicon.ico [36m304[0m 5.680 ms - -[0m
[0mGET /images/google.png [36m304[0m 4.751 ms - -[0m
[0mGET /images/favicon.ico [36m304[0m 1.257 ms - -[0m
[0mGET /users/auth/google [36m302[0m 19.307 ms - 0[0m
[0mGET /users/signin [36m304[0m 22.429 ms - -[0m
[0mGET /css/signin.css [36m304[0m 4.402 ms - -[0m
[0mGET /css/layout.css [36m304[0m 13.697 ms - -[0m
[0mGET /css/_header.css [36m304[0m 10.605 ms - -[0m
[0mGET /js/layout.js [36m304[0m 1.495 ms - -[0m
[0mGET /images/favicon.ico [36m304[0m 2.266 ms - -[0m
[0mGET /images/google.png [36m304[0m 2.276 ms - -[0m
[0mGET /images/favicon.ico [36m304[0m 3.990 ms - -[0m
[0mGET /users/auth/google [36m302[0m 12.679 ms - 0[0m
[0mGET /users/signin [36m304[0m 30.471 ms - -[0m
[0mGET /css/layout.css [36m304[0m 2.304 ms - -[0m
[0mGET /css/signin.css [36m304[0m 2.571 ms - -[0m
[0mGET /css/_header.css [36m304[0m 2.381 ms - -[0m
[0mGET /js/layout.js [36m304[0m 3.557 ms - -[0m
[0mGET /images/favicon.ico [36m304[0m 1.485 ms - -[0m
[0mGET /images/google.png [36m304[0m 1.023 ms - -[0m
[0mGET /images/favicon.ico [36m304[0m 2.290 ms - -[0m
[0mPOST /users/create_session [36m302[0m 892.420 ms - 72[0m
[0mGET /users/profile [32m200[0m 17.127 ms - 2333[0m
[0mGET /css/_header.css [36m304[0m 1.968 ms - -[0m
[0mGET /css/layout.css [36m304[0m 5.720 ms - -[0m
[0mGET /js/profile.js [36m304[0m 1.545 ms - -[0m
[0mGET /js/layout.js [36m304[0m 1.946 ms - -[0m
[0mGET /images/favicon.ico [36m304[0m 1.152 ms - -[0m
[0mGET /css/profile.css [32m200[0m 157.853 ms - -[0m
[0mGET /users/signin [36m304[0m 26.939 ms - -[0m
[0mGET /css/layout.css [36m304[0m 2.435 ms - -[0m
[0mGET /css/signin.css [36m304[0m 11.548 ms - -[0m
[0mGET /css/_header.css [36m304[0m 1.624 ms - -[0m
[0mGET /js/layout.js [36m304[0m 2.843 ms - -[0m
[0mGET /images/favicon.ico [36m304[0m 9.034 ms - -[0m
[0mGET /images/google.png [36m304[0m 4.697 ms - -[0m
[0mGET /images/favicon.ico [36m304[0m 1.095 ms - -[0m
[0mGET /users/auth/google [36m302[0m 14.163 ms - 0[0m
[0mGET /users/profile [32m200[0m 17.415 ms - 2119[0m
[0mGET /css/layout.css [36m304[0m 6.417 ms - -[0m
[0mGET /css/profile.css [32m200[0m 11.298 ms - 30[0m
[0mGET /css/_header.css [36m304[0m 3.319 ms - -[0m
[0mGET /js/profile.js [36m304[0m 1.390 ms - -[0m
[0mGET /js/layout.js [36m304[0m 2.354 ms - -[0m
[0mGET /images/favicon.ico [36m304[0m 2.523 ms - -[0m
[0mGET /users/upload_notes_page [36m304[0m 40.551 ms - -[0m
[0mGET /css/_header.css [36m304[0m 6.942 ms - -[0m
[0mGET /css/layout.css [36m304[0m 18.219 ms - -[0m
[0mGET /css/upload_notes.css [36m304[0m 5.824 ms - -[0m
[0mGET /js/layout.js [36m304[0m 1.971 ms - -[0m
[0mGET /images/favicon.ico [36m304[0m 2.134 ms - -[0m
[0mGET /users/verify_mobile [36m304[0m 53.809 ms - -[0m
[0mGET /css/_header.css [36m304[0m 2.644 ms - -[0m
[0mGET /css/layout.css [36m304[0m 10.769 ms - -[0m
[0mGET /css/verify_mobile.css [36m304[0m 1.357 ms - -[0m
[0mGET /js/layout.js [36m304[0m 1.130 ms - -[0m
[0mGET /images/favicon.ico [36m304[0m 1.197 ms - -[0m
[0mGET /js/verify_mobile.js [36m304[0m 11.769 ms - -[0m
[0mGET /users/upload_notes_page [36m304[0m 17.793 ms - -[0m
[0mGET /css/upload_notes.css [36m304[0m 1.846 ms - -[0m
[0mGET /css/layout.css [36m304[0m 12.172 ms - -[0m
[0mGET /css/_header.css [36m304[0m 4.231 ms - -[0m
[0mGET /js/layout.js [36m304[0m 1.430 ms - -[0m
[0mGET /images/favicon.ico [36m304[0m 1.194 ms - -[0m
[0mGET /users/profile [36m304[0m 15.175 ms - -[0m
[0mGET /css/layout.css [36m304[0m 2.910 ms - -[0m
[0mGET /css/profile.css [36m304[0m 3.470 ms - -[0m
[0mGET /css/_header.css [36m304[0m 1.467 ms - -[0m
[0mGET /js/profile.js [36m304[0m 1.488 ms - -[0m
[0mGET /js/layout.js [36m304[0m 1.480 ms - -[0m
[0mGET /images/favicon.ico [36m304[0m 4.593 ms - -[0m
[0mGET /users/upload_notes_page [36m304[0m 14.269 ms - -[0m
[0mGET /css/layout.css [36m304[0m 4.414 ms - -[0m
[0mGET /css/upload_notes.css [36m304[0m 1.565 ms - -[0m
[0mGET /css/_header.css [36m304[0m 2.147 ms - -[0m
[0mGET /js/layout.js [36m304[0m 6.700 ms - -[0m
[0mGET /images/favicon.ico [36m304[0m 1.641 ms - -[0m
[0mGET /users/profile [36m304[0m 14.018 ms - -[0m
[0mGET /css/layout.css [36m304[0m 2.170 ms - -[0m
[0mGET /css/profile.css [36m304[0m 8.422 ms - -[0m
[0mGET /css/_header.css [36m304[0m 1.899 ms - -[0m
[0mGET /js/profile.js [36m304[0m 1.301 ms - -[0m
[0mGET /js/layout.js [36m304[0m 1.458 ms - -[0m
[0mGET /images/favicon.ico [36m304[0m 1.397 ms - -[0m
[0mGET /users/upload_notes_page [36m304[0m 15.996 ms - -[0m
[0mGET /css/layout.css [36m304[0m 2.280 ms - -[0m
[0mGET /css/upload_notes.css [36m304[0m 1.575 ms - -[0m
[0mGET /css/_header.css [36m304[0m 1.733 ms - -[0m
[0mGET /js/layout.js [36m304[0m 2.786 ms - -[0m
[0mGET /images/favicon.ico [36m304[0m 4.297 ms - -[0m
[0mGET /users/verify_mobile [36m304[0m 19.445 ms - -[0m
[0mGET /css/layout.css [36m304[0m 2.196 ms - -[0m
[0mGET /css/verify_mobile.css [36m304[0m 1.616 ms - -[0m
[0mGET /css/_header.css [36m304[0m 1.625 ms - -[0m
[0mGET /js/verify_mobile.js [36m304[0m 1.250 ms - -[0m
[0mGET /js/layout.js [36m304[0m 1.966 ms - -[0m
[0mGET /images/favicon.ico [36m304[0m 1.669 ms - -[0m
[0mGET /users/signin [36m304[0m 17.697 ms - -[0m
[0mGET /css/signin.css [36m304[0m 1.540 ms - -[0m
[0mGET /css/layout.css [36m304[0m 5.964 ms - -[0m
[0mGET /css/_header.css [36m304[0m 3.409 ms - -[0m
[0mGET /js/layout.js [36m304[0m 3.521 ms - -[0m
[0mGET /images/favicon.ico [36m304[0m 3.899 ms - -[0m
[0mGET /images/google.png [36m304[0m 4.018 ms - -[0m
[0mGET /users/signup [36m304[0m 38.191 ms - -[0m
[0mGET /css/signin.css [36m304[0m 4.425 ms - -[0m
[0mGET /css/_header.css [36m304[0m 5.116 ms - -[0m
[0mGET /css/layout.css [36m304[0m 27.815 ms - -[0m
[0mGET /js/layout.js [36m304[0m 2.396 ms - -[0m
[0mGET /images/favicon.ico [36m304[0m 4.387 ms - -[0m
[0mGET /images/google.png [36m304[0m 3.502 ms - -[0m
[0mGET /users/verify_mobile [36m304[0m 19.500 ms - -[0m
[0mGET /css/verify_mobile.css [36m304[0m 3.008 ms - -[0m
[0mGET /css/layout.css [36m304[0m 7.354 ms - -[0m
[0mGET /css/_header.css [36m304[0m 4.329 ms - -[0m
[0mGET /js/verify_mobile.js [36m304[0m 4.939 ms - -[0m
[0mGET /js/layout.js [36m304[0m 9.104 ms - -[0m
[0mGET /images/favicon.ico [36m304[0m 3.489 ms - -[0m
[0mGET /users/upload_notes_page [36m304[0m 13.770 ms - -[0m
[0mGET /css/layout.css [36m304[0m 2.277 ms - -[0m
[0mGET /css/upload_notes.css [36m304[0m 1.731 ms - -[0m
[0mGET /css/_header.css [36m304[0m 1.565 ms - -[0m
[0mGET /js/layout.js [36m304[0m 3.190 ms - -[0m
[0mGET /images/favicon.ico [36m304[0m 3.751 ms - -[0m
[0mGET /users/profile [36m304[0m 22.361 ms - -[0m
[0mGET /css/layout.css [36m304[0m 10.082 ms - -[0m
[0mGET /css/_header.css [36m304[0m 1.202 ms - -[0m
[0mGET /css/profile.css [36m304[0m 3.786 ms - -[0m
[0mGET /js/profile.js [36m304[0m 5.256 ms - -[0m
[0mGET /js/layout.js [36m304[0m 4.616 ms - -[0m
[0mGET /images/favicon.ico [36m304[0m 5.020 ms - -[0m
[0mGET /users/upload_notes_page [36m304[0m 14.910 ms - -[0m
[0mGET /css/layout.css [36m304[0m 2.888 ms - -[0m
[0mGET /css/upload_notes.css [36m304[0m 3.426 ms - -[0m
[0mGET /css/_header.css [36m304[0m 1.854 ms - -[0m
[0mGET /js/layout.js [36m304[0m 7.095 ms - -[0m
[0mGET /images/favicon.ico [36m304[0m 8.174 ms - -[0m
[0mGET /users/verify_mobile [36m304[0m 15.075 ms - -[0m
[0mGET /css/verify_mobile.css [36m304[0m 2.029 ms - -[0m
[0mGET /css/layout.css [36m304[0m 4.931 ms - -[0m
[0mGET /css/_header.css [36m304[0m 1.596 ms - -[0m
[0mGET /js/layout.js [36m304[0m 2.535 ms - -[0m
[0mGET /images/favicon.ico [36m304[0m 3.238 ms - -[0m
[0mGET /js/verify_mobile.js [36m304[0m 3.251 ms - -[0m
[0mGET /users/upload_notes_page [36m304[0m 18.742 ms - -[0m
[0mGET /css/layout.css [36m304[0m 16.231 ms - -[0m
[0mGET /css/upload_notes.css [36m304[0m 1.580 ms - -[0m
[0mGET /css/_header.css [36m304[0m 1.639 ms - -[0m
[0mGET /js/layout.js [36m304[0m 1.455 ms - -[0m
[0mGET /images/favicon.ico [36m304[0m 1.241 ms - -[0m
[0mGET /users/profile [36m304[0m 18.775 ms - -[0m
[0mGET /css/layout.css [36m304[0m 2.176 ms - -[0m
[0mGET /css/profile.css [36m304[0m 4.821 ms - -[0m
[0mGET /css/_header.css [36m304[0m 1.826 ms - -[0m
[0mGET /js/profile.js [36m304[0m 1.448 ms - -[0m
[0mGET /js/layout.js [36m304[0m 1.901 ms - -[0m
[0mGET /images/favicon.ico [36m304[0m 14.826 ms - -[0m
[0mGET /users/show_all_notes [32m200[0m 44.837 ms - 963[0m
[0mGET /users/show_single_notes/SD4.pdf_1674836127973 [36m304[0m 42.540 ms - -[0m
[0mGET /css/layout.css [36m304[0m 2.613 ms - -[0m
[0mGET /css/notes.css [36m304[0m 10.844 ms - -[0m
[0mGET /css/_header.css [36m304[0m 1.522 ms - -[0m
[0mGET /js/layout.js [36m304[0m 1.984 ms - -[0m
[0mGET /images/favicon.ico [36m304[0m 1.409 ms - -[0m
[0mGET /js/notes.js [36m304[0m 6.709 ms - -[0m
[0mGET /uploads/notes/SD4.pdf_1674836127973 [33m404[0m 19.935 ms - 174[0m
[0mGET /users/get_number_of_likes/SD4.pdf_1674836127973 [36m304[0m 58.913 ms - -[0m
[0mGET /users/get_all_comments/SD4.pdf_1674836127973 [36m304[0m 94.136 ms - -[0m
[0mGET /users/logout [36m302[0m 62.776 ms - 70[0m
[0mGET /users/signin [36m304[0m 37.365 ms - -[0m
[0mGET /css/signin.css [36m304[0m 7.181 ms - -[0m
[0mGET /css/layout.css [32m200[0m 26.057 ms - -[0m
[0mGET /css/_header.css [36m304[0m 4.924 ms - -[0m
[0mGET /js/layout.js [36m304[0m 3.071 ms - -[0m
[0mGET /images/favicon.ico [36m304[0m 1.965 ms - -[0m
[0mGET /images/google.png [36m304[0m 8.991 ms - -[0m
[0mGET /images/favicon.ico [36m304[0m 2.840 ms - -[0m
[0mGET /users/upload_notes_page [32m200[0m 16.122 ms - 2634[0m
[0mGET /css/signin.css [36m304[0m 3.880 ms - -[0m
[0mGET /css/_header.css [36m304[0m 4.785 ms - -[0m
[0mGET /css/layout.css [32m200[0m 17.607 ms - -[0m
[0mGET /js/layout.js [36m304[0m 1.800 ms - -[0m
[0mGET /images/favicon.ico [36m304[0m 1.830 ms - -[0m
[0mGET /images/google.png [36m304[0m 1.508 ms - -[0m
[0mGET /users/auth/google [36m302[0m 8.069 ms - 0[0m
[0mGET /users/auth/google/callback?code=4%2F0AWtgzh7cL4L9L_0tPREBnXjD7rispN9Oo650iacWS9wVMG75EAuTKn0EnfM6-RmZa2oJkw&scope=email+profile+https%3A%2F%2Fwww.googleapis.com%2Fauth%2Fuserinfo.profile+openid+https%3A%2F%2Fwww.googleapis.com%2Fauth%2Fuserinfo.email&authuser=0&prompt=none [0m-[0m - ms - -[0m
[0mPOST /users/create_session [36m302[0m 762.711 ms - 72[0m
[0mGET /users/profile [32m200[0m 19.499 ms - 2333[0m
[0mGET /css/layout.css [36m304[0m 7.590 ms - -[0m
[0mGET /css/_header.css [36m304[0m 4.315 ms - -[0m
[0mGET /css/profile.css [32m200[0m 14.419 ms - -[0m
[0mGET /js/profile.js [36m304[0m 3.441 ms - -[0m
[0mGET /js/layout.js [36m304[0m 3.825 ms - -[0m
[0mGET /images/favicon.ico [36m304[0m 1.579 ms - -[0m
[0mGET /users/verify_mobile [36m304[0m 24.675 ms - -[0m
[0mGET /css/layout.css [36m304[0m 2.535 ms - -[0m
[0mGET /css/verify_mobile.css [36m304[0m 1.631 ms - -[0m
[0mGET /css/_header.css [36m304[0m 3.717 ms - -[0m
[0mGET /js/verify_mobile.js [36m304[0m 6.727 ms - -[0m
[0mGET /js/layout.js [36m304[0m 3.233 ms - -[0m
[0mGET /images/favicon.ico [36m304[0m 1.895 ms - -[0m
[0mGET /users/upload_notes_page [32m200[0m 17.769 ms - 2735[0m
[0mGET /css/upload_notes.css [36m304[0m 9.122 ms - -[0m
[0mGET /css/_header.css [36m304[0m 10.154 ms - -[0m
[0mGET /css/layout.css [36m304[0m 38.807 ms - -[0m
[0mGET /js/layout.js [36m304[0m 3.953 ms - -[0m
[0mGET /images/favicon.ico [36m304[0m 1.635 ms - -[0m
[0mGET /users/profile [32m200[0m 16.502 ms - 2119[0m
[0mGET /css/layout.css [36m304[0m 2.293 ms - -[0m
[0mGET /css/profile.css [32m200[0m 6.655 ms - 30[0m
[0mGET /css/_header.css [36m304[0m 2.192 ms - -[0m
[0mGET /js/profile.js [36m304[0m 10.304 ms - -[0m
[0mGET /js/layout.js [36m304[0m 8.297 ms - -[0m
[0mGET /images/favicon.ico [36m304[0m 9.232 ms - -[0m
[0mGET /users/show_all_notes [36m304[0m 50.408 ms - -[0m
[0mGET /users/show_single_notes/SD4.pdf_1674836127973 [32m200[0m 44.673 ms - 2330[0m
[0mGET /css/notes.css [36m304[0m 8.882 ms - -[0m
[0mGET /css/_header.css [36m304[0m 4.435 ms - -[0m
[0mGET /css/layout.css [36m304[0m 17.386 ms - -[0m
[0mGET /js/notes.js [36m304[0m 1.770 ms - -[0m
[0mGET /js/layout.js [36m304[0m 1.047 ms - -[0m
[0mGET /images/favicon.ico [36m304[0m 5.718 ms - -[0m
[0mGET /uploads/notes/SD4.pdf_1674836127973 [33m404[0m 37.873 ms - 174[0m
[0mGET /users/get_number_of_likes/SD4.pdf_1674836127973 [36m304[0m 93.849 ms - -[0m
[0mGET /users/get_all_comments/SD4.pdf_1674836127973 [36m304[0m 147.126 ms - -[0m
[0mGET /users/show_single_notes/SD4.pdf_1674836127973 [36m304[0m 29.131 ms - -[0m
[0mPUT /users/like_notes/SD4.pdf_1674836127973 [0m-[0m - ms - -[0m
[0mPUT /users/like_notes/SD4.pdf_1674836127973 [0m-[0m - ms - -[0m
[0mPUT /users/like_notes/SD4.pdf_1674836127973 [0m-[0m - ms - -[0m
[0mGET /css/layout.css [36m304[0m 9.242 ms - -[0m
[0mGET /css/notes.css [36m304[0m 8.216 ms - -[0m
[0mGET /css/_header.css [36m304[0m 5.150 ms - -[0m
[0mGET /js/notes.js [36m304[0m 3.889 ms - -[0m
[0mGET /js/layout.js [36m304[0m 5.168 ms - -[0m
[0mGET /images/favicon.ico [36m304[0m 4.031 ms - -[0m
[0mGET /uploads/notes/SD4.pdf_1674836127973 [33m404[0m 19.484 ms - 174[0m
[0mGET /images/favicon.ico [36m304[0m 1.247 ms - -[0m
[0mGET /users/get_number_of_likes/SD4.pdf_1674836127973 [36m304[0m 170.585 ms - -[0m
[0mGET /users/get_all_comments/SD4.pdf_1674836127973 [36m304[0m 230.498 ms - -[0m
