[0mGET /users/profile [36m304[0m 82.859 ms - -[0m
[0mGET /css/_header.css [36m304[0m 5.986 ms - -[0m
[0mGET /css/profile.css [32m200[0m 34.247 ms - -[0m
[0mGET /css/layout.css [32m200[0m 41.509 ms - -[0m
[0mGET /js/profile.js [36m304[0m 6.298 ms - -[0m
[0mGET /js/layout.js [36m304[0m 6.854 ms - -[0m
[0mGET /images/favicon.ico [36m304[0m 1.534 ms - -[0m
[0mGET /images/favicon.ico [36m304[0m 1.682 ms - -[0m
[0mGET /users/show_all_notes [36m304[0m 76.944 ms - -[0m
[0mGET /users/show_single_notes/SD4.pdf_1674836127973 [36m304[0m 32.994 ms - -[0m
[0mGET /css/layout.css [32m200[0m 19.856 ms - -[0m
[0mGET /css/notes.css [36m304[0m 7.941 ms - -[0m
[0mGET /css/_header.css [36m304[0m 8.122 ms - -[0m
[0mGET /js/notes.js [32m200[0m 3.196 ms - 2559[0m
[0mGET /js/layout.js [36m304[0m 3.670 ms - -[0m
[0mGET /images/favicon.ico [36m304[0m 9.466 ms - -[0m
[0mGET /uploads/notes/SD4.pdf_1674836127973 [33m404[0m 27.379 ms - 174[0m
[0mGET /users/get_number_of_likes/SD4.pdf_1674836127973 [36m304[0m 90.634 ms - -[0m
[0mGET /users/get_all_comments/SD4.pdf_1674836127973 [36m304[0m 78.247 ms - -[0m
[0mGET /users/show_single_notes/SD4.pdf_1674836127973 [36m304[0m 27.366 ms - -[0m
[0mGET /css/notes.css [36m304[0m 2.498 ms - -[0m
[0mGET /css/layout.css [36m304[0m 16.991 ms - -[0m
[0mGET /css/_header.css [36m304[0m 3.766 ms - -[0m
[0mGET /js/notes.js [36m304[0m 1.670 ms - -[0m
[0mGET /js/layout.js [36m304[0m 1.618 ms - -[0m
[0mGET /images/favicon.ico [36m304[0m 1.415 ms - -[0m
[0mGET /uploads/notes/SD4.pdf_1674836127973 [33m404[0m 53.160 ms - 174[0m
[0mGET /images/favicon.ico [36m304[0m 1.189 ms - -[0m
[0mGET /users/get_all_comments/SD4.pdf_1674836127973 [36m304[0m 179.009 ms - -[0m
[0mGET /users/get_number_of_likes/SD4.pdf_1674836127973 [36m304[0m 104.882 ms - -[0m
[0mGET /users/show_single_notes/SD4.pdf_1674836127973 [36m304[0m 81.960 ms - -[0m
[0mGET /css/notes.css [36m304[0m 17.840 ms - -[0m
[0mGET /css/_header.css [36m304[0m 14.761 ms - -[0m
[0mGET /css/layout.css [32m200[0m 41.810 ms - -[0m
[0mGET /js/layout.js [36m304[0m 3.372 ms - -[0m
[0mGET /images/favicon.ico [36m304[0m 6.994 ms - -[0m
[0mGET /js/notes.js [32m200[0m 26.641 ms - 2560[0m
[0mGET /uploads/notes/SD4.pdf_1674836127973 [33m404[0m 49.309 ms - 174[0m
[0mGET /users/get_number_of_likes/SD4.pdf_1674836127973 [36m304[0m 99.103 ms - -[0m
[0mGET /images/favicon.ico [36m304[0m 2.495 ms - -[0m
[0mGET /users/get_all_comments/SD4.pdf_1674836127973 [36m304[0m 169.315 ms - -[0m
[0mGET /users/show_single_notes/SD4.pdf_1674836127973 [36m304[0m 167.119 ms - -[0m
[0mGET /css/notes.css [36m304[0m 37.721 ms - -[0m
[0mGET /css/_header.css [36m304[0m 37.727 ms - -[0m
[0mGET /css/layout.css [32m200[0m 259.337 ms - -[0m
[0mGET /js/layout.js [36m304[0m 10.387 ms - -[0m
[0mGET /js/notes.js [32m200[0m 27.599 ms - 2560[0m
[0mGET /images/favicon.ico [36m304[0m 30.386 ms - -[0m
[0mGET /uploads/notes/SD4.pdf_1674836127973 [33m404[0m 38.256 ms - 174[0m
[0mGET /users/get_number_of_likes/SD4.pdf_1674836127973 [36m304[0m 146.991 ms - -[0m
[0mGET /images/favicon.ico [36m304[0m 1.551 ms - -[0m
[0mGET /users/get_all_comments/SD4.pdf_1674836127973 [36m304[0m 288.171 ms - -[0m
[0mGET /css/layout.css [32m200[0m 6.734 ms - -[0m
[0mGET /css/notes.css [36m304[0m 6.068 ms - -[0m
[0mGET /css/_header.css [36m304[0m 7.935 ms - -[0m
[0mGET /users/show_single_notes/SD4.pdf_1674836127973 [36m304[0m 30.417 ms - -[0m
[0mGET /css/notes.css [36m304[0m 15.492 ms - -[0m
[0mGET /css/_header.css [36m304[0m 13.459 ms - -[0m
[0mGET /css/layout.css [36m304[0m 29.243 ms - -[0m
[0mGET /js/notes.js [36m304[0m 3.850 ms - -[0m
[0mGET /js/layout.js [36m304[0m 4.050 ms - -[0m
[0mGET /images/favicon.ico [36m304[0m 5.348 ms - -[0m
[0mGET /uploads/notes/SD4.pdf_1674836127973 [33m404[0m 33.542 ms - 174[0m
[0mGET /users/get_all_comments/SD4.pdf_1674836127973 [36m304[0m 741.227 ms - -[0m
[0mGET /users/get_number_of_likes/SD4.pdf_1674836127973 [36m304[0m 495.404 ms - -[0m
[0mGET /images/favicon.ico [36m304[0m 2.006 ms - -[0m
[0mGET /users/profile [36m304[0m 33.220 ms - -[0m
[0mGET /css/_header.css [36m304[0m 2.814 ms - -[0m
[0mGET /css/layout.css [36m304[0m 16.678 ms - -[0m
[0mGET /css/profile.css [32m200[0m 19.397 ms - -[0m
[0mGET /js/profile.js [36m304[0m 1.394 ms - -[0m
[0mGET /js/layout.js [36m304[0m 3.849 ms - -[0m
[0mGET /images/favicon.ico [36m304[0m 3.984 ms - -[0m
[0mGET /images/favicon.ico [36m304[0m 1.908 ms - -[0m
[0mGET /users/show_all_notes [36m304[0m 307.869 ms - -[0m
[0mGET /users/show_single_notes/SD4.pdf_1674836127973 [36m304[0m 30.533 ms - -[0m
[0mGET /css/layout.css [36m304[0m 2.641 ms - -[0m
[0mGET /css/notes.css [36m304[0m 4.110 ms - -[0m
[0mGET /css/_header.css [36m304[0m 3.672 ms - -[0m
[0mGET /js/notes.js [36m304[0m 11.259 ms - -[0m
[0mGET /js/layout.js [36m304[0m 10.426 ms - -[0m
[0mGET /images/favicon.ico [36m304[0m 1.617 ms - -[0m
[0mGET /uploads/notes/SD4.pdf_1674836127973 [33m404[0m 32.958 ms - 174[0m
[0mGET /users/get_number_of_likes/SD4.pdf_1674836127973 [36m304[0m 192.701 ms - -[0m
[0mGET /users/get_all_comments/SD4.pdf_1674836127973 [36m304[0m 169.501 ms - -[0m
[0mGET /users/show_single_notes/SD4.pdf_1674836127973 [36m304[0m 30.241 ms - -[0m
[0mPOST /users//new_note_comment [0m-[0m - ms - -[0m
[0mGET /css/layout.css [36m304[0m 8.489 ms - -[0m
[0mGET /css/notes.css [36m304[0m 2.588 ms - -[0m
[0mGET /css/_header.css [36m304[0m 2.255 ms - -[0m
[0mGET /js/notes.js [36m304[0m 6.728 ms - -[0m
[0mGET /js/layout.js [36m304[0m 5.819 ms - -[0m
[0mGET /images/favicon.ico [36m304[0m 4.662 ms - -[0m
[0mGET /uploads/notes/SD4.pdf_1674836127973 [33m404[0m 59.668 ms - 174[0m
[0mGET /users/get_number_of_likes/SD4.pdf_1674836127973 [36m304[0m 83.588 ms - -[0m
[0mGET /images/favicon.ico [36m304[0m 2.425 ms - -[0m
[0mGET /users/get_all_comments/SD4.pdf_1674836127973 [32m200[0m 347.684 ms - 73[0m
[0mGET /users/profile [36m304[0m 38.245 ms - -[0m
[0mGET /css/layout.css [36m304[0m 12.156 ms - -[0m
[0mGET /css/profile.css [32m200[0m 15.943 ms - 30[0m
[0mGET /css/_header.css [36m304[0m 6.349 ms - -[0m
[0mGET /js/profile.js [36m304[0m 4.681 ms - -[0m
[0mGET /js/layout.js [36m304[0m 1.775 ms - -[0m
[0mGET /images/favicon.ico [36m304[0m 9.241 ms - -[0m
[0mGET /images/favicon.ico [36m304[0m 1.187 ms - -[0m
[0mGET /users/show_all_notes [32m200[0m 263.410 ms - 877[0m
[0mGET /users/show_single_notes/SD4.pdf_1674836127973 [36m304[0m 43.749 ms - -[0m
[0mGET /css/notes.css [36m304[0m 4.165 ms - -[0m
[0mGET /css/layout.css [36m304[0m 10.386 ms - -[0m
[0mGET /css/_header.css [36m304[0m 1.917 ms - -[0m
[0mGET /js/notes.js [36m304[0m 2.807 ms - -[0m
[0mGET /js/layout.js [36m304[0m 3.649 ms - -[0m
[0mGET /images/favicon.ico [36m304[0m 2.193 ms - -[0m
[0mGET /uploads/notes/SD4.pdf_1674836127973 [33m404[0m 19.678 ms - 174[0m
[0mGET /users/get_number_of_likes/SD4.pdf_1674836127973 [36m304[0m 159.892 ms - -[0m
[0mGET /users/get_all_comments/SD4.pdf_1674836127973 [36m304[0m 322.513 ms - -[0m
[0mGET /users/show_single_notes/SD4.pdf_1674836127973 [36m304[0m 17.145 ms - -[0m
[0mPOST /users//new_note_comment [0m-[0m - ms - -[0m
[0mGET /css/layout.css [36m304[0m 22.573 ms - -[0m
[0mGET /css/notes.css [36m304[0m 3.521 ms - -[0m
[0mGET /css/_header.css [36m304[0m 7.982 ms - -[0m
[0mGET /js/notes.js [36m304[0m 16.567 ms - -[0m
[0mGET /js/layout.js [36m304[0m 12.670 ms - -[0m
[0mGET /images/favicon.ico [36m304[0m 11.049 ms - -[0m
[0mGET /uploads/notes/SD4.pdf_1674836127973 [33m404[0m 21.619 ms - 174[0m
[0mGET /images/favicon.ico [36m304[0m 1.182 ms - -[0m
[0mGET /users/get_number_of_likes/SD4.pdf_1674836127973 [36m304[0m 200.635 ms - -[0m
[0mGET /users/get_all_comments/SD4.pdf_1674836127973 [32m200[0m 614.552 ms - 146[0m
[0mGET /users/show_single_notes/SD4.pdf_1674836127973 [36m304[0m 20.836 ms - -[0m
[0mGET /css/notes.css [36m304[0m 2.947 ms - -[0m
[0mGET /css/layout.css [36m304[0m 6.474 ms - -[0m
[0mGET /css/_header.css [36m304[0m 6.362 ms - -[0m
[0mGET /js/notes.js [36m304[0m 5.047 ms - -[0m
[0mGET /js/layout.js [36m304[0m 5.831 ms - -[0m
[0mGET /images/favicon.ico [36m304[0m 9.792 ms - -[0m
[0mGET /uploads/notes/SD4.pdf_1674836127973 [33m404[0m 29.022 ms - 174[0m
[0mGET /users/get_number_of_likes/SD4.pdf_1674836127973 [36m304[0m 351.425 ms - -[0m
[0mGET /images/favicon.ico [36m304[0m 1.935 ms - -[0m
[0mGET /users/get_all_comments/SD4.pdf_1674836127973 [36m304[0m 557.393 ms - -[0m
[0mGET /users/show_single_notes/SD4.pdf_1674836127973 [36m304[0m 88.827 ms - -[0m
[0mGET /css/layout.css [32m200[0m 58.202 ms - -[0m
[0mGET /css/notes.css [36m304[0m 6.031 ms - -[0m
[0mGET /css/_header.css [36m304[0m 4.393 ms - -[0m
[0mGET /js/notes.js [36m304[0m 4.505 ms - -[0m
[0mGET /js/layout.js [36m304[0m 8.584 ms - -[0m
[0mGET /images/favicon.ico [36m304[0m 5.240 ms - -[0m
[0mGET /uploads/notes/SD4.pdf_1674836127973 [33m404[0m 44.506 ms - 174[0m
[0mGET /images/favicon.ico [36m304[0m 4.930 ms - -[0m
[0mGET /users/get_number_of_likes/SD4.pdf_1674836127973 [36m304[0m 450.755 ms - -[0m
[0mGET /users/get_all_comments/SD4.pdf_1674836127973 [36m304[0m 993.469 ms - -[0m
