[0mGET /users/upload_notes_page [36m304[0m 14.173 ms - -[0m
[0mGET /css/layout.css [36m304[0m 2.025 ms - -[0m
[0mGET /css/upload_notes.css [36m304[0m 1.721 ms - -[0m
[0mGET /css/_header.css [36m304[0m 9.637 ms - -[0m
[0mGET /js/layout.js [36m304[0m 3.619 ms - -[0m
[0mGET /images/favicon.ico [36m304[0m 2.907 ms - -[0m
[0mGET / [36m304[0m 12.779 ms - -[0m
[0mGET /css/_header.css [36m304[0m 7.527 ms - -[0m
[0mGET /css/home.css [36m304[0m 10.112 ms - -[0m
[0mGET /css/layout.css [36m304[0m 32.013 ms - -[0m
[0mGET /js/layout.js [36m304[0m 1.222 ms - -[0m
[0mGET /images/favicon.ico [36m304[0m 0.930 ms - -[0m
[0mGET /images/asset%202.png [36m304[0m 4.268 ms - -[0m
[0mGET /images/asset%2018.png [36m304[0m 1.937 ms - -[0m
[0mGET /images/asset%2021.png [36m304[0m 3.184 ms - -[0m
[0mGET /images/asset%2024.png [36m304[0m 2.087 ms - -[0m
[0mGET / [32m200[0m 19.630 ms - 5164[0m
[0mGET /css/layout.css [36m304[0m 2.861 ms - -[0m
[0mGET /css/home.css [36m304[0m 2.121 ms - -[0m
[0mGET /css/_header.css [36m304[0m 1.819 ms - -[0m
[0mGET /css/_footer.css [32m200[0m 7.014 ms - 1039[0m
[0mGET /js/layout.js [36m304[0m 5.039 ms - -[0m
[0mGET /images/favicon.ico [36m304[0m 10.151 ms - -[0m
[0mGET /images/asset%202.png [36m304[0m 11.079 ms - -[0m
[0mGET /images/asset%2018.png [36m304[0m 10.796 ms - -[0m
[0mGET /images/asset%2024.png [36m304[0m 1.699 ms - -[0m
[0mGET /images/asset%2021.png [36m304[0m 11.597 ms - -[0m
[0mGET /images/favicon.ico [36m304[0m 1.274 ms - -[0m
[0mGET /users/signup [32m200[0m 28.811 ms - 3282[0m
[0mGET /css/layout.css [36m304[0m 4.951 ms - -[0m
[0mGET /css/signin.css [36m304[0m 4.937 ms - -[0m
[0mGET /css/_header.css [36m304[0m 6.443 ms - -[0m
[0mGET /css/_footer.css [36m304[0m 4.342 ms - -[0m
[0mGET /js/layout.js [36m304[0m 5.959 ms - -[0m
[0mGET /images/favicon.ico [36m304[0m 3.334 ms - -[0m
[0mGET /images/google.png [36m304[0m 9.054 ms - -[0m
[0mGET / [32m200[0m 21.070 ms - 5164[0m
[0mGET /css/home.css [36m304[0m 3.334 ms - -[0m
[0mGET /css/_header.css [36m304[0m 4.630 ms - -[0m
[0mGET /css/layout.css [36m304[0m 4.916 ms - -[0m
[0mGET /css/_footer.css [32m200[0m 5.822 ms - 1039[0m
[0mGET /js/layout.js [36m304[0m 2.474 ms - -[0m
[0mGET /images/favicon.ico [36m304[0m 3.511 ms - -[0m
[0mGET /images/asset%202.png [36m304[0m 3.622 ms - -[0m
[0mGET /images/asset%2018.png [36m304[0m 5.367 ms - -[0m
[0mGET /images/asset%2021.png [36m304[0m 6.281 ms - -[0m
[0mGET /images/asset%2024.png [36m304[0m 1.363 ms - -[0m
[0mGET /images/favicon.ico [36m304[0m 4.318 ms - -[0m
[0mGET /users/upload_notes_page [32m200[0m 18.195 ms - 3139[0m
[0mGET /js/layout.js [36m304[0m 4.495 ms - -[0m
[0mGET /images/favicon.ico [36m304[0m 5.224 ms - -[0m
[0mGET /css/_header.css [36m304[0m 10.471 ms - -[0m
[0mGET /css/upload_notes.css [36m304[0m 14.147 ms - -[0m
[0mGET /css/_footer.css [36m304[0m 12.636 ms - -[0m
[0mGET /css/layout.css [36m304[0m 20.576 ms - -[0m
[0mGET /users/verify_mobile [32m200[0m 17.266 ms - 2734[0m
[0mGET /css/_header.css [36m304[0m 3.702 ms - -[0m
[0mGET /css/verify_mobile.css [36m304[0m 4.769 ms - -[0m
[0mGET /css/layout.css [36m304[0m 16.068 ms - -[0m
[0mGET /js/layout.js [36m304[0m 7.589 ms - -[0m
[0mGET /js/verify_mobile.js [36m304[0m 7.470 ms - -[0m
[0mGET /css/_footer.css [36m304[0m 14.355 ms - -[0m
[0mGET /images/favicon.ico [36m304[0m 4.951 ms - -[0m
[0mGET /users/upload_notes_page [36m304[0m 23.402 ms - -[0m
[0mGET /js/layout.js [36m304[0m 17.841 ms - -[0m
[0mGET /images/favicon.ico [36m304[0m 16.629 ms - -[0m
[0mGET /css/upload_notes.css [36m304[0m 25.894 ms - -[0m
[0mGET /css/_header.css [36m304[0m 27.212 ms - -[0m
[0mGET /css/_footer.css [36m304[0m 28.541 ms - -[0m
[0mGET /css/layout.css [36m304[0m 36.473 ms - -[0m
[0mGET /users/signup [32m200[0m 22.230 ms - 2814[0m
[0mGET /css/signin.css [36m304[0m 6.324 ms - -[0m
[0mGET /css/_header.css [36m304[0m 3.481 ms - -[0m
[0mGET /css/layout.css [36m304[0m 11.590 ms - -[0m
[0mGET /js/layout.js [36m304[0m 3.428 ms - -[0m
[0mGET /css/_footer.css [32m200[0m 11.179 ms - -[0m
[0mGET /images/favicon.ico [36m304[0m 10.366 ms - -[0m
[0mGET /images/google.png [36m304[0m 5.083 ms - -[0m
[0mGET /images/favicon.ico [36m304[0m 1.248 ms - -[0m
[0mGET /users/profile [32m200[0m 19.654 ms - 2055[0m
[0mGET /js/profile.js [36m304[0m 2.873 ms - -[0m
[0mGET /js/layout.js [36m304[0m 3.180 ms - -[0m
[0mGET /css/_header.css [36m304[0m 9.191 ms - -[0m
[0mGET /css/_footer.css [36m304[0m 9.832 ms - -[0m
[0mGET /css/layout.css [36m304[0m 19.103 ms - -[0m
[0mGET /css/profile.css [36m304[0m 21.641 ms - -[0m
[0mGET /images/favicon.ico [36m304[0m 2.020 ms - -[0m
[0mGET / [32m200[0m 26.914 ms - 4696[0m
[0mGET /css/home.css [36m304[0m 3.603 ms - -[0m
[0mGET /css/_header.css [36m304[0m 3.852 ms - -[0m
[0mGET /css/layout.css [36m304[0m 9.442 ms - -[0m
[0mGET /css/_footer.css [36m304[0m 6.800 ms - -[0m
[0mGET /js/layout.js [36m304[0m 4.578 ms - -[0m
[0mGET /images/favicon.ico [36m304[0m 8.463 ms - -[0m
[0mGET /images/asset%202.png [36m304[0m 5.856 ms - -[0m
[0mGET /images/asset%2018.png [36m304[0m 4.793 ms - -[0m
[0mGET /images/asset%2021.png [36m304[0m 5.501 ms - -[0m
[0mGET /images/asset%2024.png [36m304[0m 1.481 ms - -[0m
[0mPOST /users/upload_notes [36m302[0m 37.595 ms - 58[0m
[0mGET /users/profile [32m200[0m 29.708 ms - 2276[0m
[0mGET /js/profile.js [36m304[0m 7.666 ms - -[0m
[0mGET /js/layout.js [36m304[0m 9.036 ms - -[0m
[0mGET /css/_header.css [36m304[0m 17.101 ms - -[0m
[0mGET /css/profile.css [36m304[0m 27.791 ms - -[0m
[0mGET /css/layout.css [36m304[0m 33.631 ms - -[0m
[0mGET /css/_footer.css [32m200[0m 30.896 ms - -[0m
[0mGET /images/favicon.ico [36m304[0m 6.360 ms - -[0m
[0mGET /users/upload_notes_page [32m200[0m 26.944 ms - 2671[0m
[0mGET /css/layout.css [36m304[0m 3.721 ms - -[0m
[0mGET /css/upload_notes.css [36m304[0m 3.036 ms - -[0m
[0mGET /css/_header.css [36m304[0m 2.195 ms - -[0m
[0mGET /css/_footer.css [36m304[0m 2.922 ms - -[0m
[0mGET /js/layout.js [36m304[0m 1.710 ms - -[0m
[0mGET /images/favicon.ico [36m304[0m 1.440 ms - -[0m
[0mGET /users/profile [36m304[0m 22.348 ms - -[0m
[0mGET /css/_header.css [36m304[0m 3.779 ms - -[0m
[0mGET /css/layout.css [36m304[0m 11.958 ms - -[0m
[0mGET /css/profile.css [36m304[0m 9.418 ms - -[0m
[0mGET /css/_footer.css [36m304[0m 1.837 ms - -[0m
[0mGET /js/profile.js [36m304[0m 3.184 ms - -[0m
[0mGET /js/layout.js [36m304[0m 1.371 ms - -[0m
[0mGET /images/favicon.ico [36m304[0m 1.484 ms - -[0m
[0mGET /users/show_all_notes [32m200[0m 41.015 ms - 639[0m
[0mGET /users/show_single_notes/2023%20(1).pdf_1675231868754 [32m200[0m 42.878 ms - 2276[0m
[0mGET /css/notes.css [36m304[0m 8.469 ms - -[0m
[0mGET /css/layout.css [36m304[0m 12.364 ms - -[0m
[0mGET /css/_header.css [36m304[0m 2.225 ms - -[0m
[0mGET /js/notes.js [36m304[0m 5.019 ms - -[0m
[0mGET /css/_footer.css [36m304[0m 8.975 ms - -[0m
[0mGET /js/layout.js [36m304[0m 10.718 ms - -[0m
[0mGET /images/favicon.ico [36m304[0m 5.292 ms - -[0m
[0mGET /users/get_number_of_likes/2023%20(1).pdf_1675231868754 [32m200[0m 84.979 ms - 21[0m
[0mGET /users/get_all_comments/2023%20(1).pdf_1675231868754 [32m200[0m 140.384 ms - 2[0m
[0mGET /uploads/notes/2023%20(1).pdf_1675231868754 [33m404[0m 28.690 ms - 181[0m
[0mGET /users/signin [32m200[0m 24.944 ms - 2570[0m
[0mGET /css/signin.css [36m304[0m 5.070 ms - -[0m
[0mGET /css/layout.css [36m304[0m 11.722 ms - -[0m
[0mGET /css/_header.css [36m304[0m 5.066 ms - -[0m
[0mGET /css/_footer.css [36m304[0m 3.282 ms - -[0m
[0mGET /js/layout.js [36m304[0m 11.184 ms - -[0m
[0mGET /images/favicon.ico [36m304[0m 3.506 ms - -[0m
[0mGET /images/google.png [36m304[0m 1.575 ms - -[0m
[0mGET / [32m200[0m 17.786 ms - 4226[0m
[0mGET /css/layout.css [36m304[0m 3.488 ms - -[0m
[0mGET /css/home.css [36m304[0m 2.158 ms - -[0m
[0mGET /css/_header.css [36m304[0m 3.282 ms - -[0m
[0mGET /css/_footer.css [36m304[0m 6.284 ms - -[0m
[0mGET /js/layout.js [36m304[0m 6.627 ms - -[0m
[0mGET /images/favicon.ico [36m304[0m 12.214 ms - -[0m
[0mGET /images/asset%202.png [36m304[0m 12.680 ms - -[0m
[0mGET /images/asset%2018.png [36m304[0m 13.019 ms - -[0m
[0mGET /images/asset%2021.png [36m304[0m 12.496 ms - -[0m
[0mGET /images/asset%2024.png [36m304[0m 1.377 ms - -[0m
[0mGET /users/signin [36m304[0m 20.040 ms - -[0m
[0mGET /css/layout.css [36m304[0m 3.542 ms - -[0m
[0mGET /css/signin.css [36m304[0m 6.722 ms - -[0m
[0mGET /css/_header.css [36m304[0m 2.034 ms - -[0m
[0mGET /js/layout.js [36m304[0m 3.555 ms - -[0m
[0mGET /css/_footer.css [36m304[0m 1.848 ms - -[0m
[0mGET /images/favicon.ico [36m304[0m 1.522 ms - -[0m
[0mGET /images/google.png [36m304[0m 4.132 ms - -[0m
[0mGET /users/profile [36m304[0m 34.468 ms - -[0m
[0mGET /css/layout.css [36m304[0m 3.237 ms - -[0m
[0mGET /css/profile.css [36m304[0m 4.304 ms - -[0m
[0mGET /css/_header.css [36m304[0m 3.593 ms - -[0m
[0mGET /js/profile.js [36m304[0m 4.805 ms - -[0m
[0mGET /css/_footer.css [36m304[0m 10.917 ms - -[0m
[0mGET /js/layout.js [36m304[0m 1.395 ms - -[0m
[0mGET /images/favicon.ico [36m304[0m 1.487 ms - -[0m
