[0mPOST /users/forget_&_update_password/update_password [36m302[0m 17.464 ms - 70[0m
[0mGET /users/signin [32m200[0m 419.885 ms - 2930[0m
[0mGET /css/signin.css [36m304[0m 31.470 ms - -[0m
[0mGET /css/_header.css [36m304[0m 32.352 ms - -[0m
[0mGET /css/layout.css [36m304[0m 53.157 ms - -[0m
[0mGET /js/layout.js [36m304[0m 3.388 ms - -[0m
[0mGET /css/_footer.css [36m304[0m 8.726 ms - -[0m
[0mGET /images/favicon.ico [36m304[0m 3.583 ms - -[0m
[0mGET /images/google.png [36m304[0m 10.607 ms - -[0m
[0mPOST /users/create_session [36m302[0m 888.655 ms - 72[0m
[0mGET /users/profile [36m304[0m 79.582 ms - -[0m
[0mGET /css/layout.css [36m304[0m 8.601 ms - -[0m
[0mGET /css/_header.css [36m304[0m 5.687 ms - -[0m
[0mGET /css/_footer.css [36m304[0m 9.506 ms - -[0m
[0mGET /js/profile.js [36m304[0m 3.115 ms - -[0m
[0mGET /js/layout.js [36m304[0m 5.205 ms - -[0m
[0mGET /images/favicon.ico [36m304[0m 5.284 ms - -[0m
[0mGET /css/profile.css [32m200[0m 157.893 ms - -[0m
[0mGET /users/signin [32m200[0m 57.697 ms - 2706[0m
[0mGET /css/layout.css [36m304[0m 2.649 ms - -[0m
[0mGET /css/signin.css [36m304[0m 3.471 ms - -[0m
[0mGET /css/_header.css [36m304[0m 2.040 ms - -[0m
[0mGET /css/_footer.css [36m304[0m 4.058 ms - -[0m
[0mGET /js/layout.js [36m304[0m 5.310 ms - -[0m
[0mGET /images/favicon.ico [36m304[0m 7.331 ms - -[0m
[0mGET /images/google.png [36m304[0m 2.668 ms - -[0m
[0mGET /images/favicon.ico [36m304[0m 8.101 ms - -[0m
[0mGET /users/forget_&_update_password/update_password?accessToken=suzelkhan46@gmail.com7521 [36m304[0m 36.241 ms - -[0m
[0mGET /css/layout.css [36m304[0m 2.399 ms - -[0m
[0mGET /css/_header.css [36m304[0m 2.187 ms - -[0m
[0mGET /js/update_password.js [36m304[0m 1.721 ms - -[0m
[0mGET /css/_footer.css [36m304[0m 7.169 ms - -[0m
[0mGET /js/layout.js [36m304[0m 4.744 ms - -[0m
[0mGET /images/favicon.ico [36m304[0m 3.240 ms - -[0m
[0mGET /images/favicon.ico [36m304[0m 1.335 ms - -[0m
[0mGET /users/forget_&_update_password/update_password?accessToken=suzelkhan46@gmail.com7521 [32m200[0m 31.892 ms - 2354[0m
[0mGET /css/_header.css [36m304[0m 8.503 ms - -[0m
[0mGET /css/layout.css [36m304[0m 16.020 ms - -[0m
[0mGET /css/update_password.css [36m304[0m 2.417 ms - -[0m
[0mGET /css/_footer.css [36m304[0m 3.196 ms - -[0m
[0mGET /js/update_password.js [36m304[0m 2.220 ms - -[0m
[0mGET /js/layout.js [36m304[0m 2.621 ms - -[0m
[0mGET /images/favicon.ico [36m304[0m 4.405 ms - -[0m
[0mGET /images/favicon.ico [36m304[0m 1.547 ms - -[0m
[0mGET /users/forget_&_update_password/forget_password [32m200[0m 18.738 ms - 2166[0m
[0mGET /css/signin.css [36m304[0m 3.507 ms - -[0m
[0mGET /css/layout.css [36m304[0m 8.685 ms - -[0m
[0mGET /css/_header.css [36m304[0m 3.547 ms - -[0m
[0mGET /css/_footer.css [36m304[0m 2.139 ms - -[0m
[0mGET /js/layout.js [36m304[0m 3.165 ms - -[0m
[0mGET /images/favicon.ico [36m304[0m 6.035 ms - -[0m
[0mPOST /users/forget_&_update_password/forget_password [36m302[0m 33.263 ms - 70[0m
[0mGET /users/signin [32m200[0m 20.037 ms - 2924[0m
[0mGET /css/layout.css [36m304[0m 6.137 ms - -[0m
[0mGET /css/signin.css [36m304[0m 15.386 ms - -[0m
[0mGET /css/_header.css [36m304[0m 2.180 ms - -[0m
[0mGET /js/layout.js [36m304[0m 3.792 ms - -[0m
[0mGET /images/favicon.ico [36m304[0m 6.603 ms - -[0m
[0mGET /css/_footer.css [36m304[0m 11.003 ms - -[0m
[0mGET /images/google.png [36m304[0m 5.509 ms - -[0m
[0mGET /users/forget_&_update_password/update_password?accessToken=suzelkhan46@gmail.com9374 [32m200[0m 36.370 ms - 2354[0m
[0mGET /css/update_password.css [36m304[0m 4.923 ms - -[0m
[0mGET /css/_header.css [36m304[0m 4.229 ms - -[0m
[0mGET /css/layout.css [36m304[0m 13.340 ms - -[0m
[0mGET /css/_footer.css [36m304[0m 3.577 ms - -[0m
[0mGET /js/update_password.js [36m304[0m 1.648 ms - -[0m
[0mGET /js/layout.js [36m304[0m 7.436 ms - -[0m
[0mGET /images/favicon.ico [36m304[0m 2.817 ms - -[0m
[0mPOST /users/forget_&_update_password/update_password [36m302[0m 17.094 ms - 70[0m
[0mGET /users/signin [32m200[0m 540.158 ms - 2930[0m
[0mGET /css/layout.css [36m304[0m 9.327 ms - -[0m
[0mGET /css/signin.css [36m304[0m 7.805 ms - -[0m
[0mGET /css/_header.css [36m304[0m 8.775 ms - -[0m
[0mGET /css/_footer.css [36m304[0m 4.835 ms - -[0m
[0mGET /js/layout.js [36m304[0m 4.236 ms - -[0m
[0mGET /images/favicon.ico [36m304[0m 3.535 ms - -[0m
[0mGET /images/google.png [36m304[0m 1.428 ms - -[0m
[0mPOST /users/create_session [36m302[0m 748.398 ms - 72[0m
[0mGET /users/profile [36m304[0m 21.957 ms - -[0m
[0mGET /css/layout.css [36m304[0m 4.993 ms - -[0m
[0mGET /css/profile.css [32m200[0m 8.068 ms - 30[0m
[0mGET /css/_header.css [36m304[0m 5.952 ms - -[0m
[0mGET /css/_footer.css [36m304[0m 6.718 ms - -[0m
[0mGET /js/profile.js [36m304[0m 6.483 ms - -[0m
[0mGET /js/layout.js [36m304[0m 2.037 ms - -[0m
[0mGET /images/favicon.ico [36m304[0m 2.872 ms - -[0m
[0mGET /users/signin [32m200[0m 417.483 ms - 2706[0m
[0mGET /css/signin.css [36m304[0m 12.679 ms - -[0m
[0mGET /css/_header.css [36m304[0m 9.835 ms - -[0m
[0mGET /images/favicon.ico [36m304[0m 6.877 ms - -[0m
[0mGET /js/layout.js [36m304[0m 5.212 ms - -[0m
[0mGET /css/_footer.css [36m304[0m 9.843 ms - -[0m
[0mGET /images/google.png [36m304[0m 8.802 ms - -[0m
[0mGET /css/layout.css [32m200[0m 540.664 ms - -[0m
[0mGET /users/profile [32m200[0m 46.661 ms - 2055[0m
[0mGET /css/layout.css [32m200[0m 38.724 ms - -[0m
[0mGET /css/_header.css [36m304[0m 9.448 ms - -[0m
[0mGET /css/_footer.css [36m304[0m 2.189 ms - -[0m
[0mGET /js/layout.js [36m304[0m 4.849 ms - -[0m
[0mGET /images/favicon.ico [36m304[0m 3.661 ms - -[0m
[0mGET /js/profile.js [36m304[0m 1.491 ms - -[0m
[0mGET /css/profile.css [32m200[0m 333.546 ms - -[0m
[0mGET /users/upload_notes_page [32m200[0m 85.433 ms - 2671[0m
[0mGET /css/layout.css [36m304[0m 2.531 ms - -[0m
[0mGET /css/_header.css [36m304[0m 1.914 ms - -[0m
[0mGET /css/upload_notes.css [36m304[0m 1.843 ms - -[0m
[0mGET /css/_footer.css [36m304[0m 3.489 ms - -[0m
[0mGET /js/layout.js [36m304[0m 1.418 ms - -[0m
[0mGET /images/favicon.ico [36m304[0m 1.165 ms - -[0m
[0mGET /users/upload_notes_page [32m200[0m 103.254 ms - 2683[0m
[0mGET /css/upload_notes.css [36m304[0m 3.993 ms - -[0m
[0mGET /css/_header.css [36m304[0m 13.999 ms - -[0m
[0mGET /css/_footer.css [36m304[0m 3.994 ms - -[0m
[0mGET /images/favicon.ico [36m304[0m 2.846 ms - -[0m
[0mGET /js/layout.js [36m304[0m 4.132 ms - -[0m
[0mGET /css/layout.css [32m200[0m 603.932 ms - -[0m
[0mGET /users/upload_notes_page [36m304[0m 48.293 ms - -[0m
[0mGET /css/upload_notes.css [36m304[0m 3.828 ms - -[0m
[0mGET /css/_header.css [36m304[0m 6.328 ms - -[0m
[0mGET /css/layout.css [32m200[0m 19.414 ms - -[0m
[0mGET /js/layout.js [36m304[0m 1.996 ms - -[0m
[0mGET /css/_footer.css [36m304[0m 7.522 ms - -[0m
[0mGET /images/favicon.ico [36m304[0m 4.717 ms - -[0m
[0mGET /images/favicon.ico [36m304[0m 1.440 ms - -[0m
[0mGET /users/notes/upload_notes_page [36m304[0m 23.448 ms - -[0m
[0mGET /css/upload_notes.css [36m304[0m 3.694 ms - -[0m
[0mGET /css/_header.css [36m304[0m 4.427 ms - -[0m
[0mGET /css/layout.css [36m304[0m 13.265 ms - -[0m
[0mGET /css/_footer.css [36m304[0m 7.486 ms - -[0m
[0mGET /js/layout.js [36m304[0m 1.928 ms - -[0m
[0mGET /images/favicon.ico [36m304[0m 3.468 ms - -[0m
[0mGET /users/notes/upload_notes_page [36m304[0m 61.364 ms - -[0m
[0mGET /css/_header.css [36m304[0m 943.106 ms - -[0m
[0mGET /css/upload_notes.css [36m304[0m 950.961 ms - -[0m
[0mGET /css/layout.css [32m200[0m 961.491 ms - -[0m
[0mGET /js/layout.js [36m304[0m 5.375 ms - -[0m
[0mGET /css/_footer.css [36m304[0m 8.979 ms - -[0m
[0mGET /images/favicon.ico [36m304[0m 4.679 ms - -[0m
[0mPOST /users/notes/upload_notes [36m302[0m 50.541 ms - 72[0m
[0mGET /users/profile [32m200[0m 29.872 ms - 2288[0m
[0mGET /css/_header.css [36m304[0m 2.534 ms - -[0m
[0mGET /css/layout.css [32m200[0m 15.127 ms - -[0m
[0mGET /css/_footer.css [36m304[0m 5.281 ms - -[0m
[0mGET /js/layout.js [36m304[0m 5.748 ms - -[0m
[0mGET /images/favicon.ico [36m304[0m 8.537 ms - -[0m
[0mGET /js/profile.js [32m200[0m 17.429 ms - 1729[0m
[0mGET /css/profile.css [32m200[0m 344.313 ms - -[0m
[0mGET /users/notes/show_all_notes [32m200[0m 28.003 ms - 2[0m
[0mGET /users/notes/show_all_notes [36m304[0m 18.230 ms - -[0m
[0mGET /users/notes/upload_notes_page [36m304[0m 17.389 ms - -[0m
[0mGET /css/layout.css [36m304[0m 2.380 ms - -[0m
[0mGET /css/upload_notes.css [36m304[0m 2.261 ms - -[0m
[0mGET /css/_header.css [36m304[0m 2.569 ms - -[0m
[0mGET /js/layout.js [36m304[0m 2.111 ms - -[0m
[0mGET /css/_footer.css [36m304[0m 6.528 ms - -[0m
[0mGET /images/favicon.ico [36m304[0m 2.311 ms - -[0m
[0mPOST /users/notes/upload_notes [36m302[0m 16.015 ms - 72[0m
[0mGET /users/profile [36m304[0m 16.218 ms - -[0m
[0mGET /css/layout.css [36m304[0m 4.583 ms - -[0m
[0mGET /css/_header.css [36m304[0m 3.066 ms - -[0m
[0mGET /css/profile.css [32m200[0m 6.841 ms - 30[0m
[0mGET /js/profile.js [36m304[0m 3.320 ms - -[0m
[0mGET /js/layout.js [36m304[0m 4.205 ms - -[0m
[0mGET /css/_footer.css [36m304[0m 12.241 ms - -[0m
[0mGET /images/favicon.ico [36m304[0m 1.603 ms - -[0m
[0mGET /users/notes/upload_notes_page [36m304[0m 67.134 ms - -[0m
[0mGET /css/upload_notes.css [36m304[0m 33.535 ms - -[0m
[0mGET /css/_header.css [36m304[0m 19.162 ms - -[0m
[0mGET /js/layout.js [36m304[0m 19.369 ms - -[0m
[0mGET /css/_footer.css [36m304[0m 36.136 ms - -[0m
[0mGET /css/layout.css [32m200[0m 97.117 ms - -[0m
[0mGET /images/favicon.ico [36m304[0m 13.428 ms - -[0m
[0mGET /users/logout [36m302[0m 25.939 ms - 70[0m
[0mGET /users/signin [32m200[0m 23.797 ms - 2712[0m
[0mGET /css/signin.css [36m304[0m 4.981 ms - -[0m
[0mGET /css/_header.css [36m304[0m 4.835 ms - -[0m
[0mGET /js/layout.js [36m304[0m 14.070 ms - -[0m
[0mGET /css/_footer.css [36m304[0m 19.407 ms - -[0m
[0mGET /css/layout.css [32m200[0m 40.723 ms - -[0m
[0mGET /images/favicon.ico [36m304[0m 2.459 ms - -[0m
[0mGET /images/google.png [36m304[0m 4.877 ms - -[0m
[0mGET /users/auth/google [36m302[0m 11.403 ms - 0[0m
[0mGET /users/auth/google/callback?code=4%2F0AWtgzh61OOXDL4j4i0y4ru9AeIpKT2ys6LAK5R7FRY-lbDdNv0_DyTOSY_FxEbdy83rS6g&scope=email+profile+https%3A%2F%2Fwww.googleapis.com%2Fauth%2Fuserinfo.email+openid+https%3A%2F%2Fwww.googleapis.com%2Fauth%2Fuserinfo.profile&authuser=0&prompt=none [36m302[0m 1493.575 ms - 72[0m
[0mGET /users/profile [32m200[0m 18.308 ms - 2281[0m
[0mGET /css/layout.css [36m304[0m 3.360 ms - -[0m
[0mGET /css/_header.css [36m304[0m 1.926 ms - -[0m
[0mGET /css/profile.css [32m200[0m 8.700 ms - -[0m
[0mGET /css/_footer.css [36m304[0m 2.839 ms - -[0m
[0mGET /js/profile.js [36m304[0m 1.573 ms - -[0m
[0mGET /js/layout.js [36m304[0m 4.833 ms - -[0m
[0mGET /images/favicon.ico [36m304[0m 1.236 ms - -[0m
[0mGET /users/notes/show_all_notes [36m304[0m 20.770 ms - -[0m
[0mGET /users/notes/upload_notes_page [36m304[0m 23.088 ms - -[0m
[0mGET /css/layout.css [36m304[0m 4.473 ms - -[0m
[0mGET /css/upload_notes.css [36m304[0m 2.577 ms - -[0m
[0mGET /css/_header.css [36m304[0m 2.330 ms - -[0m
[0mGET /js/layout.js [36m304[0m 3.589 ms - -[0m
[0mGET /images/favicon.ico [36m304[0m 3.418 ms - -[0m
[0mGET /css/_footer.css [36m304[0m 12.296 ms - -[0m
[0mPOST /users/notes/upload_notes [36m302[0m 25.071 ms - 72[0m
[0mGET /users/profile [32m200[0m 23.764 ms - 2288[0m
[0mGET /css/layout.css [36m304[0m 2.456 ms - -[0m
[0mGET /css/_header.css [36m304[0m 1.983 ms - -[0m
[0mGET /css/profile.css [32m200[0m 10.162 ms - 30[0m
[0mGET /js/profile.js [36m304[0m 2.666 ms - -[0m
[0mGET /css/_footer.css [36m304[0m 9.048 ms - -[0m
[0mGET /js/layout.js [36m304[0m 4.194 ms - -[0m
[0mGET /images/favicon.ico [36m304[0m 1.523 ms - -[0m
[0mGET /users/notes/show_all_notes [32m200[0m 19.970 ms - 267[0m
[0mGET /users/notes/show_single_notes/Backends2.pdf_1675312050767 [32m200[0m 33.203 ms - 2284[0m
[0mGET /css/_header.css [36m304[0m 5.194 ms - -[0m
[0mGET /css/layout.css [36m304[0m 10.421 ms - -[0m
[0mGET /css/notes.css [36m304[0m 5.068 ms - -[0m
[0mGET /css/_footer.css [36m304[0m 5.650 ms - -[0m
[0mGET /js/layout.js [36m304[0m 3.282 ms - -[0m
[0mGET /images/favicon.ico [36m304[0m 3.369 ms - -[0m
[0mGET /js/notes.js [32m200[0m 15.167 ms - 2659[0m
[0mGET /uploads/notes/Backends2.pdf_1675312050767 [33m404[0m 24.432 ms - 180[0m
[0mGET /users/get_number_of_likes/Backends2.pdf_1675312050767 [32m200[0m 27.280 ms - 21[0m
[0mGET /users/get_all_comments/Backends2.pdf_1675312050767 [32m200[0m 20.038 ms - 2[0m
[0mGET /users/profile [32m200[0m 19.134 ms - 2067[0m
[0mGET /css/layout.css [36m304[0m 5.797 ms - -[0m
[0mGET /css/_header.css [36m304[0m 3.545 ms - -[0m
[0mGET /css/profile.css [36m304[0m 8.529 ms - -[0m
[0mGET /css/_footer.css [36m304[0m 1.885 ms - -[0m
[0mGET /js/profile.js [36m304[0m 0.953 ms - -[0m
[0mGET /js/layout.js [36m304[0m 1.519 ms - -[0m
[0mGET /images/favicon.ico [36m304[0m 2.140 ms - -[0m
[0mGET /users/notes/show_all_notes [32m200[0m 27.530 ms - 293[0m
[0mGET /users/notes/show_single_notes/Backends2.pdf_1675312050767 [36m304[0m 33.003 ms - -[0m
[0mGET /css/layout.css [36m304[0m 3.974 ms - -[0m
[0mGET /css/notes.css [36m304[0m 3.311 ms - -[0m
[0mGET /css/_header.css [36m304[0m 2.736 ms - -[0m
[0mGET /css/_footer.css [36m304[0m 2.237 ms - -[0m
[0mGET /js/notes.js [36m304[0m 1.148 ms - -[0m
[0mGET /js/layout.js [36m304[0m 1.999 ms - -[0m
[0mGET /images/favicon.ico [36m304[0m 2.024 ms - -[0m
[0mGET /users/get_number_of_likes/Backends2.pdf_1675312050767 [36m304[0m 71.631 ms - -[0m
[0mGET /uploads/notes/Backends2.pdf_1675312050767 [33m404[0m 33.318 ms - 180[0m
[0mGET /users/get_all_comments/Backends2.pdf_1675312050767 [36m304[0m 72.079 ms - -[0m
[0mGET /users/profile [36m304[0m 15.681 ms - -[0m
[0mGET /css/layout.css [36m304[0m 4.539 ms - -[0m
[0mGET /css/_header.css [36m304[0m 2.915 ms - -[0m
[0mGET /css/profile.css [36m304[0m 5.900 ms - -[0m
[0mGET /css/_footer.css [36m304[0m 3.398 ms - -[0m
[0mGET /js/profile.js [36m304[0m 2.390 ms - -[0m
[0mGET /js/layout.js [36m304[0m 3.000 ms - -[0m
[0mGET /images/favicon.ico [36m304[0m 2.381 ms - -[0m
[0mGET /users/notes/show_all_notes [36m304[0m 18.540 ms - -[0m
[0mGET /users/notes/show_single_notes/Backends2.pdf_1675312050767 [36m304[0m 21.235 ms - -[0m
[0mGET /css/notes.css [36m304[0m 3.697 ms - -[0m
[0mGET /css/layout.css [36m304[0m 6.955 ms - -[0m
[0mGET /css/_header.css [36m304[0m 6.385 ms - -[0m
[0mGET /css/_footer.css [36m304[0m 1.360 ms - -[0m
[0mGET /js/notes.js [36m304[0m 2.336 ms - -[0m
[0mGET /js/layout.js [36m304[0m 3.900 ms - -[0m
[0mGET /images/favicon.ico [36m304[0m 3.809 ms - -[0m
[0mGET /uploads/notes/Backends2.pdf_1675312050767 [33m404[0m 55.020 ms - 180[0m
[0mGET /users/get_all_comments/Backends2.pdf_1675312050767 [36m304[0m 57.757 ms - -[0m
[0mGET /users/get_number_of_likes/Backends2.pdf_1675312050767 [36m304[0m 85.316 ms - -[0m
[0mGET /users/notes/upload_notes_page [36m304[0m 31.815 ms - -[0m
[0mGET /css/layout.css [36m304[0m 3.578 ms - -[0m
[0mGET /css/upload_notes.css [36m304[0m 3.442 ms - -[0m
[0mGET /css/_header.css [36m304[0m 3.829 ms - -[0m
[0mGET /css/_footer.css [36m304[0m 1.712 ms - -[0m
[0mGET /js/layout.js [36m304[0m 2.982 ms - -[0m
[0mGET /images/favicon.ico [36m304[0m 1.237 ms - -[0m
[0mGET /users/profile [36m304[0m 18.620 ms - -[0m
[0mGET /css/layout.css [36m304[0m 2.071 ms - -[0m
[0mGET /css/profile.css [36m304[0m 5.018 ms - -[0m
[0mGET /css/_header.css [36m304[0m 1.925 ms - -[0m
[0mGET /css/_footer.css [36m304[0m 2.116 ms - -[0m
[0mGET /js/profile.js [36m304[0m 2.825 ms - -[0m
[0mGET /js/layout.js [36m304[0m 2.479 ms - -[0m
[0mGET /images/favicon.ico [36m304[0m 1.032 ms - -[0m
[0mGET /users/notes/upload_notes_page [36m304[0m 18.359 ms - -[0m
[0mGET /css/upload_notes.css [36m304[0m 2.115 ms - -[0m
[0mGET /css/layout.css [36m304[0m 8.346 ms - -[0m
[0mGET /css/_header.css [36m304[0m 3.701 ms - -[0m
[0mGET /js/layout.js [36m304[0m 3.762 ms - -[0m
[0mGET /css/_footer.css [36m304[0m 6.139 ms - -[0m
[0mGET /images/favicon.ico [36m304[0m 4.918 ms - -[0m
[0mGET /users/profile [36m304[0m 57.692 ms - -[0m
[0mGET /css/_header.css [36m304[0m 8.627 ms - -[0m
[0mGET /css/profile.css [32m200[0m 47.390 ms - -[0m
[0mGET /css/layout.css [32m200[0m 59.144 ms - -[0m
[0mGET /css/_footer.css [36m304[0m 1.978 ms - -[0m
[0mGET /js/profile.js [36m304[0m 10.335 ms - -[0m
[0mGET /js/layout.js [36m304[0m 2.613 ms - -[0m
[0mGET /images/favicon.ico [36m304[0m 1.643 ms - -[0m
[0mGET /users/notes/show_all_notes [36m304[0m 66.538 ms - -[0m
[0mGET /users/notes/show_single_notes/Backends2.pdf_1675312050767 [36m304[0m 31.630 ms - -[0m
[0mGET /css/layout.css [32m200[0m 29.620 ms - -[0m
[0mGET /css/notes.css [36m304[0m 6.577 ms - -[0m
[0mGET /css/_header.css [36m304[0m 9.025 ms - -[0m
[0mGET /images/favicon.ico [36m304[0m 2.191 ms - -[0m
[0mGET /css/_footer.css [36m304[0m 5.256 ms - -[0m
[0mGET /js/notes.js [32m200[0m 5.913 ms - 2673[0m
[0mGET /js/layout.js [36m304[0m 2.445 ms - -[0m
[0mGET /users/toggle/get_number_of_likes/Backends2.pdf_1675312050767 [32m200[0m 56.079 ms - 21[0m
[0mGET /users/get_all_comments/Backends2.pdf_1675312050767 [36m304[0m 54.519 ms - -[0m
[0mGET /uploads/notes/Backends2.pdf_1675312050767 [33m404[0m 96.682 ms - 180[0m
[0mGET /users/notes/show_single_notes/Backends2.pdf_1675312050767 [36m304[0m 32.298 ms - -[0m
[0mPUT /users/toggle/like_notes/Backends2.pdf_1675312050767 [0m-[0m - ms - -[0m
[0mGET /css/layout.css [36m304[0m 3.167 ms - -[0m
[0mGET /css/notes.css [36m304[0m 2.167 ms - -[0m
[0mGET /css/_header.css [36m304[0m 2.422 ms - -[0m
[0mGET /js/notes.js [36m304[0m 4.549 ms - -[0m
[0mGET /js/layout.js [36m304[0m 5.413 ms - -[0m
[0mGET /css/_footer.css [36m304[0m 9.626 ms - -[0m
[0mGET /images/favicon.ico [36m304[0m 3.219 ms - -[0m
[0mGET /uploads/notes/Backends2.pdf_1675312050767 [33m404[0m 31.607 ms - 180[0m
[0mGET /users/get_all_comments/Backends2.pdf_1675312050767 [36m304[0m 121.014 ms - -[0m
[0mGET /users/toggle/get_number_of_likes/Backends2.pdf_1675312050767 [32m200[0m 108.105 ms - 21[0m
[0mGET /images/favicon.ico [36m304[0m 1.493 ms - -[0m
[0mGET /users/notes/show_single_notes/Backends2.pdf_1675312050767 [36m304[0m 105.284 ms - -[0m
[0mGET /css/_header.css [36m304[0m 47.098 ms - -[0m
[0mGET /js/layout.js [36m304[0m 6.153 ms - -[0m
[0mGET /css/_footer.css [36m304[0m 13.140 ms - -[0m
[0mGET /css/notes.css [36m304[0m 12.965 ms - -[0m
[0mGET /js/notes.js [32m200[0m 16.771 ms - 2687[0m
[0mGET /images/favicon.ico [36m304[0m 1.663 ms - -[0m
[0mGET /css/layout.css [32m200[0m 154.653 ms - -[0m
[0mGET /users/toggle/get_number_of_likes/Backends2.pdf_1675312050767 [36m304[0m 94.157 ms - -[0m
[0mGET /users/toggle/get_all_comments/Backends2.pdf_1675312050767 [32m200[0m 67.425 ms - 2[0m
[0mGET /uploads/notes/Backends2.pdf_1675312050767 [33m404[0m 114.322 ms - 180[0m
[0mGET /images/favicon.ico [36m304[0m 1.456 ms - -[0m
[0mGET /users/profile [36m304[0m 15.886 ms - -[0m
[0mPOST /users/toggle/new_note_comment [0m-[0m - ms - -[0m
[0mPOST /users/toggle/new_note_comment [0m-[0m - ms - -[0m
[0mGET /css/_header.css [36m304[0m 3.417 ms - -[0m
[0mGET /css/layout.css [32m200[0m 14.043 ms - -[0m
[0mGET /css/profile.css [32m200[0m 190.082 ms - -[0m
[0mGET /css/_footer.css [36m304[0m 2.569 ms - -[0m
[0mGET /js/profile.js [36m304[0m 4.601 ms - -[0m
[0mGET /js/layout.js [36m304[0m 4.378 ms - -[0m
[0mGET /images/favicon.ico [36m304[0m 5.345 ms - -[0m
[0mGET /users/notes/show_all_notes [32m200[0m 23.295 ms - 372[0m
[0mGET /users/notes/show_single_notes/Backends2.pdf_1675312050767 [36m304[0m 22.588 ms - -[0m
[0mGET /css/layout.css [36m304[0m 4.882 ms - -[0m
[0mGET /css/notes.css [36m304[0m 5.867 ms - -[0m
[0mGET /css/_header.css [36m304[0m 4.071 ms - -[0m
[0mGET /css/_footer.css [36m304[0m 5.474 ms - -[0m
[0mGET /js/notes.js [36m304[0m 5.993 ms - -[0m
[0mGET /js/layout.js [36m304[0m 5.422 ms - -[0m
[0mGET /images/favicon.ico [36m304[0m 4.369 ms - -[0m
[0mGET /users/toggle/get_number_of_likes/Backends2.pdf_1675312050767 [36m304[0m 53.088 ms - -[0m
[0mGET /uploads/notes/Backends2.pdf_1675312050767 [33m404[0m 68.795 ms - 180[0m
[0mGET /users/toggle/get_all_comments/Backends2.pdf_1675312050767 [32m200[0m 158.471 ms - 148[0m
[0mGET /users/verify_mobile [33m404[0m 593.446 ms - 158[0m
[0mGET /users/verify_mobile [33m404[0m 18.014 ms - 158[0m
[0mGET /css/_footer.css [32m200[0m 197.514 ms - -[0m
[0mGET /users/notes/upload_notes_page [32m200[0m 168.580 ms - 2690[0m
[0mGET /css/upload_notes.css [36m304[0m 107.281 ms - -[0m
[0mGET /js/layout.js [36m304[0m 8.158 ms - -[0m
[0mGET /images/favicon.ico [36m304[0m 7.943 ms - -[0m
[0mGET /css/_header.css [36m304[0m 16.845 ms - -[0m
[0mGET /css/_footer.css [36m304[0m 16.526 ms - -[0m
[0mGET /css/layout.css [32m200[0m 320.941 ms - -[0m
[0mGET /images/favicon.ico [36m304[0m 2.536 ms - -[0m
[0mGET /users/toggle/verify_mobile [33m404[0m 11.387 ms - 165[0m
[0mGET /users/notes/upload_notes_page [32m200[0m 314.081 ms - 2695[0m
[0mGET /images/favicon.ico [36m304[0m 9.473 ms - -[0m
[0mGET /js/layout.js [36m304[0m 11.129 ms - -[0m
[0mGET /css/upload_notes.css [36m304[0m 19.317 ms - -[0m
[0mGET /css/_header.css [36m304[0m 19.828 ms - -[0m
[0mGET /css/_footer.css [36m304[0m 20.432 ms - -[0m
[0mGET /css/layout.css [32m200[0m 511.422 ms - -[0m
[0mGET /images/favicon.ico [36m304[0m 3.427 ms - -[0m
[0mGET /users/mobile_auth/verify_mobile [33m404[0m 24.619 ms - 170[0m
[0mGET /users/notes/upload_notes_page [36m304[0m 29.472 ms - -[0m
[0mGET /images/favicon.ico [36m304[0m 12.473 ms - -[0m
[0mGET /js/layout.js [36m304[0m 14.986 ms - -[0m
[0mGET /css/layout.css [32m200[0m 119.019 ms - -[0m
[0mGET /css/upload_notes.css [36m304[0m 33.502 ms - -[0m
[0mGET /css/_header.css [36m304[0m 45.506 ms - -[0m
[0mGET /css/_footer.css [36m304[0m 49.817 ms - -[0m
[0mGET /images/favicon.ico [36m304[0m 4.913 ms - -[0m
[0mGET /users/mobile_auth/verify_mobile [33m404[0m 11.054 ms - 170[0m
[0mGET /users/mobile_auth/verify_mobile [33m404[0m 18.178 ms - 170[0m
