[0mGET /users/signin [32m200[0m 59.154 ms - 2634[0m
[0mGET /css/layout.css [32m200[0m 26.616 ms - -[0m
[0mGET /css/_header.css [36m304[0m 9.555 ms - -[0m
[0mGET /css/signin.css [36m304[0m 16.536 ms - -[0m
[0mGET /js/layout.js [36m304[0m 4.927 ms - -[0m
[0mGET /images/favicon.ico [36m304[0m 10.543 ms - -[0m
[0mGET /images/google.png [36m304[0m 6.532 ms - -[0m
[0mGET /images/favicon.ico [36m304[0m 1.799 ms - -[0m
[0mGET /users/forget_password [32m200[0m 20.534 ms - 2205[0m
[0mGET /css/signin.css [36m304[0m 5.085 ms - -[0m
[0mGET /css/_header.css [36m304[0m 9.013 ms - -[0m
[0mGET /css/layout.css [32m200[0m 28.871 ms - -[0m
[0mGET /js/layout.js [36m304[0m 1.799 ms - -[0m
[0mGET /images/favicon.ico [36m304[0m 1.738 ms - -[0m
[0mPOST /users/forget_password [36m302[0m 178.469 ms - 70[0m
[0mGET /users/signin [32m200[0m 25.454 ms - 2852[0m
[0mGET /css/signin.css [36m304[0m 46.407 ms - -[0m
[0mGET /css/_header.css [36m304[0m 26.912 ms - -[0m
[0mGET /css/layout.css [36m304[0m 68.193 ms - -[0m
[0mGET /js/layout.js [36m304[0m 7.906 ms - -[0m
[0mGET /images/favicon.ico [36m304[0m 121.121 ms - -[0m
[0mGET /images/google.png [36m304[0m 133.467 ms - -[0m
[0mGET /users/forget_password [32m200[0m 65.018 ms - 2205[0m
[0mGET /css/signin.css [36m304[0m 8.070 ms - -[0m
[0mGET /css/layout.css [32m200[0m 31.791 ms - -[0m
[0mGET /css/_header.css [36m304[0m 3.254 ms - -[0m
[0mGET /js/layout.js [36m304[0m 6.923 ms - -[0m
[0mGET /images/favicon.ico [36m304[0m 9.216 ms - -[0m
[0mPOST /users/forget_password [36m302[0m 140.028 ms - 70[0m
[0mGET /users/signin [36m304[0m 35.515 ms - -[0m
[0mGET /css/signin.css [36m304[0m 8.510 ms - -[0m
[0mGET /css/_header.css [36m304[0m 18.494 ms - -[0m
[0mGET /css/layout.css [32m200[0m 33.456 ms - -[0m
[0mGET /js/layout.js [36m304[0m 4.552 ms - -[0m
[0mGET /images/favicon.ico [36m304[0m 11.374 ms - -[0m
[0mGET /images/google.png [36m304[0m 2.968 ms - -[0m
[0mGET /users/forget_password [32m200[0m 26.717 ms - 2205[0m
[0mGET /css/layout.css [36m304[0m 4.165 ms - -[0m
[0mGET /css/signin.css [36m304[0m 2.615 ms - -[0m
[0mGET /js/layout.js [36m304[0m 7.877 ms - -[0m
[0mGET /css/_header.css [36m304[0m 16.638 ms - -[0m
[0mGET /images/favicon.ico [36m304[0m 6.955 ms - -[0m
[0mPOST /users/forget_password [36m302[0m 32.164 ms - 70[0m
[0mGET /users/signin [36m304[0m 82.568 ms - -[0m
[0mGET /css/layout.css [36m304[0m 5.473 ms - -[0m
[0mGET /css/signin.css [36m304[0m 15.227 ms - -[0m
[0mGET /css/_header.css [36m304[0m 10.879 ms - -[0m
[0mGET /js/layout.js [36m304[0m 1.632 ms - -[0m
[0mGET /images/favicon.ico [36m304[0m 4.575 ms - -[0m
[0mGET /images/google.png [36m304[0m 3.327 ms - -[0m
[0mGET /users/forget_password [32m200[0m 26.534 ms - 2205[0m
[0mGET /css/signin.css [36m304[0m 3.016 ms - -[0m
[0mGET /css/layout.css [36m304[0m 8.378 ms - -[0m
[0mGET /css/_header.css [36m304[0m 9.663 ms - -[0m
[0mGET /js/layout.js [36m304[0m 2.411 ms - -[0m
[0mGET /images/favicon.ico [36m304[0m 1.799 ms - -[0m
[0mPOST /users/forget_password [36m302[0m 28.421 ms - 70[0m
[0mGET /users/signin [36m304[0m 14.953 ms - -[0m
[0mGET /css/signin.css [36m304[0m 7.645 ms - -[0m
[0mGET /css/_header.css [36m304[0m 9.052 ms - -[0m
[0mGET /css/layout.css [36m304[0m 34.455 ms - -[0m
[0mGET /js/layout.js [36m304[0m 1.465 ms - -[0m
[0mGET /images/favicon.ico [36m304[0m 1.840 ms - -[0m
[0mGET /images/google.png [36m304[0m 2.025 ms - -[0m
[0mGET /users/signin [32m200[0m 72.576 ms - 2634[0m
[0mGET /css/signin.css [36m304[0m 5.970 ms - -[0m
[0mGET /css/layout.css [32m200[0m 29.346 ms - -[0m
[0mGET /css/_header.css [36m304[0m 2.085 ms - -[0m
[0mGET /js/layout.js [36m304[0m 7.349 ms - -[0m
[0mGET /images/favicon.ico [36m304[0m 6.954 ms - -[0m
[0mGET /images/google.png [36m304[0m 2.587 ms - -[0m
[0mGET /images/favicon.ico [36m304[0m 1.395 ms - -[0m
[0mGET /users/forget_password [32m200[0m 27.131 ms - 2205[0m
[0mGET /css/signin.css [36m304[0m 4.899 ms - -[0m
[0mGET /css/_header.css [36m304[0m 7.587 ms - -[0m
[0mGET /js/layout.js [36m304[0m 2.470 ms - -[0m
[0mGET /images/favicon.ico [36m304[0m 1.690 ms - -[0m
[0mGET /css/layout.css [32m200[0m 125.137 ms - -[0m
[0mPOST /users/forget_password [36m302[0m 155.037 ms - 70[0m
[0mGET /users/signin [32m200[0m 70.633 ms - 2852[0m
[0mGET /css/layout.css [36m304[0m 13.954 ms - -[0m
[0mGET /css/signin.css [36m304[0m 13.997 ms - -[0m
[0mGET /css/_header.css [36m304[0m 7.470 ms - -[0m
[0mGET /js/layout.js [36m304[0m 3.806 ms - -[0m
[0mGET /images/favicon.ico [36m304[0m 5.486 ms - -[0m
[0mGET /images/google.png [36m304[0m 8.734 ms - -[0m
[0mGET /users/signin [32m200[0m 53.187 ms - 2634[0m
[0mGET /css/signin.css [36m304[0m 23.334 ms - -[0m
[0mGET /css/_header.css [36m304[0m 10.941 ms - -[0m
[0mGET /css/layout.css [32m200[0m 35.147 ms - -[0m
[0mGET /js/layout.js [36m304[0m 6.346 ms - -[0m
[0mGET /images/favicon.ico [36m304[0m 1.768 ms - -[0m
[0mGET /images/google.png [36m304[0m 2.444 ms - -[0m
[0mGET /images/favicon.ico [36m304[0m 1.786 ms - -[0m
[0mGET /users/forget_password [32m200[0m 24.060 ms - 2205[0m
[0mGET /css/signin.css [36m304[0m 7.538 ms - -[0m
[0mGET /css/_header.css [36m304[0m 8.996 ms - -[0m
[0mGET /css/layout.css [32m200[0m 21.447 ms - -[0m
[0mGET /js/layout.js [36m304[0m 4.545 ms - -[0m
[0mGET /images/favicon.ico [36m304[0m 3.851 ms - -[0m
[0mPOST /users/forget_password [36m302[0m 110.399 ms - 70[0m
[0mGET /users/signin [32m200[0m 50.403 ms - 2852[0m
[0mGET /css/signin.css [36m304[0m 3.500 ms - -[0m
[0mGET /css/layout.css [36m304[0m 10.415 ms - -[0m
[0mGET /css/_header.css [36m304[0m 2.115 ms - -[0m
[0mGET /js/layout.js [36m304[0m 8.863 ms - -[0m
[0mGET /images/favicon.ico [36m304[0m 9.861 ms - -[0m
[0mGET /images/google.png [36m304[0m 9.148 ms - -[0m
[0mGET /users/signin [32m200[0m 74.097 ms - 2634[0m
[0mGET /css/signin.css [36m304[0m 10.239 ms - -[0m
[0mGET /css/_header.css [36m304[0m 5.500 ms - -[0m
[0mGET /css/layout.css [32m200[0m 41.410 ms - -[0m
[0mGET /js/layout.js [36m304[0m 3.857 ms - -[0m
[0mGET /images/favicon.ico [36m304[0m 14.512 ms - -[0m
[0mGET /images/google.png [36m304[0m 11.924 ms - -[0m
[0mGET /images/favicon.ico [36m304[0m 1.528 ms - -[0m
[0mGET /users/signup [36m304[0m 25.503 ms - -[0m
[0mGET /css/signin.css [36m304[0m 13.897 ms - -[0m
[0mGET /css/_header.css [36m304[0m 13.143 ms - -[0m
[0mGET /css/layout.css [32m200[0m 34.240 ms - -[0m
[0mGET /js/layout.js [36m304[0m 8.791 ms - -[0m
[0mGET /images/favicon.ico [36m304[0m 4.153 ms - -[0m
[0mGET /images/google.png [36m304[0m 8.179 ms - -[0m
[0mPOST /users/create [36m302[0m 835.544 ms - 70[0m
[0mGET /users/signin [36m304[0m 56.140 ms - -[0m
[0mGET /css/signin.css [36m304[0m 4.417 ms - -[0m
[0mGET /css/layout.css [36m304[0m 12.657 ms - -[0m
[0mGET /css/_header.css [36m304[0m 9.085 ms - -[0m
[0mGET /js/layout.js [36m304[0m 2.683 ms - -[0m
[0mGET /images/favicon.ico [36m304[0m 4.600 ms - -[0m
[0mGET /images/google.png [36m304[0m 3.533 ms - -[0m
[0mGET /users/logout [36m302[0m 34.414 ms - 70[0m
[0mGET /users/signin [32m200[0m 54.263 ms - 2850[0m
[0mGET /css/signin.css [36m304[0m 11.076 ms - -[0m
[0mGET /css/layout.css [32m200[0m 25.946 ms - -[0m
[0mGET /css/_header.css [36m304[0m 2.354 ms - -[0m
[0mGET /js/layout.js [36m304[0m 4.225 ms - -[0m
[0mGET /images/favicon.ico [36m304[0m 10.398 ms - -[0m
[0mGET /images/google.png [36m304[0m 3.960 ms - -[0m
[0mGET /users/signup [36m304[0m 27.200 ms - -[0m
[0mGET /css/signin.css [36m304[0m 7.355 ms - -[0m
[0mGET /css/_header.css [36m304[0m 8.843 ms - -[0m
[0mGET /css/layout.css [32m200[0m 24.728 ms - -[0m
[0mGET /js/layout.js [36m304[0m 4.134 ms - -[0m
[0mGET /images/favicon.ico [36m304[0m 7.760 ms - -[0m
[0mGET /images/google.png [36m304[0m 8.564 ms - -[0m
[0mGET /users/signin [32m200[0m 15.241 ms - 2634[0m
[0mGET /css/layout.css [36m304[0m 4.078 ms - -[0m
[0mGET /css/signin.css [36m304[0m 5.050 ms - -[0m
[0mGET /css/_header.css [36m304[0m 4.889 ms - -[0m
[0mGET /js/layout.js [36m304[0m 3.876 ms - -[0m
[0mGET /images/favicon.ico [36m304[0m 14.198 ms - -[0m
[0mGET /images/google.png [36m304[0m 3.266 ms - -[0m
[0mGET /users/auth/google [36m302[0m 18.988 ms - 0[0m
[0mGET /users/auth/google/callback?code=4%2F0AWtgzh6X3Pt1AjB3s1H1B_bnQFVnDBWjzp_A5Z_uh3dQnGL6YBLLcBEr0vaAuGgvavTd5Q&scope=email+profile+https%3A%2F%2Fwww.googleapis.com%2Fauth%2Fuserinfo.email+https%3A%2F%2Fwww.googleapis.com%2Fauth%2Fuserinfo.profile+openid&authuser=0&prompt=none [36m302[0m 1651.094 ms - 72[0m
[0mGET /users/profile [32m200[0m 27.088 ms - 2333[0m
[0mGET /css/layout.css [36m304[0m 9.354 ms - -[0m
[0mGET /css/_header.css [36m304[0m 8.446 ms - -[0m
[0mGET /css/profile.css [32m200[0m 19.038 ms - -[0m
[0mGET /js/profile.js [36m304[0m 2.192 ms - -[0m
[0mGET /js/layout.js [36m304[0m 1.819 ms - -[0m
[0mGET /images/favicon.ico [36m304[0m 1.688 ms - -[0m
[0mGET /users/signin [36m304[0m 29.491 ms - -[0m
[0mGET /css/layout.css [36m304[0m 3.044 ms - -[0m
[0mGET /css/signin.css [36m304[0m 5.363 ms - -[0m
[0mGET /css/_header.css [36m304[0m 1.964 ms - -[0m
[0mGET /js/layout.js [36m304[0m 16.055 ms - -[0m
[0mGET /images/favicon.ico [36m304[0m 5.873 ms - -[0m
[0mGET /images/google.png [36m304[0m 21.429 ms - -[0m
[0mGET /users/profile [32m200[0m 25.237 ms - 2119[0m
[0mGET /css/_header.css [36m304[0m 7.385 ms - -[0m
[0mGET /css/layout.css [36m304[0m 12.781 ms - -[0m
[0mGET /css/profile.css [32m200[0m 14.718 ms - 30[0m
[0mGET /js/profile.js [36m304[0m 1.914 ms - -[0m
[0mGET /js/layout.js [36m304[0m 1.642 ms - -[0m
[0mGET /images/favicon.ico [36m304[0m 2.151 ms - -[0m
[0mGET /users/upload_notes_page [36m304[0m 32.995 ms - -[0m
[0mGET /css/layout.css [36m304[0m 7.941 ms - -[0m
[0mGET /css/upload_notes.css [36m304[0m 5.872 ms - -[0m
[0mGET /css/_header.css [36m304[0m 3.499 ms - -[0m
[0mGET /js/layout.js [36m304[0m 2.366 ms - -[0m
[0mGET /images/favicon.ico [36m304[0m 12.282 ms - -[0m
[0mGET /users/profile [36m304[0m 20.255 ms - -[0m
[0mGET /css/layout.css [36m304[0m 2.879 ms - -[0m
[0mGET /css/profile.css [36m304[0m 6.983 ms - -[0m
[0mGET /css/_header.css [36m304[0m 2.059 ms - -[0m
[0mGET /js/profile.js [36m304[0m 4.517 ms - -[0m
[0mGET /js/layout.js [36m304[0m 7.849 ms - -[0m
[0mGET /images/favicon.ico [36m304[0m 1.810 ms - -[0m
[0mGET /users/show_all_notes [36m304[0m 34.938 ms - -[0m
[0mGET /users/logout [36m302[0m 45.348 ms - 70[0m
[0mGET /users/signin [32m200[0m 70.986 ms - 2850[0m
[0mGET /css/signin.css [36m304[0m 6.361 ms - -[0m
[0mGET /css/layout.css [32m200[0m 24.336 ms - -[0m
[0mGET /css/_header.css [36m304[0m 2.152 ms - -[0m
[0mGET /js/layout.js [36m304[0m 6.710 ms - -[0m
[0mGET /images/favicon.ico [36m304[0m 2.233 ms - -[0m
[0mGET /images/google.png [36m304[0m 1.756 ms - -[0m
[0mGET /users/signup [36m304[0m 32.357 ms - -[0m
[0mGET /css/signin.css [36m304[0m 11.261 ms - -[0m
[0mGET /css/_header.css [36m304[0m 13.718 ms - -[0m
[0mGET /css/layout.css [32m200[0m 31.183 ms - -[0m
[0mGET /js/layout.js [36m304[0m 7.238 ms - -[0m
[0mGET /images/favicon.ico [36m304[0m 9.620 ms - -[0m
[0mGET /images/google.png [36m304[0m 10.189 ms - -[0m
[0mPOST /users/create [36m302[0m 989.549 ms - 70[0m
[0mGET /users/signin [32m200[0m 87.139 ms - 2634[0m
[0mGET /css/signin.css [36m304[0m 4.303 ms - -[0m
[0mGET /css/_header.css [36m304[0m 6.761 ms - -[0m
[0mGET /css/layout.css [36m304[0m 17.473 ms - -[0m
[0mGET /js/layout.js [36m304[0m 5.047 ms - -[0m
[0mGET /images/favicon.ico [36m304[0m 4.333 ms - -[0m
[0mGET /images/google.png [36m304[0m 5.585 ms - -[0m
[0mGET /users/auth/google [36m302[0m 23.788 ms - 0[0m
[0mGET /users/auth/google/callback?code=4%2F0AWtgzh5Lunc_kgY_PBb4JceKEaDlMKaFys90JzhOVlRhb27xcj_7lAs6j5c-ukhmkiHFEQ&scope=email+profile+https%3A%2F%2Fwww.googleapis.com%2Fauth%2Fuserinfo.email+https%3A%2F%2Fwww.googleapis.com%2Fauth%2Fuserinfo.profile+openid&authuser=0&prompt=none [36m302[0m 1468.303 ms - 72[0m
[0mGET /users/profile [32m200[0m 27.508 ms - 2333[0m
[0mGET /css/layout.css [36m304[0m 9.956 ms - -[0m
[0mGET /css/profile.css [32m200[0m 9.703 ms - -[0m
[0mGET /css/_header.css [36m304[0m 2.225 ms - -[0m
[0mGET /js/profile.js [36m304[0m 38.161 ms - -[0m
[0mGET /js/layout.js [36m304[0m 3.462 ms - -[0m
[0mGET /images/favicon.ico [36m304[0m 1.378 ms - -[0m
[0mGET /users/signup [36m304[0m 24.860 ms - -[0m
[0mGET /css/layout.css [36m304[0m 4.088 ms - -[0m
[0mGET /css/signin.css [36m304[0m 2.268 ms - -[0m
[0mGET /css/_header.css [36m304[0m 7.935 ms - -[0m
[0mGET /js/layout.js [36m304[0m 3.296 ms - -[0m
[0mGET /images/favicon.ico [36m304[0m 7.111 ms - -[0m
[0mGET /images/google.png [36m304[0m 9.277 ms - -[0m
[0mGET /users/auth/google [36m302[0m 20.818 ms - 0[0m
[0mGET /users/auth/google/callback?code=4%2F0AWtgzh6QQAK3WnNNWNvgq06xB71S1xNHXZ2Exi2d6D7CfVJF3TujMIJTH9nZBtjS4zh5-g&scope=email+profile+https%3A%2F%2Fwww.googleapis.com%2Fauth%2Fuserinfo.email+openid+https%3A%2F%2Fwww.googleapis.com%2Fauth%2Fuserinfo.profile&authuser=0&prompt=none [36m302[0m 1253.163 ms - 72[0m
[0mGET /users/profile [36m304[0m 27.654 ms - -[0m
[0mGET /css/layout.css [36m304[0m 11.173 ms - -[0m
[0mGET /css/profile.css [32m200[0m 18.782 ms - 30[0m
[0mGET /css/_header.css [36m304[0m 9.159 ms - -[0m
[0mGET /js/profile.js [36m304[0m 3.139 ms - -[0m
[0mGET /js/layout.js [36m304[0m 10.041 ms - -[0m
[0mGET /images/favicon.ico [36m304[0m 2.562 ms - -[0m
[0mGET /users/signin [36m304[0m 20.478 ms - -[0m
[0mGET /css/layout.css [36m304[0m 12.102 ms - -[0m
[0mGET /css/signin.css [36m304[0m 2.418 ms - -[0m
[0mGET /css/_header.css [36m304[0m 5.998 ms - -[0m
[0mGET /users/logout [36m302[0m 18.534 ms - 70[0m
[0mGET /js/layout.js [36m304[0m 1.352 ms - -[0m
[0mGET /images/favicon.ico [36m304[0m 4.156 ms - -[0m
[0mGET /images/google.png [36m304[0m 4.286 ms - -[0m
[0mGET /users/signup [36m304[0m 22.451 ms - -[0m
[0mGET /css/signin.css [36m304[0m 3.569 ms - -[0m
[0mGET /css/layout.css [36m304[0m 11.272 ms - -[0m
[0mGET /css/_header.css [36m304[0m 10.520 ms - -[0m
[0mGET /js/layout.js [36m304[0m 8.414 ms - -[0m
[0mGET /images/favicon.ico [36m304[0m 4.067 ms - -[0m
[0mGET /images/google.png [36m304[0m 2.036 ms - -[0m
[0mPOST /users/create [36m302[0m 34.893 ms - 70[0m
[0mGET /users/signin [32m200[0m 10.857 ms - 2855[0m
[0mGET /css/layout.css [36m304[0m 5.856 ms - -[0m
[0mGET /css/signin.css [36m304[0m 6.079 ms - -[0m
[0mGET /css/_header.css [36m304[0m 7.633 ms - -[0m
[0mGET /js/layout.js [36m304[0m 3.127 ms - -[0m
[0mGET /images/favicon.ico [36m304[0m 9.528 ms - -[0m
[0mGET /images/google.png [36m304[0m 5.375 ms - -[0m
[0mGET /users/signin [32m200[0m 66.195 ms - 2634[0m
[0mGET /css/signin.css [36m304[0m 20.684 ms - -[0m
[0mGET /css/_header.css [36m304[0m 15.713 ms - -[0m
[0mGET /css/layout.css [32m200[0m 48.628 ms - -[0m
[0mGET /js/layout.js [36m304[0m 4.530 ms - -[0m
[0mGET /images/favicon.ico [36m304[0m 10.066 ms - -[0m
[0mGET /images/google.png [36m304[0m 7.411 ms - -[0m
[0mGET /images/favicon.ico [36m304[0m 11.744 ms - -[0m
[0mGET /users/signup [36m304[0m 21.124 ms - -[0m
[0mGET /css/layout.css [32m200[0m 14.366 ms - -[0m
[0mGET /css/signin.css [36m304[0m 6.061 ms - -[0m
[0mGET /css/_header.css [36m304[0m 6.361 ms - -[0m
[0mGET /js/layout.js [36m304[0m 3.943 ms - -[0m
[0mGET /images/favicon.ico [36m304[0m 5.422 ms - -[0m
[0mGET /images/google.png [36m304[0m 5.882 ms - -[0m
[0mPOST /users/create [36m302[0m 873.272 ms - 70[0m
[0mGET /users/signin [32m200[0m 82.746 ms - 2857[0m
[0mGET /css/signin.css [36m304[0m 17.117 ms - -[0m
[0mGET /css/_header.css [36m304[0m 9.437 ms - -[0m
[0mGET /css/layout.css [36m304[0m 28.410 ms - -[0m
[0mGET /js/layout.js [36m304[0m 90.913 ms - -[0m
[0mGET /images/favicon.ico [36m304[0m 14.552 ms - -[0m
[0mGET /images/google.png [36m304[0m 15.724 ms - -[0m
[0mGET /users/profile [32m200[0m 15.442 ms - 2634[0m
[0mGET /css/signin.css [36m304[0m 5.770 ms - -[0m
[0mGET /css/_header.css [36m304[0m 6.474 ms - -[0m
[0mGET /css/layout.css [36m304[0m 13.873 ms - -[0m
[0mGET /js/layout.js [36m304[0m 3.904 ms - -[0m
[0mGET /images/favicon.ico [36m304[0m 1.636 ms - -[0m
[0mGET /images/google.png [36m304[0m 1.859 ms - -[0m
[0mGET /users/upload_notes_page [32m200[0m 16.692 ms - 2634[0m
[0mGET /css/signin.css [36m304[0m 3.885 ms - -[0m
[0mGET /css/layout.css [36m304[0m 7.986 ms - -[0m
[0mGET /css/_header.css [36m304[0m 7.573 ms - -[0m
[0mGET /js/layout.js [36m304[0m 1.984 ms - -[0m
[0mGET /images/favicon.ico [36m304[0m 1.213 ms - -[0m
[0mGET /images/google.png [36m304[0m 6.691 ms - -[0m
[0mGET /users/verify_mobile [32m200[0m 13.076 ms - 2634[0m
[0mGET /css/signin.css [36m304[0m 5.754 ms - -[0m
[0mGET /css/layout.css [36m304[0m 16.100 ms - -[0m
[0mGET /css/_header.css [36m304[0m 5.427 ms - -[0m
[0mGET /js/layout.js [36m304[0m 2.714 ms - -[0m
[0mGET /images/favicon.ico [36m304[0m 1.684 ms - -[0m
[0mGET /images/google.png [36m304[0m 11.578 ms - -[0m
[0mGET /users/auth/google [36m302[0m 11.020 ms - 0[0m
[0mGET /users/auth/google/callback?code=4%2F0AWtgzh4HMs-hKJUOPondu0ql7qBFW1hmfaOSWZnRNhaHuaO7wCbVxJdeqANv732ogpD9Jw&scope=email+profile+https%3A%2F%2Fwww.googleapis.com%2Fauth%2Fuserinfo.email+https%3A%2F%2Fwww.googleapis.com%2Fauth%2Fuserinfo.profile+openid&authuser=0&prompt=none [36m302[0m 1159.273 ms - 72[0m
[0mGET /users/profile [32m200[0m 28.063 ms - 2333[0m
[0mGET /css/layout.css [36m304[0m 7.268 ms - -[0m
[0mGET /css/profile.css [32m200[0m 12.503 ms - -[0m
[0mGET /css/_header.css [36m304[0m 2.277 ms - -[0m
[0mGET /js/profile.js [36m304[0m 12.100 ms - -[0m
[0mGET /js/layout.js [36m304[0m 12.373 ms - -[0m
[0mGET /images/favicon.ico [36m304[0m 11.824 ms - -[0m
[0mGET /users/upload_notes_page [32m200[0m 29.579 ms - 2735[0m
[0mGET /css/layout.css [36m304[0m 4.223 ms - -[0m
[0mGET /css/upload_notes.css [36m304[0m 3.727 ms - -[0m
[0mGET /css/_header.css [36m304[0m 4.492 ms - -[0m
[0mGET /js/layout.js [36m304[0m 5.344 ms - -[0m
[0mGET /images/favicon.ico [36m304[0m 1.546 ms - -[0m
[0mGET /users/profile [32m200[0m 23.600 ms - 2119[0m
[0mGET /css/layout.css [36m304[0m 9.667 ms - -[0m
[0mGET /css/_header.css [36m304[0m 11.706 ms - -[0m
[0mGET /css/profile.css [32m200[0m 16.249 ms - 30[0m
[0mGET /js/profile.js [36m304[0m 2.833 ms - -[0m
[0mGET /js/layout.js [36m304[0m 3.212 ms - -[0m
[0mGET /images/favicon.ico [36m304[0m 2.330 ms - -[0m
[0mGET /users/profile [36m304[0m 22.557 ms - -[0m
[0mGET /css/layout.css [36m304[0m 4.751 ms - -[0m
[0mGET /css/profile.css [36m304[0m 2.405 ms - -[0m
[0mGET /css/_header.css [36m304[0m 2.700 ms - -[0m
[0mGET /js/profile.js [36m304[0m 1.672 ms - -[0m
[0mGET /js/layout.js [36m304[0m 2.465 ms - -[0m
[0mGET /images/favicon.ico [36m304[0m 1.333 ms - -[0m
[0mGET /users/profile [36m304[0m 22.300 ms - -[0m
[0mGET /css/layout.css [36m304[0m 2.613 ms - -[0m
[0mGET /css/profile.css [36m304[0m 2.875 ms - -[0m
[0mGET /css/_header.css [36m304[0m 2.531 ms - -[0m
[0mGET /js/profile.js [36m304[0m 1.506 ms - -[0m
[0mGET /js/layout.js [36m304[0m 2.479 ms - -[0m
[0mGET /images/favicon.ico [36m304[0m 10.436 ms - -[0m
[0mGET /users/upload_notes_page [36m304[0m 19.251 ms - -[0m
[0mGET /css/layout.css [36m304[0m 7.834 ms - -[0m
[0mGET /css/upload_notes.css [36m304[0m 1.951 ms - -[0m
[0mGET /css/_header.css [36m304[0m 7.845 ms - -[0m
[0mGET /js/layout.js [36m304[0m 2.798 ms - -[0m
[0mGET /images/favicon.ico [36m304[0m 7.168 ms - -[0m
[0mGET /users/verify_mobile [32m200[0m 30.893 ms - 2330[0m
[0mGET /css/_header.css [36m304[0m 3.289 ms - -[0m
[0mGET /css/layout.css [36m304[0m 10.451 ms - -[0m
[0mGET /js/layout.js [36m304[0m 1.973 ms - -[0m
[0mGET /images/favicon.ico [36m304[0m 3.403 ms - -[0m
[0mGET /css/verify_mobile.css [36m304[0m 74.266 ms - -[0m
[0mGET /js/verify_mobile.js [36m304[0m 6.370 ms - -[0m
[0mGET /users/upload_notes_page [36m304[0m 29.983 ms - -[0m
[0mGET /css/layout.css [36m304[0m 5.243 ms - -[0m
[0mGET /css/upload_notes.css [36m304[0m 2.101 ms - -[0m
[0mGET /css/_header.css [36m304[0m 2.306 ms - -[0m
[0mGET /js/layout.js [36m304[0m 1.795 ms - -[0m
[0mGET /images/favicon.ico [36m304[0m 3.145 ms - -[0m
[0mGET /users/profile [36m304[0m 18.918 ms - -[0m
[0mGET /css/layout.css [36m304[0m 3.329 ms - -[0m
[0mGET /css/profile.css [36m304[0m 9.789 ms - -[0m
[0mGET /css/_header.css [36m304[0m 9.369 ms - -[0m
[0mGET /js/profile.js [36m304[0m 1.831 ms - -[0m
[0mGET /js/layout.js [36m304[0m 3.354 ms - -[0m
[0mGET /images/favicon.ico [36m304[0m 2.950 ms - -[0m
[0mGET /users/profile [36m304[0m 17.710 ms - -[0m
[0mGET /css/layout.css [36m304[0m 2.813 ms - -[0m
[0mGET /css/profile.css [36m304[0m 2.974 ms - -[0m
[0mGET /css/_header.css [36m304[0m 1.875 ms - -[0m
[0mGET /js/profile.js [36m304[0m 6.136 ms - -[0m
[0mGET /js/layout.js [36m304[0m 2.676 ms - -[0m
[0mGET /images/favicon.ico [36m304[0m 2.376 ms - -[0m
[0mGET /users/upload_notes_page [36m304[0m 33.938 ms - -[0m
[0mGET /css/layout.css [36m304[0m 3.245 ms - -[0m
[0mGET /css/upload_notes.css [36m304[0m 5.380 ms - -[0m
[0mGET /css/_header.css [36m304[0m 4.772 ms - -[0m
[0mGET /js/layout.js [36m304[0m 1.530 ms - -[0m
[0mGET /images/favicon.ico [36m304[0m 9.425 ms - -[0m
[0mGET /users/profile [36m304[0m 22.911 ms - -[0m
[0mGET /css/layout.css [36m304[0m 2.725 ms - -[0m
[0mGET /css/profile.css [36m304[0m 4.554 ms - -[0m
[0mGET /css/_header.css [36m304[0m 5.036 ms - -[0m
[0mGET /js/profile.js [36m304[0m 5.915 ms - -[0m
[0mGET /js/layout.js [36m304[0m 1.374 ms - -[0m
[0mGET /images/favicon.ico [36m304[0m 1.517 ms - -[0m
[0mGET /users/upload_notes_page [36m304[0m 18.704 ms - -[0m
[0mGET /css/layout.css [36m304[0m 3.989 ms - -[0m
[0mGET /css/upload_notes.css [36m304[0m 1.916 ms - -[0m
[0mGET /css/_header.css [36m304[0m 2.148 ms - -[0m
[0mGET /js/layout.js [36m304[0m 1.718 ms - -[0m
[0mGET /images/favicon.ico [36m304[0m 3.052 ms - -[0m
[0mGET /users/profile [36m304[0m 21.492 ms - -[0m
[0mGET /css/layout.css [36m304[0m 4.308 ms - -[0m
[0mGET /css/_header.css [36m304[0m 4.635 ms - -[0m
[0mGET /css/profile.css [36m304[0m 12.723 ms - -[0m
[0mGET /js/profile.js [36m304[0m 2.249 ms - -[0m
[0mGET /js/layout.js [36m304[0m 1.503 ms - -[0m
[0mGET /images/favicon.ico [36m304[0m 1.515 ms - -[0m
[0mGET /users/profile [36m304[0m 27.560 ms - -[0m
[0mGET /css/layout.css [36m304[0m 4.088 ms - -[0m
[0mGET /css/profile.css [36m304[0m 5.175 ms - -[0m
[0mGET /css/_header.css [36m304[0m 1.999 ms - -[0m
[0mGET /js/profile.js [36m304[0m 1.638 ms - -[0m
[0mGET /js/layout.js [36m304[0m 3.675 ms - -[0m
[0mGET /images/favicon.ico [36m304[0m 2.867 ms - -[0m
[0mGET /users/upload_notes_page [36m304[0m 27.414 ms - -[0m
[0mGET /css/upload_notes.css [36m304[0m 2.459 ms - -[0m
[0mGET /css/layout.css [36m304[0m 10.407 ms - -[0m
[0mGET /css/_header.css [36m304[0m 3.735 ms - -[0m
[0mGET /js/layout.js [36m304[0m 5.312 ms - -[0m
[0mGET /images/favicon.ico [36m304[0m 5.780 ms - -[0m
[0mGET /users/profile [36m304[0m 24.202 ms - -[0m
[0mGET /css/layout.css [36m304[0m 3.985 ms - -[0m
[0mGET /css/profile.css [36m304[0m 3.305 ms - -[0m
[0mGET /css/_header.css [36m304[0m 1.985 ms - -[0m
[0mGET /js/profile.js [36m304[0m 4.018 ms - -[0m
[0mGET /js/layout.js [36m304[0m 6.495 ms - -[0m
[0mGET /images/favicon.ico [36m304[0m 3.704 ms - -[0m
[0mGET /users/upload_notes_page [36m304[0m 25.691 ms - -[0m
[0mGET /css/layout.css [36m304[0m 5.233 ms - -[0m
[0mGET /css/upload_notes.css [36m304[0m 2.449 ms - -[0m
[0mGET /css/_header.css [36m304[0m 5.831 ms - -[0m
[0mGET /js/layout.js [36m304[0m 4.509 ms - -[0m
[0mGET /images/favicon.ico [36m304[0m 7.221 ms - -[0m
[0mGET /users/verify_mobile [36m304[0m 20.274 ms - -[0m
[0mGET /css/verify_mobile.css [36m304[0m 2.674 ms - -[0m
[0mGET /css/_header.css [36m304[0m 3.393 ms - -[0m
[0mGET /css/layout.css [36m304[0m 9.308 ms - -[0m
[0mGET /js/verify_mobile.js [36m304[0m 4.377 ms - -[0m
[0mGET /js/layout.js [36m304[0m 1.534 ms - -[0m
[0mGET /images/favicon.ico [36m304[0m 2.107 ms - -[0m
[0mGET /users/profile [36m304[0m 20.782 ms - -[0m
[0mGET /css/layout.css [36m304[0m 2.707 ms - -[0m
[0mGET /css/profile.css [36m304[0m 6.667 ms - -[0m
[0mGET /css/_header.css [36m304[0m 1.892 ms - -[0m
[0mGET /js/profile.js [36m304[0m 6.907 ms - -[0m
[0mGET /js/layout.js [36m304[0m 9.227 ms - -[0m
[0mGET /images/favicon.ico [36m304[0m 2.289 ms - -[0m
[0mGET /users/show_all_notes [32m200[0m 25.098 ms - 2[0m
[0mGET /users/upload_notes_page [36m304[0m 21.250 ms - -[0m
[0mGET /css/layout.css [36m304[0m 7.044 ms - -[0m
[0mGET /css/upload_notes.css [36m304[0m 7.844 ms - -[0m
[0mGET /css/_header.css [36m304[0m 5.494 ms - -[0m
[0mGET /js/layout.js [36m304[0m 3.104 ms - -[0m
[0mGET /images/favicon.ico [36m304[0m 1.660 ms - -[0m
[0mPOST /users/upload_notes [36m302[0m 26.911 ms - 58[0m
[0mGET /users/profile [32m200[0m 27.994 ms - 2340[0m
[0mGET /css/layout.css [36m304[0m 3.240 ms - -[0m
[0mGET /css/profile.css [36m304[0m 3.381 ms - -[0m
[0mGET /css/_header.css [36m304[0m 2.342 ms - -[0m
[0mGET /js/profile.js [36m304[0m 6.883 ms - -[0m
[0mGET /js/layout.js [36m304[0m 2.741 ms - -[0m
[0mGET /images/favicon.ico [36m304[0m 3.436 ms - -[0m
[0mGET /users/verify_mobile [36m304[0m 26.606 ms - -[0m
[0mGET /css/layout.css [36m304[0m 4.481 ms - -[0m
[0mGET /css/verify_mobile.css [36m304[0m 5.799 ms - -[0m
[0mGET /css/_header.css [36m304[0m 1.972 ms - -[0m
[0mGET /js/verify_mobile.js [36m304[0m 1.877 ms - -[0m
[0mGET /js/layout.js [36m304[0m 1.674 ms - -[0m
[0mGET /images/favicon.ico [36m304[0m 1.436 ms - -[0m
[0mGET /users/upload_notes_page [36m304[0m 16.025 ms - -[0m
[0mGET /css/layout.css [36m304[0m 4.250 ms - -[0m
[0mGET /css/upload_notes.css [36m304[0m 2.293 ms - -[0m
[0mGET /css/_header.css [36m304[0m 1.908 ms - -[0m
[0mGET /js/layout.js [36m304[0m 1.897 ms - -[0m
[0mGET /images/favicon.ico [36m304[0m 3.250 ms - -[0m
[0mGET /users/profile [32m200[0m 16.948 ms - 2119[0m
[0mGET /css/layout.css [36m304[0m 2.802 ms - -[0m
[0mGET /css/profile.css [36m304[0m 3.015 ms - -[0m
[0mGET /css/_header.css [36m304[0m 6.651 ms - -[0m
[0mGET /js/profile.js [36m304[0m 2.477 ms - -[0m
[0mGET /js/layout.js [36m304[0m 1.767 ms - -[0m
[0mGET /images/favicon.ico [36m304[0m 1.512 ms - -[0m
[0mGET /users/signin [32m200[0m 24.286 ms - 2634[0m
[0mGET /css/signin.css [36m304[0m 8.058 ms - -[0m
[0mGET /css/layout.css [36m304[0m 13.709 ms - -[0m
[0mGET /css/_header.css [36m304[0m 14.417 ms - -[0m
[0mGET /js/layout.js [36m304[0m 1.984 ms - -[0m
[0mGET /images/favicon.ico [36m304[0m 1.900 ms - -[0m
[0mGET /images/google.png [36m304[0m 4.003 ms - -[0m
[0mGET /users/signup [36m304[0m 18.530 ms - -[0m
[0mGET /css/layout.css [36m304[0m 5.066 ms - -[0m
[0mGET /css/signin.css [36m304[0m 2.257 ms - -[0m
[0mGET /css/_header.css [36m304[0m 3.574 ms - -[0m
[0mGET /js/layout.js [36m304[0m 1.784 ms - -[0m
[0mGET /images/favicon.ico [36m304[0m 24.987 ms - -[0m
[0mGET /images/google.png [36m304[0m 1.406 ms - -[0m
[0mGET /users/signin [36m304[0m 20.226 ms - -[0m
[0mGET /css/layout.css [36m304[0m 2.715 ms - -[0m
[0mGET /css/signin.css [36m304[0m 6.015 ms - -[0m
[0mGET /css/_header.css [36m304[0m 5.277 ms - -[0m
[0mGET /js/layout.js [36m304[0m 1.395 ms - -[0m
[0mGET /images/favicon.ico [36m304[0m 5.684 ms - -[0m
[0mGET /images/google.png [36m304[0m 2.590 ms - -[0m
[0mGET /users/verify_mobile [36m304[0m 29.118 ms - -[0m
[0mGET /css/layout.css [36m304[0m 4.991 ms - -[0m
[0mGET /css/verify_mobile.css [36m304[0m 2.675 ms - -[0m
[0mGET /css/_header.css [36m304[0m 2.312 ms - -[0m
[0mGET /js/verify_mobile.js [36m304[0m 3.143 ms - -[0m
[0mGET /js/layout.js [36m304[0m 2.593 ms - -[0m
[0mGET /images/favicon.ico [36m304[0m 2.714 ms - -[0m
[0mGET /users/profile [36m304[0m 23.461 ms - -[0m
[0mGET /css/layout.css [36m304[0m 2.648 ms - -[0m
[0mGET /css/_header.css [36m304[0m 3.262 ms - -[0m
[0mGET /css/profile.css [36m304[0m 6.667 ms - -[0m
[0mGET /js/profile.js [36m304[0m 2.114 ms - -[0m
[0mGET /js/layout.js [36m304[0m 1.291 ms - -[0m
[0mGET /images/favicon.ico [36m304[0m 1.338 ms - -[0m
[0mGET /users/upload_notes_page [36m304[0m 20.525 ms - -[0m
[0mGET /css/layout.css [36m304[0m 6.255 ms - -[0m
[0mGET /css/upload_notes.css [36m304[0m 3.416 ms - -[0m
[0mGET /css/_header.css [36m304[0m 10.387 ms - -[0m
[0mGET /js/layout.js [36m304[0m 1.910 ms - -[0m
[0mGET /images/favicon.ico [36m304[0m 3.245 ms - -[0m
[0mGET /users/verify_mobile [36m304[0m 23.625 ms - -[0m
[0mGET /css/layout.css [36m304[0m 7.215 ms - -[0m
[0mGET /css/verify_mobile.css [36m304[0m 4.997 ms - -[0m
[0mGET /css/_header.css [36m304[0m 3.809 ms - -[0m
[0mGET /js/verify_mobile.js [36m304[0m 1.325 ms - -[0m
[0mGET /js/layout.js [36m304[0m 1.462 ms - -[0m
[0mGET /images/favicon.ico [36m304[0m 1.351 ms - -[0m
[0mGET /users/upload_notes_page [36m304[0m 18.071 ms - -[0m
[0mGET /css/layout.css [36m304[0m 2.839 ms - -[0m
[0mGET /css/upload_notes.css [36m304[0m 3.594 ms - -[0m
[0mGET /css/_header.css [36m304[0m 5.307 ms - -[0m
[0mGET /js/layout.js [36m304[0m 2.116 ms - -[0m
[0mGET /images/favicon.ico [36m304[0m 5.267 ms - -[0m
[0mGET /users/profile [36m304[0m 16.026 ms - -[0m
[0mGET /css/layout.css [36m304[0m 2.858 ms - -[0m
[0mGET /css/profile.css [36m304[0m 8.994 ms - -[0m
[0mGET /css/_header.css [36m304[0m 4.834 ms - -[0m
[0mGET /js/profile.js [36m304[0m 1.540 ms - -[0m
[0mGET /js/layout.js [36m304[0m 1.521 ms - -[0m
[0mGET /images/favicon.ico [36m304[0m 2.891 ms - -[0m
[0mGET /users/upload_notes_page [36m304[0m 16.335 ms - -[0m
[0mGET /css/layout.css [36m304[0m 5.931 ms - -[0m
[0mGET /css/upload_notes.css [36m304[0m 2.345 ms - -[0m
[0mGET /css/_header.css [36m304[0m 6.569 ms - -[0m
[0mGET /js/layout.js [36m304[0m 1.668 ms - -[0m
[0mGET /images/favicon.ico [36m304[0m 1.976 ms - -[0m
[0mGET /users/upload_notes_page [36m304[0m 22.332 ms - -[0m
[0mGET /css/layout.css [36m304[0m 2.531 ms - -[0m
[0mGET /css/upload_notes.css [36m304[0m 1.819 ms - -[0m
[0mGET /css/_header.css [36m304[0m 8.890 ms - -[0m
[0mGET /js/layout.js [36m304[0m 2.027 ms - -[0m
[0mGET /images/favicon.ico [36m304[0m 7.767 ms - -[0m
[0mGET /users/profile [36m304[0m 22.587 ms - -[0m
[0mGET /css/layout.css [36m304[0m 4.775 ms - -[0m
[0mGET /css/profile.css [36m304[0m 11.967 ms - -[0m
[0mGET /css/_header.css [36m304[0m 3.843 ms - -[0m
[0mGET /js/profile.js [36m304[0m 1.714 ms - -[0m
[0mGET /js/layout.js [36m304[0m 3.105 ms - -[0m
[0mGET /images/favicon.ico [36m304[0m 2.092 ms - -[0m
[0mGET /users/upload_notes_page [36m304[0m 18.365 ms - -[0m
[0mGET /css/layout.css [36m304[0m 2.514 ms - -[0m
[0mGET /css/upload_notes.css [36m304[0m 2.647 ms - -[0m
[0mGET /css/_header.css [36m304[0m 3.063 ms - -[0m
[0mGET /js/layout.js [36m304[0m 1.895 ms - -[0m
[0mGET /images/favicon.ico [36m304[0m 1.345 ms - -[0m
[0mGET /users/profile [36m304[0m 13.024 ms - -[0m
[0mGET /css/layout.css [36m304[0m 3.137 ms - -[0m
[0mGET /css/profile.css [36m304[0m 3.529 ms - -[0m
[0mGET /css/_header.css [36m304[0m 7.768 ms - -[0m
[0mGET /js/profile.js [36m304[0m 3.199 ms - -[0m
[0mGET /js/layout.js [36m304[0m 3.131 ms - -[0m
[0mGET /images/favicon.ico [36m304[0m 1.735 ms - -[0m
[0mGET /users/upload_notes_page [36m304[0m 26.338 ms - -[0m
[0mGET /css/layout.css [36m304[0m 1.978 ms - -[0m
[0mGET /css/_header.css [36m304[0m 4.743 ms - -[0m
[0mGET /css/upload_notes.css [36m304[0m 7.550 ms - -[0m
[0mGET /js/layout.js [36m304[0m 7.372 ms - -[0m
[0mGET /images/favicon.ico [36m304[0m 1.446 ms - -[0m
[0mGET /users/profile [36m304[0m 18.766 ms - -[0m
[0mGET /css/layout.css [36m304[0m 6.501 ms - -[0m
[0mGET /css/profile.css [36m304[0m 10.779 ms - -[0m
[0mGET /css/_header.css [36m304[0m 1.890 ms - -[0m
[0mGET /js/profile.js [36m304[0m 10.673 ms - -[0m
[0mGET /js/layout.js [36m304[0m 1.319 ms - -[0m
[0mGET /images/favicon.ico [36m304[0m 2.827 ms - -[0m
[0mGET /users/upload_notes_page [36m304[0m 19.977 ms - -[0m
[0mGET /css/layout.css [36m304[0m 2.419 ms - -[0m
[0mGET /css/upload_notes.css [36m304[0m 2.010 ms - -[0m
[0mGET /css/_header.css [36m304[0m 1.837 ms - -[0m
[0mGET /js/layout.js [36m304[0m 3.126 ms - -[0m
[0mGET /images/favicon.ico [36m304[0m 2.982 ms - -[0m
[0mGET /users/verify_mobile [36m304[0m 20.648 ms - -[0m
[0mGET /css/layout.css [36m304[0m 2.534 ms - -[0m
[0mGET /css/verify_mobile.css [36m304[0m 1.971 ms - -[0m
[0mGET /css/_header.css [36m304[0m 1.935 ms - -[0m
[0mGET /js/verify_mobile.js [36m304[0m 5.219 ms - -[0m
[0mGET /js/layout.js [36m304[0m 1.744 ms - -[0m
[0mGET /images/favicon.ico [36m304[0m 1.236 ms - -[0m
[0mGET /users/upload_notes_page [36m304[0m 24.588 ms - -[0m
[0mGET /css/layout.css [36m304[0m 2.941 ms - -[0m
[0mGET /css/upload_notes.css [36m304[0m 2.025 ms - -[0m
[0mGET /css/_header.css [36m304[0m 2.429 ms - -[0m
[0mGET /js/layout.js [36m304[0m 2.654 ms - -[0m
[0mGET /images/favicon.ico [36m304[0m 2.744 ms - -[0m
[0mGET /users/profile [36m304[0m 22.963 ms - -[0m
[0mGET /css/layout.css [36m304[0m 5.880 ms - -[0m
[0mGET /css/profile.css [36m304[0m 12.348 ms - -[0m
[0mGET /css/_header.css [36m304[0m 1.830 ms - -[0m
[0mGET /js/profile.js [36m304[0m 12.297 ms - -[0m
[0mGET /js/layout.js [36m304[0m 1.982 ms - -[0m
[0mGET /images/favicon.ico [36m304[0m 2.459 ms - -[0m
[0mGET /users/upload_notes_page [36m304[0m 19.024 ms - -[0m
[0mGET /css/upload_notes.css [36m304[0m 3.954 ms - -[0m
[0mGET /css/layout.css [36m304[0m 13.983 ms - -[0m
[0mGET /css/_header.css [36m304[0m 4.943 ms - -[0m
[0mGET /js/layout.js [36m304[0m 1.711 ms - -[0m
[0mGET /images/favicon.ico [36m304[0m 1.452 ms - -[0m
[0mGET /users/verify_mobile [36m304[0m 28.718 ms - -[0m
[0mGET /css/verify_mobile.css [36m304[0m 3.124 ms - -[0m
[0mGET /css/_header.css [36m304[0m 3.888 ms - -[0m
[0mGET /css/layout.css [36m304[0m 9.114 ms - -[0m
[0mGET /js/verify_mobile.js [36m304[0m 1.978 ms - -[0m
[0mGET /js/layout.js [36m304[0m 1.538 ms - -[0m
[0mGET /images/favicon.ico [36m304[0m 7.022 ms - -[0m
[0mGET /users/upload_notes_page [36m304[0m 20.337 ms - -[0m
[0mGET /css/layout.css [36m304[0m 5.674 ms - -[0m
[0mGET /css/upload_notes.css [36m304[0m 2.292 ms - -[0m
[0mGET /css/_header.css [36m304[0m 4.173 ms - -[0m
[0mGET /js/layout.js [36m304[0m 2.669 ms - -[0m
[0mGET /images/favicon.ico [36m304[0m 10.511 ms - -[0m
[0mGET /users/profile [36m304[0m 17.954 ms - -[0m
[0mGET /css/layout.css [36m304[0m 2.877 ms - -[0m
[0mGET /css/profile.css [36m304[0m 5.490 ms - -[0m
[0mGET /css/_header.css [36m304[0m 4.770 ms - -[0m
[0mGET /js/profile.js [36m304[0m 5.349 ms - -[0m
[0mGET /js/layout.js [36m304[0m 3.321 ms - -[0m
[0mGET /images/favicon.ico [36m304[0m 2.288 ms - -[0m
[0mGET /users/show_all_notes [32m200[0m 23.098 ms - 295[0m
[0mGET /users/upload_notes_page [36m304[0m 17.729 ms - -[0m
[0mGET /css/layout.css [36m304[0m 18.038 ms - -[0m
[0mGET /css/upload_notes.css [36m304[0m 7.258 ms - -[0m
[0mGET /css/_header.css [36m304[0m 8.337 ms - -[0m
[0mGET /js/layout.js [36m304[0m 2.577 ms - -[0m
[0mGET /images/favicon.ico [36m304[0m 1.533 ms - -[0m
[0mGET /users/profile [36m304[0m 15.611 ms - -[0m
[0mGET /css/layout.css [36m304[0m 4.303 ms - -[0m
[0mGET /css/profile.css [36m304[0m 4.787 ms - -[0m
[0mGET /css/_header.css [36m304[0m 7.234 ms - -[0m
[0mGET /js/profile.js [36m304[0m 13.612 ms - -[0m
[0mGET /js/layout.js [36m304[0m 1.451 ms - -[0m
[0mGET /images/favicon.ico [36m304[0m 1.529 ms - -[0m
[0mGET /users/verify_mobile [36m304[0m 20.021 ms - -[0m
[0mGET /css/layout.css [36m304[0m 3.985 ms - -[0m
[0mGET /css/verify_mobile.css [36m304[0m 4.044 ms - -[0m
[0mGET /css/_header.css [36m304[0m 6.258 ms - -[0m
[0mGET /js/verify_mobile.js [36m304[0m 2.488 ms - -[0m
[0mGET /js/layout.js [36m304[0m 2.027 ms - -[0m
[0mGET /images/favicon.ico [36m304[0m 1.188 ms - -[0m
[0mGET /users/verify_mobile [36m304[0m 17.893 ms - -[0m
[0mGET /css/verify_mobile.css [36m304[0m 2.421 ms - -[0m
[0mGET /css/layout.css [36m304[0m 5.966 ms - -[0m
[0mGET /css/_header.css [36m304[0m 1.831 ms - -[0m
[0mGET /js/verify_mobile.js [36m304[0m 3.635 ms - -[0m
[0mGET /js/layout.js [36m304[0m 2.144 ms - -[0m
[0mGET /images/favicon.ico [36m304[0m 1.814 ms - -[0m
[0mGET /users/upload_notes_page [36m304[0m 20.258 ms - -[0m
[0mGET /css/layout.css [36m304[0m 2.462 ms - -[0m
[0mGET /css/upload_notes.css [36m304[0m 1.868 ms - -[0m
[0mGET /css/_header.css [36m304[0m 12.630 ms - -[0m
[0mGET /js/layout.js [36m304[0m 7.487 ms - -[0m
[0mGET /images/favicon.ico [36m304[0m 9.194 ms - -[0m
[0mGET /users/profile [36m304[0m 19.534 ms - -[0m
[0mGET /css/layout.css [36m304[0m 9.930 ms - -[0m
[0mGET /css/profile.css [36m304[0m 3.116 ms - -[0m
[0mGET /css/_header.css [36m304[0m 4.962 ms - -[0m
[0mGET /js/profile.js [36m304[0m 7.312 ms - -[0m
[0mGET /js/layout.js [36m304[0m 14.522 ms - -[0m
[0mGET /images/favicon.ico [36m304[0m 3.416 ms - -[0m
[0mGET /users/upload_notes_page [36m304[0m 21.200 ms - -[0m
[0mGET /css/layout.css [36m304[0m 2.674 ms - -[0m
[0mGET /css/upload_notes.css [36m304[0m 1.848 ms - -[0m
[0mGET /css/_header.css [36m304[0m 2.305 ms - -[0m
[0mGET /js/layout.js [36m304[0m 2.712 ms - -[0m
[0mGET /images/favicon.ico [36m304[0m 4.403 ms - -[0m
[0mGET /users/signup [36m304[0m 303.959 ms - -[0m
[0mGET /css/layout.css [32m200[0m 292.065 ms - -[0m
[0mGET /css/signin.css [36m304[0m 6.820 ms - -[0m
[0mGET /css/_header.css [36m304[0m 7.881 ms - -[0m
[0mGET /js/layout.js [36m304[0m 1.183 ms - -[0m
[0mGET /images/favicon.ico [36m304[0m 1.875 ms - -[0m
[0mGET /images/google.png [36m304[0m 2.488 ms - -[0m
[0mGET / [32m200[0m 70.373 ms - 1819[0m
[0mGET /css/home.css [32m200[0m 41.472 ms - 23[0m
[0mGET /css/_header.css [36m304[0m 17.319 ms - -[0m
[0mGET /css/layout.css [32m200[0m 29.756 ms - -[0m
[0mGET /js/layout.js [36m304[0m 2.321 ms - -[0m
[0mGET /images/favicon.ico [36m304[0m 2.634 ms - -[0m
[0mGET /users/signin [36m304[0m 61.072 ms - -[0m
[0mGET /css/signin.css [36m304[0m 6.020 ms - -[0m
[0mGET /css/layout.css [36m304[0m 17.430 ms - -[0m
[0mGET /css/_header.css [36m304[0m 12.428 ms - -[0m
[0mGET /js/layout.js [36m304[0m 3.467 ms - -[0m
[0mGET /images/favicon.ico [36m304[0m 2.590 ms - -[0m
[0mGET /images/google.png [36m304[0m 9.494 ms - -[0m
[0mGET / [36m304[0m 27.468 ms - -[0m
[0mGET /css/layout.css [36m304[0m 19.561 ms - -[0m
[0mGET /css/home.css [36m304[0m 8.296 ms - -[0m
[0mGET /css/_header.css [36m304[0m 5.523 ms - -[0m
[0mGET /js/layout.js [36m304[0m 7.896 ms - -[0m
[0mGET /images/favicon.ico [36m304[0m 6.041 ms - -[0m
[0mGET /images/favicon.ico [36m304[0m 1.280 ms - -[0m
[0mGET /css/home.css [36m304[0m 4.610 ms - -[0m
[0mGET /css/_header.css [36m304[0m 7.362 ms - -[0m
[0mGET /css/layout.css [36m304[0m 14.814 ms - -[0m
[0mGET /users/signup [36m304[0m 43.164 ms - -[0m
[0mGET /css/signin.css [36m304[0m 7.178 ms - -[0m
[0mGET /css/layout.css [36m304[0m 14.425 ms - -[0m
[0mGET /css/_header.css [36m304[0m 4.798 ms - -[0m
[0mGET /js/layout.js [36m304[0m 3.499 ms - -[0m
[0mGET /images/favicon.ico [36m304[0m 1.816 ms - -[0m
[0mGET /images/google.png [36m304[0m 2.553 ms - -[0m
[0mGET /users/signin [36m304[0m 32.053 ms - -[0m
[0mGET /css/layout.css [36m304[0m 3.100 ms - -[0m
[0mGET /css/signin.css [36m304[0m 9.041 ms - -[0m
[0mGET /css/_header.css [36m304[0m 8.620 ms - -[0m
[0mGET /js/layout.js [36m304[0m 7.146 ms - -[0m
[0mGET /images/favicon.ico [36m304[0m 8.426 ms - -[0m
[0mGET /images/google.png [36m304[0m 8.695 ms - -[0m
[0mGET /users/profile [36m304[0m 28.340 ms - -[0m
[0mGET /css/layout.css [36m304[0m 8.161 ms - -[0m
[0mGET /css/_header.css [36m304[0m 7.574 ms - -[0m
[0mGET /css/profile.css [32m200[0m 114.112 ms - -[0m
[0mGET /js/profile.js [36m304[0m 6.461 ms - -[0m
[0mGET /js/layout.js [36m304[0m 6.462 ms - -[0m
[0mGET /images/favicon.ico [36m304[0m 6.463 ms - -[0m
[0mGET /users/signin [36m304[0m 31.055 ms - -[0m
[0mGET /css/signin.css [36m304[0m 2.122 ms - -[0m
[0mGET /css/layout.css [36m304[0m 8.411 ms - -[0m
[0mGET /css/_header.css [36m304[0m 1.973 ms - -[0m
[0mGET /js/layout.js [36m304[0m 1.582 ms - -[0m
[0mGET /images/favicon.ico [36m304[0m 1.630 ms - -[0m
[0mGET /images/google.png [36m304[0m 1.509 ms - -[0m
[0mGET /images/favicon.ico [32m200[0m 29.070 ms - 15406[0m
[0mGET /users/profile [36m304[0m 41.129 ms - -[0m
[0mGET /css/_header.css [36m304[0m 5.215 ms - -[0m
[0mGET /css/layout.css [36m304[0m 10.600 ms - -[0m
[0mGET /css/profile.css [32m200[0m 12.586 ms - 30[0m
[0mGET /js/profile.js [36m304[0m 2.414 ms - -[0m
[0mGET /js/layout.js [36m304[0m 2.354 ms - -[0m
[0mGET /images/favicon.ico [36m304[0m 2.853 ms - -[0m
[0mGET /users/signin [36m304[0m 29.490 ms - -[0m
[0mGET /css/signin.css [36m304[0m 2.637 ms - -[0m
[0mGET /css/layout.css [36m304[0m 14.136 ms - -[0m
[0mGET /css/_header.css [36m304[0m 5.071 ms - -[0m
[0mGET /js/layout.js [36m304[0m 6.286 ms - -[0m
[0mGET /images/favicon.ico [36m304[0m 5.143 ms - -[0m
[0mGET /images/google.png [36m304[0m 3.969 ms - -[0m
[0mGET /images/favicon.ico [36m304[0m 1.749 ms - -[0m
[0mGET /users/profile [36m304[0m 29.526 ms - -[0m
[0mGET /css/_header.css [36m304[0m 2.035 ms - -[0m
[0mGET /css/layout.css [36m304[0m 10.679 ms - -[0m
[0mGET /css/profile.css [36m304[0m 9.195 ms - -[0m
[0mGET /js/profile.js [36m304[0m 1.573 ms - -[0m
[0mGET /js/layout.js [36m304[0m 2.296 ms - -[0m
[0mGET /images/favicon.ico [36m304[0m 1.239 ms - -[0m
[0mGET /users/signin [36m304[0m 30.643 ms - -[0m
[0mGET /css/signin.css [36m304[0m 3.682 ms - -[0m
[0mGET /css/_header.css [36m304[0m 3.894 ms - -[0m
[0mGET /css/layout.css [36m304[0m 12.142 ms - -[0m
[0mGET /images/google.png [36m304[0m 1.413 ms - -[0m
[0mGET /js/layout.js [36m304[0m 12.923 ms - -[0m
[0mGET /images/favicon.ico [36m304[0m 121.908 ms - -[0m
[0mGET /images/favicon.ico [36m304[0m 1.403 ms - -[0m
[0mGET /users/signin [32m200[0m 28.233 ms - 2634[0m
[0mGET /css/layout.css [36m304[0m 19.434 ms - -[0m
[0mGET /css/signin.css [36m304[0m 2.330 ms - -[0m
[0mGET /css/_header.css [36m304[0m 1.860 ms - -[0m
[0mGET /js/layout.js [36m304[0m 4.561 ms - -[0m
[0mGET /images/favicon.ico [36m304[0m 3.193 ms - -[0m
[0mGET /images/google.png [36m304[0m 3.461 ms - -[0m
[0mGET /images/favicon.ico [36m304[0m 3.042 ms - -[0m
[0mGET / [32m200[0m 25.227 ms - 1819[0m
[0mGET /css/layout.css [36m304[0m 2.874 ms - -[0m
[0mGET /css/home.css [36m304[0m 3.303 ms - -[0m
[0mGET /css/_header.css [36m304[0m 3.800 ms - -[0m
[0mGET /js/layout.js [36m304[0m 4.105 ms - -[0m
[0mGET /images/favicon.ico [36m304[0m 1.400 ms - -[0m
[0mGET /users/profile [32m200[0m 37.682 ms - 2119[0m
[0mGET /css/layout.css [36m304[0m 15.915 ms - -[0m
[0mGET /css/_header.css [36m304[0m 3.620 ms - -[0m
[0mGET /css/profile.css [36m304[0m 7.696 ms - -[0m
[0mGET /js/profile.js [36m304[0m 1.525 ms - -[0m
[0mGET /js/layout.js [36m304[0m 1.745 ms - -[0m
[0mGET /images/favicon.ico [36m304[0m 6.634 ms - -[0m
[0mGET /users/upload_notes_page [32m200[0m 55.039 ms - 2735[0m
[0mGET /css/layout.css [36m304[0m 6.095 ms - -[0m
[0mGET /css/upload_notes.css [36m304[0m 8.842 ms - -[0m
[0mGET /css/_header.css [36m304[0m 5.726 ms - -[0m
[0mGET /js/layout.js [36m304[0m 5.743 ms - -[0m
[0mGET /images/favicon.ico [36m304[0m 5.197 ms - -[0m
[0mGET /users/logout [36m302[0m 38.861 ms - 70[0m
[0mGET /users/signin [36m304[0m 40.744 ms - -[0m
[0mGET /css/layout.css [36m304[0m 3.372 ms - -[0m
[0mGET /css/signin.css [36m304[0m 4.861 ms - -[0m
[0mGET /css/_header.css [36m304[0m 5.933 ms - -[0m
[0mGET /images/favicon.ico [36m304[0m 10.746 ms - -[0m
[0mGET /images/google.png [36m304[0m 5.279 ms - -[0m
[0mGET /js/layout.js [36m304[0m 16.684 ms - -[0m
[0mGET / [36m304[0m 13.147 ms - -[0m
[0mGET /css/home.css [36m304[0m 3.343 ms - -[0m
[0mGET /css/_header.css [36m304[0m 3.918 ms - -[0m
[0mGET /css/layout.css [36m304[0m 13.303 ms - -[0m
[0mGET /js/layout.js [36m304[0m 2.168 ms - -[0m
[0mGET /images/favicon.ico [36m304[0m 5.384 ms - -[0m
[0mGET /users/profile [32m200[0m 18.017 ms - 2634[0m
[0mGET /css/layout.css [36m304[0m 3.078 ms - -[0m
[0mGET /css/signin.css [36m304[0m 3.083 ms - -[0m
[0mGET /css/_header.css [36m304[0m 3.929 ms - -[0m
[0mGET /js/layout.js [36m304[0m 3.371 ms - -[0m
[0mGET /images/favicon.ico [36m304[0m 9.659 ms - -[0m
[0mGET /images/google.png [36m304[0m 8.372 ms - -[0m
[0mGET /users/upload_notes_page [32m200[0m 13.506 ms - 2634[0m
[0mGET /css/layout.css [36m304[0m 3.048 ms - -[0m
[0mGET /css/signin.css [36m304[0m 4.782 ms - -[0m
[0mGET /css/_header.css [36m304[0m 6.664 ms - -[0m
[0mGET /js/layout.js [36m304[0m 4.195 ms - -[0m
[0mGET /images/favicon.ico [36m304[0m 4.207 ms - -[0m
[0mGET /images/google.png [36m304[0m 3.579 ms - -[0m
[0mGET /users/verify_mobile [32m200[0m 22.464 ms - 2634[0m
[0mGET /css/signin.css [36m304[0m 3.608 ms - -[0m
[0mGET /css/layout.css [36m304[0m 9.810 ms - -[0m
[0mGET /css/_header.css [36m304[0m 9.548 ms - -[0m
[0mGET /js/layout.js [36m304[0m 1.658 ms - -[0m
[0mGET /images/favicon.ico [36m304[0m 1.200 ms - -[0m
[0mGET /images/google.png [36m304[0m 1.174 ms - -[0m
[0mGET / [36m304[0m 18.035 ms - -[0m
[0mGET /css/home.css [36m304[0m 3.589 ms - -[0m
[0mGET /css/layout.css [36m304[0m 8.803 ms - -[0m
[0mGET /css/_header.css [36m304[0m 8.247 ms - -[0m
[0mGET /js/layout.js [36m304[0m 1.193 ms - -[0m
[0mGET /images/favicon.ico [36m304[0m 4.555 ms - -[0m
[0mGET /users/signin [36m304[0m 16.976 ms - -[0m
[0mGET /css/layout.css [36m304[0m 2.456 ms - -[0m
[0mGET /css/signin.css [36m304[0m 2.035 ms - -[0m
[0mGET /css/_header.css [36m304[0m 1.854 ms - -[0m
[0mGET /js/layout.js [36m304[0m 2.143 ms - -[0m
[0mGET /images/favicon.ico [36m304[0m 2.172 ms - -[0m
[0mGET /images/google.png [36m304[0m 1.658 ms - -[0m
[0mGET / [36m304[0m 12.884 ms - -[0m
[0mGET /css/layout.css [36m304[0m 2.375 ms - -[0m
[0mGET /css/home.css [36m304[0m 2.320 ms - -[0m
[0mGET /css/_header.css [36m304[0m 4.585 ms - -[0m
[0mGET /js/layout.js [36m304[0m 2.932 ms - -[0m
[0mGET /images/favicon.ico [36m304[0m 3.367 ms - -[0m
[0mGET / [32m200[0m 20.805 ms - 2188[0m
[0mGET /css/layout.css [36m304[0m 7.396 ms - -[0m
[0mGET /css/home.css [32m200[0m 8.514 ms - 1130[0m
[0mGET /css/_header.css [36m304[0m 12.159 ms - -[0m
[0mGET /js/layout.js [36m304[0m 1.475 ms - -[0m
[0mGET /images/favicon.ico [36m304[0m 1.406 ms - -[0m
[0mGET / [32m200[0m 24.240 ms - 2258[0m
[0mGET /css/_header.css [36m304[0m 2.916 ms - -[0m
[0mGET /css/layout.css [36m304[0m 8.040 ms - -[0m
[0mGET /css/home.css [32m200[0m 7.551 ms - 1368[0m
[0mGET /js/layout.js [36m304[0m 4.290 ms - -[0m
[0mGET /images/favicon.ico [36m304[0m 2.159 ms - -[0m
[0mGET /users/signin [36m304[0m 8.825 ms - -[0m
[0mGET /css/layout.css [36m304[0m 5.897 ms - -[0m
[0mGET /css/signin.css [36m304[0m 2.136 ms - -[0m
[0mGET /css/_header.css [36m304[0m 4.832 ms - -[0m
[0mGET /js/layout.js [36m304[0m 7.049 ms - -[0m
[0mGET /images/favicon.ico [36m304[0m 4.295 ms - -[0m
[0mGET /images/google.png [36m304[0m 3.095 ms - -[0m
[0mGET / [36m304[0m 17.916 ms - -[0m
[0mGET /css/home.css [36m304[0m 3.525 ms - -[0m
[0mGET /css/layout.css [36m304[0m 7.312 ms - -[0m
[0mGET /css/_header.css [36m304[0m 4.859 ms - -[0m
[0mGET /js/layout.js [36m304[0m 2.730 ms - -[0m
[0mGET /images/favicon.ico [36m304[0m 3.058 ms - -[0m
[0mGET /users/signin [36m304[0m 11.253 ms - -[0m
[0mGET /css/layout.css [36m304[0m 3.001 ms - -[0m
[0mGET /css/signin.css [36m304[0m 3.704 ms - -[0m
[0mGET /css/_header.css [36m304[0m 2.516 ms - -[0m
[0mGET /js/layout.js [36m304[0m 1.815 ms - -[0m
[0mGET /images/favicon.ico [36m304[0m 2.858 ms - -[0m
[0mGET /images/google.png [36m304[0m 2.659 ms - -[0m
[0mGET / [36m304[0m 15.486 ms - -[0m
[0mGET /css/home.css [36m304[0m 3.380 ms - -[0m
[0mGET /css/_header.css [36m304[0m 3.584 ms - -[0m
[0mGET /css/layout.css [36m304[0m 8.736 ms - -[0m
[0mGET /js/layout.js [36m304[0m 2.064 ms - -[0m
[0mGET /images/favicon.ico [36m304[0m 2.332 ms - -[0m
[0mGET /images/favicon.ico [36m304[0m 1.316 ms - -[0m
[0mGET / [32m200[0m 13.272 ms - 2329[0m
[0mGET /css/home.css [36m304[0m 2.027 ms - -[0m
[0mGET /css/layout.css [36m304[0m 4.919 ms - -[0m
[0mGET /css/_header.css [36m304[0m 3.070 ms - -[0m
[0mGET /js/layout.js [36m304[0m 6.845 ms - -[0m
[0mGET /images/favicon.ico [36m304[0m 4.299 ms - -[0m
[0mGET /assets/images/asset%202.png [33m404[0m 15.708 ms - 166[0m
[0mGET / [32m200[0m 16.716 ms - 2322[0m
[0mGET /css/layout.css [36m304[0m 2.185 ms - -[0m
[0mGET /css/home.css [36m304[0m 1.714 ms - -[0m
[0mGET /css/_header.css [36m304[0m 1.821 ms - -[0m
[0mGET /js/layout.js [36m304[0m 2.714 ms - -[0m
[0mGET /images/favicon.ico [36m304[0m 2.222 ms - -[0m
[0mGET /images/asset%202.png [32m200[0m 6.528 ms - 310119[0m
[0mGET / [32m200[0m 10.564 ms - 2298[0m
[0mGET /css/layout.css [36m304[0m 2.142 ms - -[0m
[0mGET /css/home.css [36m304[0m 7.336 ms - -[0m
[0mGET /css/_header.css [36m304[0m 1.919 ms - -[0m
[0mGET /js/layout.js [36m304[0m 2.994 ms - -[0m
[0mGET /images/favicon.ico [36m304[0m 11.070 ms - -[0m
[0mGET /images/asset%202.png [36m304[0m 2.576 ms - -[0m
[0mGET /images/favicon.ico [36m304[0m 0.977 ms - -[0m
