[0mGET /users/show_single_notes/SD4.pdf_1674836127973 [36m304[0m 118.826 ms - -[0m
[0mGET /css/_header.css [36m304[0m 5.220 ms - -[0m
[0mGET /css/layout.css [32m200[0m 29.935 ms - -[0m
[0mGET /css/notes.css [36m304[0m 2.046 ms - -[0m
[0mGET /js/layout.js [36m304[0m 8.981 ms - -[0m
[0mGET /images/favicon.ico [36m304[0m 12.890 ms - -[0m
[0mGET /js/notes.js [36m304[0m 2.170 ms - -[0m
[0mGET /uploads/notes/SD4.pdf_1674836127973 [33m404[0m 35.918 ms - 174[0m
[0mGET /images/favicon.ico [36m304[0m 1.989 ms - -[0m
[0mGET /users/get_number_of_likes/SD4.pdf_1674836127973 [36m304[0m 119.910 ms - -[0m
[0mGET /users/get_all_comments/SD4.pdf_1674836127973 [36m304[0m 318.266 ms - -[0m
[0mGET /users/profile [36m304[0m 33.554 ms - -[0m
[0mGET /css/layout.css [32m200[0m 9.522 ms - -[0m
[0mGET /css/_header.css [36m304[0m 7.021 ms - -[0m
[0mGET /css/profile.css [32m200[0m 33.961 ms - -[0m
[0mGET /js/profile.js [32m200[0m 4.388 ms - 1675[0m
[0mGET /js/layout.js [36m304[0m 1.774 ms - -[0m
[0mGET /images/favicon.ico [36m304[0m 3.334 ms - -[0m
[0mGET /images/favicon.ico [36m304[0m 4.558 ms - -[0m
[0mGET /users/show_all_notes [36m304[0m 54.987 ms - -[0m
[0mGET /users/profile [36m304[0m 93.816 ms - -[0m
[0mGET /css/_header.css [36m304[0m 9.652 ms - -[0m
[0mGET /css/layout.css [32m200[0m 44.051 ms - -[0m
[0mGET /css/profile.css [32m200[0m 56.868 ms - -[0m
[0mGET /js/profile.js [36m304[0m 1.839 ms - -[0m
[0mGET /js/layout.js [36m304[0m 10.796 ms - -[0m
[0mGET /images/favicon.ico [36m304[0m 4.757 ms - -[0m
[0mGET /images/favicon.ico [36m304[0m 1.370 ms - -[0m
[0mGET /users/show_all_notes [32m200[0m 51.598 ms - 707[0m
[0mGET /users/show_all_notes [36m304[0m 43.688 ms - -[0m
[0mGET /users/profile [36m304[0m 28.463 ms - -[0m
[0mGET /css/layout.css [32m200[0m 23.855 ms - -[0m
[0mGET /css/_header.css [36m304[0m 11.317 ms - -[0m
[0mGET /css/profile.css [32m200[0m 20.768 ms - 30[0m
[0mGET /js/profile.js [36m304[0m 7.217 ms - -[0m
[0mGET /js/layout.js [36m304[0m 11.522 ms - -[0m
[0mGET /images/favicon.ico [36m304[0m 11.558 ms - -[0m
[0mGET /images/favicon.ico [36m304[0m 1.744 ms - -[0m
[0mGET /users/show_all_notes [36m304[0m 53.679 ms - -[0m
[0mGET /users/show_all_notes [36m304[0m 41.044 ms - -[0m
[0mGET /users/show_all_notes [36m304[0m 37.924 ms - -[0m
[0mGET /users/show_all_notes [36m304[0m 46.896 ms - -[0m
[0mGET /users/show_all_notes [36m304[0m 48.434 ms - -[0m
[0mGET /users/profile [36m304[0m 81.158 ms - -[0m
[0mGET /css/layout.css [32m200[0m 30.316 ms - -[0m
[0mGET /css/profile.css [32m200[0m 31.609 ms - -[0m
[0mGET /css/_header.css [36m304[0m 5.456 ms - -[0m
[0mGET /js/profile.js [36m304[0m 3.882 ms - -[0m
[0mGET /js/layout.js [36m304[0m 5.737 ms - -[0m
[0mGET /images/favicon.ico [36m304[0m 2.789 ms - -[0m
[0mGET /images/favicon.ico [36m304[0m 1.508 ms - -[0m
[0mGET /users/show_all_notes [36m304[0m 50.336 ms - -[0m
[0mGET /users/show_all_notes [36m304[0m 66.849 ms - -[0m
[0mGET /users/show_all_notes [36m304[0m 65.946 ms - -[0m
[0mGET /users/show_all_notes [36m304[0m 40.837 ms - -[0m
[0mGET /users/show_all_notes [36m304[0m 51.405 ms - -[0m
[0mGET /users/show_all_notes [36m304[0m 86.675 ms - -[0m
[0mGET /users/show_all_notes [36m304[0m 49.998 ms - -[0m
[0mGET /users/show_all_notes [36m304[0m 78.620 ms - -[0m
[0mGET /users/show_all_notes [36m304[0m 36.546 ms - -[0m
[0mGET /users/show_all_notes [36m304[0m 34.881 ms - -[0m
[0mGET /users/show_all_notes [36m304[0m 39.359 ms - -[0m
[0mGET /users/show_all_notes [36m304[0m 48.888 ms - -[0m
[0mGET /users/show_all_notes [36m304[0m 45.151 ms - -[0m
[0mGET /users/show_all_notes [36m304[0m 38.933 ms - -[0m
[0mGET /users/show_all_notes [36m304[0m 38.896 ms - -[0m
[0mGET /users/show_all_notes [36m304[0m 40.688 ms - -[0m
[0mGET /users/show_all_notes [36m304[0m 115.698 ms - -[0m
[0mGET /users/show_all_notes [36m304[0m 112.957 ms - -[0m
[0mGET /users/profile [36m304[0m 81.337 ms - -[0m
[0mGET /css/_header.css [36m304[0m 7.694 ms - -[0m
[0mGET /css/layout.css [32m200[0m 38.888 ms - -[0m
[0mGET /css/profile.css [32m200[0m 60.059 ms - -[0m
[0mGET /js/profile.js [36m304[0m 2.504 ms - -[0m
[0mGET /js/layout.js [36m304[0m 2.314 ms - -[0m
[0mGET /images/favicon.ico [36m304[0m 5.648 ms - -[0m
[0mGET /images/favicon.ico [36m304[0m 2.024 ms - -[0m
[0mGET /users/show_all_notes [36m304[0m 55.625 ms - -[0m
[0mGET /users/logout [36m302[0m 31.962 ms - 70[0m
[0mGET /users/signin [32m200[0m 60.589 ms - 2850[0m
[0mGET /css/signin.css [36m304[0m 9.531 ms - -[0m
[0mGET /css/_header.css [36m304[0m 10.824 ms - -[0m
[0mGET /css/layout.css [32m200[0m 33.414 ms - -[0m
[0mGET /js/layout.js [36m304[0m 5.581 ms - -[0m
[0mGET /images/favicon.ico [36m304[0m 8.416 ms - -[0m
[0mGET /images/google.png [36m304[0m 3.288 ms - -[0m
[0mGET /users/profile [32m200[0m 23.192 ms - 2634[0m
[0mGET /css/signin.css [36m304[0m 5.643 ms - -[0m
[0mGET /css/layout.css [36m304[0m 15.292 ms - -[0m
[0mGET /css/_header.css [36m304[0m 9.368 ms - -[0m
[0mGET /js/layout.js [36m304[0m 2.349 ms - -[0m
[0mGET /images/favicon.ico [36m304[0m 4.878 ms - -[0m
[0mGET /images/google.png [36m304[0m 5.825 ms - -[0m
[0mGET /users/auth/google [36m302[0m 8.179 ms - 0[0m
[0mGET /users/auth/google/callback?code=4%2F0AWtgzh7MbFTgTCzuA2l5sBcuEFKHYb-PFzojJrzRp3UAdpyFAvMTOn0fLCVM-bzs-BHzLw&scope=email+profile+https%3A%2F%2Fwww.googleapis.com%2Fauth%2Fuserinfo.email+openid+https%3A%2F%2Fwww.googleapis.com%2Fauth%2Fuserinfo.profile&authuser=0&prompt=none [36m302[0m 1182.854 ms - 72[0m
[0mGET /users/profile [32m200[0m 22.571 ms - 2333[0m
[0mGET /css/layout.css [36m304[0m 10.600 ms - -[0m
[0mGET /css/profile.css [32m200[0m 7.795 ms - 30[0m
[0mGET /css/_header.css [36m304[0m 8.318 ms - -[0m
[0mGET /js/profile.js [36m304[0m 4.949 ms - -[0m
[0mGET /js/layout.js [36m304[0m 1.942 ms - -[0m
[0mGET /images/favicon.ico [36m304[0m 2.072 ms - -[0m
[0mGET /users/show_all_notes [36m304[0m 110.884 ms - -[0m
[0mGET /users/show_all_notes [36m304[0m 53.192 ms - -[0m
[0mGET /users/show_all_notes [36m304[0m 40.195 ms - -[0m
[0mGET /users/show_all_notes [36m304[0m 46.016 ms - -[0m
[0mGET /users/show_all_notes [36m304[0m 40.980 ms - -[0m
[0mGET /users/show_all_notes [36m304[0m 35.727 ms - -[0m
[0mGET /users/show_all_notes [36m304[0m 35.497 ms - -[0m
[0mGET /users/show_all_notes [36m304[0m 52.362 ms - -[0m
[0mGET /users/show_all_notes [36m304[0m 187.391 ms - -[0m
[0mGET /users/profile [32m200[0m 441.094 ms - 2119[0m
[0mGET /css/layout.css [32m200[0m 16.410 ms - -[0m
[0mGET /css/_header.css [36m304[0m 7.544 ms - -[0m
[0mGET /css/profile.css [32m200[0m 14.966 ms - -[0m
[0mGET /js/profile.js [36m304[0m 6.517 ms - -[0m
[0mGET /js/layout.js [36m304[0m 6.650 ms - -[0m
[0mGET /images/favicon.ico [36m304[0m 7.270 ms - -[0m
[0mGET /images/favicon.ico [36m304[0m 1.046 ms - -[0m
[0mGET /users/show_all_notes [36m304[0m 52.073 ms - -[0m
[0mGET /users/show_all_notes [36m304[0m 47.738 ms - -[0m
[0mGET /users/show_all_notes [36m304[0m 63.971 ms - -[0m
[0mGET /users/show_all_notes [36m304[0m 51.319 ms - -[0m
[0mGET /users/show_all_notes [36m304[0m 46.404 ms - -[0m
[0mGET /users/show_all_notes [36m304[0m 43.488 ms - -[0m
[0mGET /users/show_all_notes [36m304[0m 36.498 ms - -[0m
[0mGET /users/show_all_notes [36m304[0m 37.646 ms - -[0m
[0mGET /users/profile [36m304[0m 77.494 ms - -[0m
[0mGET /css/_header.css [36m304[0m 9.555 ms - -[0m
[0mGET /css/profile.css [32m200[0m 76.235 ms - -[0m
[0mGET /css/layout.css [32m200[0m 86.746 ms - -[0m
[0mGET /js/layout.js [36m304[0m 7.786 ms - -[0m
[0mGET /images/favicon.ico [36m304[0m 8.023 ms - -[0m
[0mGET /js/profile.js [32m200[0m 25.136 ms - 1589[0m
[0mGET /images/favicon.ico [36m304[0m 3.371 ms - -[0m
[0mGET /users/show_all_notes [36m304[0m 65.825 ms - -[0m
[0mGET /users/show_all_notes [36m304[0m 46.854 ms - -[0m
[0mGET /users/show_all_notes [36m304[0m 61.412 ms - -[0m
[0mGET /users/show_all_notes [36m304[0m 56.309 ms - -[0m
[0mGET /users/show_all_notes [36m304[0m 34.951 ms - -[0m
[0mGET /users/show_all_notes [36m304[0m 39.673 ms - -[0m
[0mGET /users/show_all_notes [36m304[0m 50.896 ms - -[0m
[0mGET /users/show_all_notes [36m304[0m 38.712 ms - -[0m
[0mGET /users/show_all_notes [36m304[0m 39.595 ms - -[0m
[0mGET /users/show_all_notes [36m304[0m 36.755 ms - -[0m
[0mGET /css/_header.css [36m304[0m 3.245 ms - -[0m
[0mGET /css/layout.css [32m200[0m 24.909 ms - -[0m
[0mGET /css/profile.css [32m200[0m 23.391 ms - 30[0m
[0mGET /users/show_all_notes [36m304[0m 102.850 ms - -[0m
[0mGET /users/profile [36m304[0m 83.811 ms - -[0m
[0mGET /css/layout.css [32m200[0m 21.102 ms - -[0m
[0mGET /css/_header.css [36m304[0m 11.238 ms - -[0m
[0mGET /css/profile.css [32m200[0m 27.227 ms - -[0m
[0mGET /js/layout.js [36m304[0m 6.210 ms - -[0m
[0mGET /js/profile.js [32m200[0m 17.499 ms - 1675[0m
[0mGET /images/favicon.ico [36m304[0m 17.686 ms - -[0m
[0mGET /images/favicon.ico [36m304[0m 1.941 ms - -[0m
[0mGET /users/show_all_notes [36m304[0m 52.754 ms - -[0m
[0mGET /users/profile [36m304[0m 83.964 ms - -[0m
[0mGET /css/layout.css [32m200[0m 33.179 ms - -[0m
[0mGET /css/_header.css [36m304[0m 10.538 ms - -[0m
[0mGET /css/profile.css [32m200[0m 27.676 ms - -[0m
[0mGET /js/profile.js [32m200[0m 8.064 ms - 1207[0m
[0mGET /js/layout.js [36m304[0m 2.337 ms - -[0m
[0mGET /images/favicon.ico [36m304[0m 3.551 ms - -[0m
[0mGET /images/favicon.ico [36m304[0m 1.835 ms - -[0m
[0mGET /users/show_all_notes [36m304[0m 51.052 ms - -[0m
[0mGET /users/show_all_notes [36m304[0m 46.245 ms - -[0m
[0mGET /users/show_all_notes [36m304[0m 67.144 ms - -[0m
[0mGET /users/show_all_notes [36m304[0m 33.335 ms - -[0m
[0mGET /users/profile [36m304[0m 32.517 ms - -[0m
[0mGET /css/layout.css [32m200[0m 12.193 ms - -[0m
[0mGET /css/profile.css [32m200[0m 15.307 ms - 30[0m
[0mGET /css/_header.css [36m304[0m 2.558 ms - -[0m
[0mGET /js/profile.js [36m304[0m 2.390 ms - -[0m
[0mGET /js/layout.js [36m304[0m 2.471 ms - -[0m
[0mGET /images/favicon.ico [36m304[0m 2.820 ms - -[0m
[0mGET /images/favicon.ico [36m304[0m 1.525 ms - -[0m
[0mGET /users/show_all_notes [36m304[0m 34.971 ms - -[0m
[0mGET /users/profile [36m304[0m 23.637 ms - -[0m
[0mGET /css/layout.css [36m304[0m 5.455 ms - -[0m
[0mGET /css/profile.css [36m304[0m 8.661 ms - -[0m
[0mGET /css/_header.css [36m304[0m 2.060 ms - -[0m
[0mGET /js/layout.js [36m304[0m 2.102 ms - -[0m
[0mGET /js/profile.js [36m304[0m 9.082 ms - -[0m
[0mGET /images/favicon.ico [36m304[0m 2.275 ms - -[0m
[0mGET /images/favicon.ico [36m304[0m 1.654 ms - -[0m
[0mGET /users/show_all_notes [36m304[0m 35.860 ms - -[0m
[0mGET /users/profile [36m304[0m 132.616 ms - -[0m
[0mGET /css/_header.css [36m304[0m 13.296 ms - -[0m
[0mGET /css/layout.css [32m200[0m 27.333 ms - -[0m
[0mGET /css/profile.css [32m200[0m 25.770 ms - -[0m
[0mGET /js/layout.js [36m304[0m 6.270 ms - -[0m
[0mGET /images/favicon.ico [36m304[0m 6.476 ms - -[0m
[0mGET /js/profile.js [32m200[0m 16.822 ms - 1717[0m
[0mGET /images/favicon.ico [36m304[0m 3.338 ms - -[0m
[0mGET /users/show_all_notes [36m304[0m 52.412 ms - -[0m
[0mGET /users/signin [32m200[0m 27.156 ms - 2634[0m
[0mGET /users/logout [36m302[0m 31.194 ms - 70[0m
[0mGET /css/signin.css [36m304[0m 8.533 ms - -[0m
[0mGET /css/_header.css [36m304[0m 7.700 ms - -[0m
[0mGET /css/layout.css [32m200[0m 24.443 ms - -[0m
[0mGET /js/layout.js [36m304[0m 5.509 ms - -[0m
[0mGET /images/favicon.ico [36m304[0m 5.055 ms - -[0m
[0mGET /images/google.png [36m304[0m 5.192 ms - -[0m
[0mGET /users/auth/google [36m302[0m 9.474 ms - 0[0m
[0mGET /users/auth/google/callback?code=4%2F0AWtgzh7t-aR7P2s-A1nzzBCJ1V4AqHJks8mGr9a44RAGED0ZaJOYy4NC6LmAAvrrxHcwOQ&scope=email+profile+https%3A%2F%2Fwww.googleapis.com%2Fauth%2Fuserinfo.email+https%3A%2F%2Fwww.googleapis.com%2Fauth%2Fuserinfo.profile+openid&authuser=0&prompt=none [36m302[0m 1652.121 ms - 72[0m
[0mGET /users/profile [32m200[0m 25.377 ms - 2333[0m
[0mGET /css/_header.css [36m304[0m 2.475 ms - -[0m
[0mGET /css/layout.css [36m304[0m 11.761 ms - -[0m
[0mGET /css/profile.css [32m200[0m 12.777 ms - 30[0m
[0mGET /js/profile.js [36m304[0m 2.657 ms - -[0m
[0mGET /js/layout.js [36m304[0m 2.607 ms - -[0m
[0mGET /images/favicon.ico [36m304[0m 2.069 ms - -[0m
[0mGET /users/profile [32m200[0m 87.973 ms - 2119[0m
[0mGET /css/layout.css [32m200[0m 36.391 ms - -[0m
[0mGET /css/profile.css [32m200[0m 34.399 ms - -[0m
[0mGET /css/_header.css [36m304[0m 6.914 ms - -[0m
[0mGET /js/profile.js [36m304[0m 3.894 ms - -[0m
[0mGET /js/layout.js [36m304[0m 8.245 ms - -[0m
[0mGET /images/favicon.ico [36m304[0m 5.044 ms - -[0m
[0mGET /images/favicon.ico [36m304[0m 1.610 ms - -[0m
[0mGET /users/logout [36m302[0m 30.866 ms - 70[0m
[0mGET /users/signin [36m304[0m 27.214 ms - -[0m
[0mGET /css/layout.css [32m200[0m 12.061 ms - -[0m
[0mGET /css/signin.css [36m304[0m 2.665 ms - -[0m
[0mGET /css/_header.css [36m304[0m 2.739 ms - -[0m
[0mGET /js/layout.js [36m304[0m 4.508 ms - -[0m
[0mGET /images/favicon.ico [36m304[0m 8.790 ms - -[0m
[0mGET /images/google.png [36m304[0m 6.642 ms - -[0m
[0mGET /users/auth/google [36m302[0m 12.890 ms - 0[0m
[0mGET /users/auth/google/callback?code=4%2F0AWtgzh4quPcF_K6t2U8nhGepbRkl9MkguW48DwZb08Dlq8zi-Fb7JdbbZgOwsjuAp5ss7A&scope=email+profile+https%3A%2F%2Fwww.googleapis.com%2Fauth%2Fuserinfo.profile+openid+https%3A%2F%2Fwww.googleapis.com%2Fauth%2Fuserinfo.email&authuser=0&prompt=none [36m302[0m 1242.488 ms - 72[0m
[0mGET /users/profile [32m200[0m 26.305 ms - 2333[0m
[0mGET /css/layout.css [36m304[0m 3.616 ms - -[0m
[0mGET /css/_header.css [36m304[0m 2.753 ms - -[0m
[0mGET /css/profile.css [32m200[0m 7.567 ms - 30[0m
[0mGET /js/profile.js [36m304[0m 7.979 ms - -[0m
[0mGET /js/layout.js [36m304[0m 4.125 ms - -[0m
[0mGET /images/favicon.ico [36m304[0m 4.432 ms - -[0m
[0mGET /users/logout [36m302[0m 65.689 ms - 70[0m
[0mGET /users/signin [36m304[0m 48.840 ms - -[0m
[0mGET /css/signin.css [36m304[0m 18.651 ms - -[0m
[0mGET /css/_header.css [36m304[0m 19.345 ms - -[0m
[0mGET /css/layout.css [32m200[0m 41.907 ms - -[0m
[0mGET /js/layout.js [36m304[0m 2.476 ms - -[0m
[0mGET /images/favicon.ico [36m304[0m 4.477 ms - -[0m
[0mGET /images/google.png [36m304[0m 2.270 ms - -[0m
[0mGET /users/signup [36m304[0m 28.941 ms - -[0m
[0mGET /css/layout.css [32m200[0m 16.102 ms - -[0m
[0mGET /css/signin.css [36m304[0m 2.924 ms - -[0m
[0mGET /css/_header.css [36m304[0m 6.072 ms - -[0m
[0mGET /js/layout.js [36m304[0m 4.216 ms - -[0m
[0mGET /images/favicon.ico [36m304[0m 8.596 ms - -[0m
[0mGET /images/google.png [36m304[0m 9.886 ms - -[0m
[0mPOST /users/create [36m302[0m 1089.058 ms - 70[0m
[0mGET /users/signin [36m304[0m 17.893 ms - -[0m
[0mGET /css/layout.css [36m304[0m 3.716 ms - -[0m
[0mGET /css/signin.css [36m304[0m 4.330 ms - -[0m
[0mGET /css/_header.css [36m304[0m 3.655 ms - -[0m
[0mGET /js/layout.js [36m304[0m 2.089 ms - -[0m
[0mGET /images/favicon.ico [36m304[0m 2.360 ms - -[0m
[0mGET /images/google.png [36m304[0m 2.509 ms - -[0m
[0mPOST /users/create_session [36m302[0m 689.081 ms - 72[0m
[0mGET /users/profile [36m304[0m 30.037 ms - -[0m
[0mGET /css/layout.css [36m304[0m 3.980 ms - -[0m
[0mGET /css/_header.css [36m304[0m 2.285 ms - -[0m
[0mGET /css/profile.css [32m200[0m 19.361 ms - -[0m
[0mGET /js/profile.js [36m304[0m 3.264 ms - -[0m
[0mGET /js/layout.js [36m304[0m 5.498 ms - -[0m
[0mGET /images/favicon.ico [36m304[0m 3.873 ms - -[0m
[0mGET /users/profile [32m200[0m 126.960 ms - 2634[0m
[0mGET /css/signin.css [36m304[0m 24.157 ms - -[0m
[0mGET /css/_header.css [36m304[0m 18.145 ms - -[0m
[0mGET /js/layout.js [36m304[0m 6.793 ms - -[0m
[0mGET /images/favicon.ico [36m304[0m 4.976 ms - -[0m
[0mGET /images/google.png [36m304[0m 2.663 ms - -[0m
[0mGET /css/layout.css [32m200[0m 62.397 ms - -[0m
[0mGET /images/favicon.ico [36m304[0m 1.499 ms - -[0m
[0mGET /users/profile [36m304[0m 22.687 ms - -[0m
[0mGET /css/layout.css [32m200[0m 18.697 ms - -[0m
[0mGET /css/signin.css [36m304[0m 18.973 ms - -[0m
[0mGET /css/_header.css [36m304[0m 18.640 ms - -[0m
[0mGET /js/layout.js [36m304[0m 2.991 ms - -[0m
[0mGET /images/favicon.ico [36m304[0m 5.867 ms - -[0m
[0mGET /images/google.png [36m304[0m 6.198 ms - -[0m
[0mGET /users/signup [36m304[0m 36.660 ms - -[0m
[0mGET /css/signin.css [36m304[0m 3.831 ms - -[0m
[0mGET /css/_header.css [36m304[0m 4.987 ms - -[0m
[0mGET /css/layout.css [36m304[0m 12.414 ms - -[0m
[0mGET /js/layout.js [36m304[0m 5.733 ms - -[0m
[0mGET /images/favicon.ico [36m304[0m 3.241 ms - -[0m
[0mGET /images/google.png [36m304[0m 3.810 ms - -[0m
[0mPOST /users/create [36m302[0m 983.485 ms - 70[0m
[0mGET /users/signin [36m304[0m 29.922 ms - -[0m
[0mGET /css/layout.css [36m304[0m 11.028 ms - -[0m
[0mGET /css/signin.css [36m304[0m 8.317 ms - -[0m
[0mGET /css/_header.css [36m304[0m 11.420 ms - -[0m
[0mGET /js/layout.js [36m304[0m 5.868 ms - -[0m
[0mGET /images/favicon.ico [36m304[0m 7.427 ms - -[0m
[0mGET /images/google.png [36m304[0m 3.492 ms - -[0m
[0mGET /users/auth/google [36m302[0m 11.338 ms - 0[0m
[0mGET /users/auth/google/callback?code=4%2F0AWtgzh5AjXCA8YyU8vSV46xHAPitCvDpdfk9eEjK8j9KJ1RLFzxpvEzMIysO_yNE6tOCpg&scope=email+profile+https%3A%2F%2Fwww.googleapis.com%2Fauth%2Fuserinfo.profile+openid+https%3A%2F%2Fwww.googleapis.com%2Fauth%2Fuserinfo.email&authuser=0&prompt=none [36m302[0m 1173.231 ms - 72[0m
[0mGET /users/profile [32m200[0m 25.600 ms - 2333[0m
[0mGET /css/layout.css [36m304[0m 5.625 ms - -[0m
[0mGET /css/_header.css [36m304[0m 6.486 ms - -[0m
[0mGET /css/profile.css [32m200[0m 24.015 ms - -[0m
[0mGET /js/profile.js [36m304[0m 5.186 ms - -[0m
[0mGET /js/layout.js [36m304[0m 3.319 ms - -[0m
[0mGET /images/favicon.ico [36m304[0m 5.857 ms - -[0m
[0mGET /users/upload_notes_page [36m304[0m 39.306 ms - -[0m
[0mGET /css/layout.css [36m304[0m 11.313 ms - -[0m
[0mGET /css/upload_notes.css [36m304[0m 12.804 ms - -[0m
[0mGET /js/layout.js [36m304[0m 2.406 ms - -[0m
[0mGET /css/_header.css [36m304[0m 7.664 ms - -[0m
[0mGET /images/favicon.ico [36m304[0m 4.287 ms - -[0m
[0mPOST /users/upload_notes [36m302[0m 24.963 ms - 58[0m
[0mGET /users/profile [32m200[0m 42.694 ms - 2340[0m
[0mGET /css/layout.css [36m304[0m 15.255 ms - -[0m
[0mGET /css/_header.css [36m304[0m 6.636 ms - -[0m
[0mGET /css/profile.css [32m200[0m 22.825 ms - 30[0m
[0mGET /js/profile.js [36m304[0m 7.617 ms - -[0m
[0mGET /js/layout.js [36m304[0m 6.668 ms - -[0m
[0mGET /images/favicon.ico [36m304[0m 6.810 ms - -[0m
[0mGET /users/show_all_notes [32m200[0m 166.212 ms - 269[0m
[0mGET /users/show_single_notes/DBMS2.pdf_1675184024612 [32m200[0m 307.006 ms - 2334[0m
[0mGET /css/notes.css [36m304[0m 4.403 ms - -[0m
[0mGET /css/layout.css [36m304[0m 12.021 ms - -[0m
[0mGET /css/_header.css [36m304[0m 4.890 ms - -[0m
[0mGET /js/notes.js [36m304[0m 1.696 ms - -[0m
[0mGET /js/layout.js [36m304[0m 9.380 ms - -[0m
[0mGET /images/favicon.ico [36m304[0m 1.646 ms - -[0m
[0mGET /uploads/notes/DBMS2.pdf_1675184024612 [33m404[0m 36.881 ms - 176[0m
[0mGET /users/get_number_of_likes/DBMS2.pdf_1675184024612 [32m200[0m 231.809 ms - 21[0m
[0mGET /users/get_all_comments/DBMS2.pdf_1675184024612 [32m200[0m 260.781 ms - 2[0m
[0mGET /users/show_single_notes/DBMS2.pdf_1675184024612 [36m304[0m 50.396 ms - -[0m
[0mPUT /users/like_notes/DBMS2.pdf_1675184024612 [0m-[0m - ms - -[0m
[0mGET /js/notes.js [36m304[0m 8.697 ms - -[0m
[0mGET /css/notes.css [36m304[0m 19.948 ms - -[0m
[0mGET /css/_header.css [36m304[0m 22.585 ms - -[0m
[0mGET /js/layout.js [36m304[0m 16.647 ms - -[0m
[0mGET /images/favicon.ico [36m304[0m 13.833 ms - -[0m
[0mGET /css/layout.css [36m304[0m 70.946 ms - -[0m
[0mGET /users/get_number_of_likes/DBMS2.pdf_1675184024612 [32m200[0m 61.231 ms - 21[0m
[0mGET /uploads/notes/DBMS2.pdf_1675184024612 [33m404[0m 62.465 ms - 176[0m
[0mGET /users/get_all_comments/DBMS2.pdf_1675184024612 [36m304[0m 93.078 ms - -[0m
[0mGET /images/favicon.ico [36m304[0m 1.778 ms - -[0m
[0mGET /users/show_single_notes/DBMS2.pdf_1675184024612 [36m304[0m 59.480 ms - -[0m
[0mPOST /users//new_note_comment [0m-[0m - ms - -[0m
[0mPOST /users//new_note_comment [0m-[0m - ms - -[0m
[0mGET /css/layout.css [36m304[0m 12.134 ms - -[0m
[0mGET /css/notes.css [36m304[0m 11.665 ms - -[0m
[0mGET /css/_header.css [36m304[0m 5.670 ms - -[0m
[0mGET /js/notes.js [36m304[0m 5.317 ms - -[0m
[0mGET /js/layout.js [36m304[0m 3.561 ms - -[0m
[0mGET /images/favicon.ico [36m304[0m 2.689 ms - -[0m
[0mGET /uploads/notes/DBMS2.pdf_1675184024612 [33m404[0m 41.444 ms - 176[0m
[0mGET /users/get_number_of_likes/DBMS2.pdf_1675184024612 [36m304[0m 107.242 ms - -[0m
[0mGET /users/get_all_comments/DBMS2.pdf_1675184024612 [32m200[0m 198.699 ms - 146[0m
[0mGET /images/favicon.ico [36m304[0m 6.862 ms - -[0m
[0mGET /users/profile [32m200[0m 24.862 ms - 2119[0m
[0mGET /css/layout.css [36m304[0m 10.260 ms - -[0m
[0mGET /css/profile.css [36m304[0m 9.371 ms - -[0m
[0mGET /css/_header.css [36m304[0m 5.824 ms - -[0m
[0mGET /js/profile.js [36m304[0m 6.069 ms - -[0m
[0mGET /js/layout.js [36m304[0m 2.502 ms - -[0m
[0mGET /images/favicon.ico [36m304[0m 3.091 ms - -[0m
[0mGET /users/show_all_notes [32m200[0m 29.920 ms - 374[0m
[0mGET /users/profile [36m304[0m 113.935 ms - -[0m
[0mGET /css/layout.css [32m200[0m 41.042 ms - -[0m
[0mGET /css/profile.css [32m200[0m 30.434 ms - -[0m
[0mGET /css/_header.css [36m304[0m 18.361 ms - -[0m
[0mGET /js/profile.js [36m304[0m 18.022 ms - -[0m
[0mGET /js/layout.js [36m304[0m 24.938 ms - -[0m
[0mGET /images/favicon.ico [36m304[0m 15.229 ms - -[0m
[0mGET /images/favicon.ico [36m304[0m 10.927 ms - -[0m
[0mGET /users/signup [36m304[0m 42.487 ms - -[0m
[0mGET /css/signin.css [36m304[0m 9.249 ms - -[0m
[0mGET /css/_header.css [36m304[0m 9.845 ms - -[0m
[0mGET /css/layout.css [32m200[0m 33.728 ms - -[0m
[0mGET /js/layout.js [36m304[0m 4.856 ms - -[0m
[0mGET /images/favicon.ico [36m304[0m 5.071 ms - -[0m
[0mGET /images/google.png [36m304[0m 1.697 ms - -[0m
[0mGET /users/logout [36m302[0m 31.036 ms - 70[0m
[0mGET /users/signin [32m200[0m 46.419 ms - 2850[0m
[0mGET /css/layout.css [36m304[0m 13.323 ms - -[0m
[0mGET /css/signin.css [36m304[0m 3.409 ms - -[0m
[0mGET /css/_header.css [36m304[0m 6.949 ms - -[0m
[0mGET /js/layout.js [36m304[0m 3.649 ms - -[0m
[0mGET /images/favicon.ico [36m304[0m 6.368 ms - -[0m
[0mGET /images/google.png [36m304[0m 1.799 ms - -[0m
[0mGET /users/signup [36m304[0m 40.566 ms - -[0m
[0mGET /css/layout.css [36m304[0m 5.365 ms - -[0m
[0mGET /css/signin.css [36m304[0m 5.146 ms - -[0m
[0mGET /css/_header.css [36m304[0m 6.096 ms - -[0m
[0mGET /js/layout.js [36m304[0m 5.243 ms - -[0m
[0mGET /images/favicon.ico [36m304[0m 7.653 ms - -[0m
[0mGET /images/google.png [36m304[0m 1.724 ms - -[0m
[0mPOST /users/create [36m302[0m 890.561 ms - 70[0m
[0mGET /users/signin [32m200[0m 24.156 ms - 2634[0m
[0mGET /css/layout.css [36m304[0m 12.744 ms - -[0m
[0mGET /css/signin.css [36m304[0m 9.218 ms - -[0m
[0mGET /css/_header.css [36m304[0m 4.199 ms - -[0m
[0mGET /js/layout.js [36m304[0m 3.574 ms - -[0m
[0mGET /images/favicon.ico [36m304[0m 9.401 ms - -[0m
[0mGET /images/google.png [36m304[0m 1.601 ms - -[0m
[0mGET /users/forget_password [36m304[0m 33.368 ms - -[0m
[0mGET /css/layout.css [36m304[0m 7.866 ms - -[0m
[0mGET /css/signin.css [36m304[0m 9.507 ms - -[0m
[0mGET /css/_header.css [36m304[0m 9.807 ms - -[0m
[0mGET /images/favicon.ico [36m304[0m 1.989 ms - -[0m
[0mGET /js/layout.js [36m304[0m 2.012 ms - -[0m
[0mPOST /users/forget_password [36m302[0m 61.920 ms - 70[0m
[0mGET /users/signin [32m200[0m 16.822 ms - 2852[0m
[0mGET /css/layout.css [36m304[0m 3.841 ms - -[0m
[0mGET /css/signin.css [36m304[0m 5.835 ms - -[0m
[0mGET /css/_header.css [36m304[0m 2.173 ms - -[0m
[0mGET /images/favicon.ico [36m304[0m 2.811 ms - -[0m
[0mGET /images/google.png [36m304[0m 5.011 ms - -[0m
[0mGET /js/layout.js [36m304[0m 3.932 ms - -[0m
[0mGET /users/forget_password [32m200[0m 62.214 ms - 2205[0m
[0mGET /css/signin.css [36m304[0m 28.628 ms - -[0m
[0mGET /css/_header.css [36m304[0m 26.795 ms - -[0m
[0mGET /css/layout.css [32m200[0m 46.219 ms - -[0m
[0mGET /js/layout.js [36m304[0m 3.364 ms - -[0m
[0mGET /images/favicon.ico [36m304[0m 2.256 ms - -[0m
[0mPOST /users/forget_password [36m302[0m 132.308 ms - 70[0m
[0mGET /users/signin [36m304[0m 32.749 ms - -[0m
[0mGET /css/layout.css [32m200[0m 12.413 ms - -[0m
[0mGET /css/signin.css [36m304[0m 3.683 ms - -[0m
[0mGET /css/_header.css [36m304[0m 2.202 ms - -[0m
[0mGET /js/layout.js [36m304[0m 4.601 ms - -[0m
[0mGET /images/favicon.ico [36m304[0m 3.694 ms - -[0m
[0mGET /images/google.png [36m304[0m 5.131 ms - -[0m
