[0mGET /users/profile [36m304[0m 17.485 ms - -[0m
[0mGET /css/layout.css [36m304[0m 9.982 ms - -[0m
[0mGET /css/profile.css [36m304[0m 9.511 ms - -[0m
[0mGET /css/_header.css [36m304[0m 5.093 ms - -[0m
[0mGET /css/_footer.css [36m304[0m 2.152 ms - -[0m
[0mGET /js/profile.js [36m304[0m 2.149 ms - -[0m
[0mGET /js/layout.js [36m304[0m 1.688 ms - -[0m
[0mGET /images/favicon.ico [36m304[0m 1.356 ms - -[0m
[0mGET /users/profile [32m200[0m 136.987 ms - 2097[0m
[0mGET /css/_header.css [36m304[0m 5.960 ms - -[0m
[0mGET /css/layout.css [32m200[0m 69.179 ms - -[0m
[0mGET /js/profile.js [36m304[0m 13.161 ms - -[0m
[0mGET /js/layout.js [36m304[0m 11.663 ms - -[0m
[0mGET /images/favicon.ico [36m304[0m 14.592 ms - -[0m
[0mGET /css/_footer.css [36m304[0m 45.445 ms - -[0m
[0mGET /css/profile.css [32m200[0m 185.841 ms - -[0m
[0mGET /images/favicon.ico [36m304[0m 2.202 ms - -[0m
[0mGET /users/profile [36m304[0m 48.496 ms - -[0m
[0mGET /css/_header.css [36m304[0m 5.716 ms - -[0m
[0mGET /css/layout.css [32m200[0m 27.541 ms - -[0m
[0mGET /css/profile.css [32m200[0m 35.965 ms - 30[0m
[0mGET /css/_footer.css [36m304[0m 2.688 ms - -[0m
[0mGET /js/profile.js [36m304[0m 1.671 ms - -[0m
[0mGET /js/layout.js [36m304[0m 12.900 ms - -[0m
[0mGET /images/favicon.ico [36m304[0m 12.920 ms - -[0m
[0mGET /images/favicon.ico [36m304[0m 2.454 ms - -[0m
